C:\Program Files (x86)\Microsoft Visual Studio\2019\Community\MSBuild\Microsoft\VC\v160\Microsoft.CppBuild.targets(513,5): warning MSB8028: The intermediate directory (x64\Debug\) contains files shared from another project (Several MIDI Note Filtering Methods.vcxproj).  This can lead to incorrect clean and rebuild behavior.
  0 File(s) copied
  main.cpp
D:\Projects\Audio Splitter App\3 - C++ Notation\Creating MIDI Format\Several MIDI Note Filtering Methods\Headers\minimp3_ex.h(274,65): warning C4267: 'argument': conversion from 'size_t' to 'int', possible loss of data
D:\Projects\Audio Splitter App\3 - C++ Notation\Creating MIDI Format\Several MIDI Note Filtering Methods\Headers\minimp3_ex.h(355,99): warning C4267: 'argument': conversion from 'size_t' to 'int', possible loss of data
D:\Projects\Audio Splitter App\3 - C++ Notation\Creating MIDI Format\Several MIDI Note Filtering Methods\Headers\minimp3_ex.h(360,79): warning C4267: 'argument': conversion from 'size_t' to 'int', possible loss of data
D:\Projects\Audio Splitter App\3 - C++ Notation\Creating MIDI Format\Several MIDI Note Filtering Methods\Headers\minimp3_ex.h(441,124): warning C4267: 'argument': conversion from 'size_t' to 'int', possible loss of data
D:\Projects\Audio Splitter App\3 - C++ Notation\Creating MIDI Format\Several MIDI Note Filtering Methods\Headers\minimp3_ex.h(445,134): warning C4267: 'argument': conversion from 'size_t' to 'int', possible loss of data
D:\Projects\Audio Splitter App\3 - C++ Notation\Creating MIDI Format\Several MIDI Note Filtering Methods\Headers\minimp3_ex.h(469,32): warning C4267: '-=': conversion from 'size_t' to 'int', possible loss of data
D:\Projects\Audio Splitter App\3 - C++ Notation\Creating MIDI Format\Several MIDI Note Filtering Methods\Headers\minimp3_ex.h(470,32): warning C4267: '-=': conversion from 'size_t' to 'int', possible loss of data
D:\Projects\Audio Splitter App\3 - C++ Notation\Creating MIDI Format\Several MIDI Note Filtering Methods\Headers\minimp3_ex.h(495,57): warning C4267: '=': conversion from 'size_t' to 'int', possible loss of data
D:\Projects\Audio Splitter App\3 - C++ Notation\Creating MIDI Format\Several MIDI Note Filtering Methods\Headers\minimp3_ex.h(513,79): warning C4267: 'argument': conversion from 'size_t' to 'int', possible loss of data
D:\Projects\Audio Splitter App\3 - C++ Notation\Creating MIDI Format\Several MIDI Note Filtering Methods\Headers\minimp3_ex.h(572,99): warning C4267: 'argument': conversion from 'size_t' to 'int', possible loss of data
D:\Projects\Audio Splitter App\3 - C++ Notation\Creating MIDI Format\Several MIDI Note Filtering Methods\Headers\minimp3_ex.h(665,127): warning C4267: 'argument': conversion from 'size_t' to 'int', possible loss of data
D:\Projects\Audio Splitter App\3 - C++ Notation\Creating MIDI Format\Several MIDI Note Filtering Methods\Headers\minimp3_ex.h(821,29): warning C4244: '=': conversion from 'uint64_t' to 'int', possible loss of data
D:\Projects\Audio Splitter App\3 - C++ Notation\Creating MIDI Format\Several MIDI Note Filtering Methods\Headers\minimp3_ex.h(893,140): warning C4267: 'argument': conversion from 'size_t' to 'int', possible loss of data
D:\Projects\Audio Splitter App\3 - C++ Notation\Creating MIDI Format\Several MIDI Note Filtering Methods\Headers\minimp3_ex.h(901,76): warning C4244: 'argument': conversion from 'uint64_t' to 'int', possible loss of data
D:\Projects\Audio Splitter App\3 - C++ Notation\Creating MIDI Format\Several MIDI Note Filtering Methods\Headers\minimp3_ex.h(916,45): warning C4267: '+=': conversion from 'size_t' to 'int', possible loss of data
D:\Projects\Audio Splitter App\3 - C++ Notation\Creating MIDI Format\Several MIDI Note Filtering Methods\Headers\minimp3_ex.h(917,37): warning C4267: '-=': conversion from 'size_t' to 'int', possible loss of data
D:\Projects\Audio Splitter App\3 - C++ Notation\Creating MIDI Format\Several MIDI Note Filtering Methods\Headers\minimp3_ex.h(943,40): warning C4267: '+=': conversion from 'size_t' to 'int', possible loss of data
D:\Projects\Audio Splitter App\3 - C++ Notation\Creating MIDI Format\Several MIDI Note Filtering Methods\main.cpp(50,101): warning C4267: 'argument': conversion from 'size_t' to 'int', possible loss of data
D:\Projects\Audio Splitter App\3 - C++ Notation\Creating MIDI Format\Several MIDI Note Filtering Methods\main.cpp(67,45): warning C4267: 'initializing': conversion from 'size_t' to 'int', possible loss of data
D:\Projects\Audio Splitter App\3 - C++ Notation\Creating MIDI Format\Several MIDI Note Filtering Methods\main.cpp(85,43): warning C4267: 'initializing': conversion from 'size_t' to 'int', possible loss of data
D:\Projects\Audio Splitter App\3 - C++ Notation\Creating MIDI Format\Several MIDI Note Filtering Methods\main.cpp(128,54): warning C4267: 'initializing': conversion from 'size_t' to 'int', possible loss of data
D:\Projects\Audio Splitter App\3 - C++ Notation\Creating MIDI Format\Several MIDI Note Filtering Methods\main.cpp(181,44): warning C4267: 'initializing': conversion from 'size_t' to 'int', possible loss of data
D:\Projects\Audio Splitter App\3 - C++ Notation\Creating MIDI Format\Several MIDI Note Filtering Methods\main.cpp(182,48): warning C4267: 'initializing': conversion from 'size_t' to 'int', possible loss of data
D:\Projects\Audio Splitter App\3 - C++ Notation\Creating MIDI Format\Several MIDI Note Filtering Methods\main.cpp(191,17): warning C4244: 'initializing': conversion from 'float' to 'int', possible loss of data
C:\Program Files (x86)\Microsoft Visual Studio\2019\Community\VC\Tools\MSVC\14.29.30133\include\xmemory(714,47): warning C4244: 'initializing': conversion from 'double' to '_Objty', possible loss of data
          with
          [
              _Objty=float
          ]
C:\Program Files (x86)\Microsoft Visual Studio\2019\Community\VC\Tools\MSVC\14.29.30133\include\xmemory(1610): message : see reference to function template instantiation 'void std::_Default_allocator_traits<_Alloc>::construct<_Ty,double&>(_Alloc &,_Objty *const ,double &)' being compiled
          with
          [
              _Alloc=std::allocator<float>,
              _Ty=float,
              _Objty=float
          ]
C:\Program Files (x86)\Microsoft Visual Studio\2019\Community\VC\Tools\MSVC\14.29.30133\include\xmemory(1611): message : see reference to function template instantiation 'void std::_Default_allocator_traits<_Alloc>::construct<_Ty,double&>(_Alloc &,_Objty *const ,double &)' being compiled
          with
          [
              _Alloc=std::allocator<float>,
              _Ty=float,
              _Objty=float
          ]
C:\Program Files (x86)\Microsoft Visual Studio\2019\Community\VC\Tools\MSVC\14.29.30133\include\xmemory(1651): message : see reference to function template instantiation 'void std::_Uninitialized_backout_al<_Alloc>::_Emplace_back<double&>(double &)' being compiled
          with
          [
              _Alloc=std::allocator<float>
          ]
C:\Program Files (x86)\Microsoft Visual Studio\2019\Community\VC\Tools\MSVC\14.29.30133\include\xmemory(1651): message : see reference to function template instantiation 'void std::_Uninitialized_backout_al<_Alloc>::_Emplace_back<double&>(double &)' being compiled
          with
          [
              _Alloc=std::allocator<float>
          ]
C:\Program Files (x86)\Microsoft Visual Studio\2019\Community\VC\Tools\MSVC\14.29.30133\include\vector(1654): message : see reference to function template instantiation 'float *std::_Uninitialized_copy<_Iter,std::allocator<float>>(const _InIt,const _InIt,float *,_Alloc &)' being compiled
          with
          [
              _Iter=double *,
              _InIt=double *,
              _Alloc=std::allocator<float>
          ]
C:\Program Files (x86)\Microsoft Visual Studio\2019\Community\VC\Tools\MSVC\14.29.30133\include\vector(530): message : see reference to function template instantiation 'float *std::vector<float,std::allocator<float>>::_Ucopy<_Iter>(_Iter,_Iter,float *)' being compiled
          with
          [
              _Iter=double *
          ]
C:\Program Files (x86)\Microsoft Visual Studio\2019\Community\VC\Tools\MSVC\14.29.30133\include\vector(530): message : see reference to function template instantiation 'float *std::vector<float,std::allocator<float>>::_Ucopy<_Iter>(_Iter,_Iter,float *)' being compiled
          with
          [
              _Iter=double *
          ]
C:\Program Files (x86)\Microsoft Visual Studio\2019\Community\VC\Tools\MSVC\14.29.30133\include\vector(542): message : see reference to function template instantiation 'void std::vector<float,std::allocator<float>>::_Range_construct_or_tidy<double*>(_Iter,_Iter,std::forward_iterator_tag)' being compiled
          with
          [
              _Iter=double *
          ]
C:\Program Files (x86)\Microsoft Visual Studio\2019\Community\VC\Tools\MSVC\14.29.30133\include\vector(542): message : see reference to function template instantiation 'void std::vector<float,std::allocator<float>>::_Range_construct_or_tidy<double*>(_Iter,_Iter,std::forward_iterator_tag)' being compiled
          with
          [
              _Iter=double *
          ]
D:\Projects\Audio Splitter App\3 - C++ Notation\Creating MIDI Format\Several MIDI Note Filtering Methods\main.cpp(135): message : see reference to function template instantiation 'std::vector<float,std::allocator<float>>::vector<std::_Vector_iterator<std::_Vector_val<std::_Simple_types<_Ty>>>,0>(_Iter,_Iter,const _Alloc &)' being compiled
          with
          [
              _Ty=double,
              _Iter=std::_Vector_iterator<std::_Vector_val<std::_Simple_types<double>>>,
              _Alloc=std::allocator<float>
          ]
D:\Projects\Audio Splitter App\3 - C++ Notation\Creating MIDI Format\Several MIDI Note Filtering Methods\main.cpp(135): message : see reference to function template instantiation 'std::vector<float,std::allocator<float>>::vector<std::_Vector_iterator<std::_Vector_val<std::_Simple_types<_Ty>>>,0>(_Iter,_Iter,const _Alloc &)' being compiled
          with
          [
              _Ty=double,
              _Iter=std::_Vector_iterator<std::_Vector_val<std::_Simple_types<double>>>,
              _Alloc=std::allocator<float>
          ]
D:\Projects\Audio Splitter App\3 - C++ Notation\Creating MIDI Format\Several MIDI Note Filtering Methods\main.cpp(46): warning C4715: 'loadAudioSamples': not all control paths return a value
  Several MIDI Note Filtering Methods.vcxproj -> D:\Projects\Audio Splitter App\3 - C++ Notation\Creating MIDI Format\x64\Debug\Creating MIDI Format.exe
