  audio.cpp
D:\Projects\Audio Splitter App\2 - Main Project\Audio Seperator and Notation Viewer Main Project\Headers\minimp3_ex.h(405,60): warning C4244: '+=': conversion from 'uint64_t' to 'size_t', possible loss of data
D:\Projects\Audio Splitter App\2 - Main Project\Audio Seperator and Notation Viewer Main Project\Headers\minimp3_ex.h(485,25): warning C4244: '=': conversion from 'uint64_t' to 'size_t', possible loss of data
D:\Projects\Audio Splitter App\2 - Main Project\Audio Seperator and Notation Viewer Main Project\Headers\minimp3_ex.h(755,95): warning C4244: 'argument': conversion from 'uint64_t' to 'size_t', possible loss of data
D:\Projects\Audio Splitter App\2 - Main Project\Audio Seperator and Notation Viewer Main Project\Headers\minimp3_ex.h(821,29): warning C4244: '=': conversion from 'uint64_t' to 'int', possible loss of data
D:\Projects\Audio Splitter App\2 - Main Project\Audio Seperator and Notation Viewer Main Project\Headers\minimp3_ex.h(901,76): warning C4244: 'argument': conversion from 'uint64_t' to 'int', possible loss of data
D:\Projects\Audio Splitter App\2 - Main Project\Audio Seperator and Notation Viewer Main Project\Headers\minimp3_ex.h(939,49): warning C4244: '=': conversion from 'uint64_t' to 'size_t', possible loss of data
D:\Projects\Audio Splitter App\2 - Main Project\Audio Seperator and Notation Viewer Main Project\Headers\minimp3_ex.h(1176,23): warning C4244: '=': conversion from 'LONGLONG' to 'size_t', possible loss of data
D:\Projects\Audio Splitter App\2 - Main Project\Audio Seperator and Notation Viewer Main Project\Headers\minimp3_ex.h(1181,85): warning C4244: 'argument': conversion from 'LONGLONG' to 'SIZE_T', possible loss of data
D:\Projects\Audio Splitter App\2 - Main Project\Audio Seperator and Notation Viewer Main Project\Headers\NeuralNetwork.h(127): warning C4091: 'static ': ignored on left of 'NeuralNetwork::randomMethodConfig' when no variable is declared
D:\Projects\Audio Splitter App\2 - Main Project\Audio Seperator and Notation Viewer Main Project\Headers\NeuralNetwork.h(171): warning C4091: 'static ': ignored on left of 'NeuralNetwork::Node' when no variable is declared
D:\Projects\Audio Splitter App\2 - Main Project\Audio Seperator and Notation Viewer Main Project\Headers\NeuralNetwork.h(188): warning C4091: 'static ': ignored on left of 'NeuralNetwork::Bias' when no variable is declared
D:\Projects\Audio Splitter App\2 - Main Project\Audio Seperator and Notation Viewer Main Project\audio.cpp(138,71): warning C4244: 'argument': conversion from '_Ty' to 'float', possible loss of data
          with
          [
              _Ty=double
          ]
D:\Projects\Audio Splitter App\2 - Main Project\Audio Seperator and Notation Viewer Main Project\audio.cpp(155,20): warning C4018: '<': signed/unsigned mismatch
D:\Projects\Audio Splitter App\2 - Main Project\Audio Seperator and Notation Viewer Main Project\audio.cpp(165,21): warning C4018: '<': signed/unsigned mismatch
D:\Projects\Audio Splitter App\2 - Main Project\Audio Seperator and Notation Viewer Main Project\audio.cpp(185,20): warning C4018: '<': signed/unsigned mismatch
D:\Projects\Audio Splitter App\2 - Main Project\Audio Seperator and Notation Viewer Main Project\audio.cpp(230,26): warning C4244: 'initializing': conversion from 'double' to 'float', possible loss of data
D:\Projects\Audio Splitter App\2 - Main Project\Audio Seperator and Notation Viewer Main Project\audio.cpp(244,26): warning C4244: 'initializing': conversion from 'double' to 'int16_t', possible loss of data
D:\Projects\Audio Splitter App\2 - Main Project\Audio Seperator and Notation Viewer Main Project\audio.cpp(255,20): warning C4018: '<': signed/unsigned mismatch
D:\Projects\Audio Splitter App\2 - Main Project\Audio Seperator and Notation Viewer Main Project\audio.cpp(256,45): warning C4244: '=': conversion from 'double' to '_Ty', possible loss of data
          with
          [
              _Ty=int16_t
          ]
D:\Projects\Audio Splitter App\2 - Main Project\Audio Seperator and Notation Viewer Main Project\audio.cpp(309,20): warning C4018: '<': signed/unsigned mismatch
D:\Projects\Audio Splitter App\2 - Main Project\Audio Seperator and Notation Viewer Main Project\audio.cpp(313,21): warning C4018: '<': signed/unsigned mismatch
D:\Projects\Audio Splitter App\2 - Main Project\Audio Seperator and Notation Viewer Main Project\audio.cpp(318,21): warning C4018: '<': signed/unsigned mismatch
D:\Projects\Audio Splitter App\2 - Main Project\Audio Seperator and Notation Viewer Main Project\audio.cpp(344,17): warning C4244: 'initializing': conversion from 'float' to 'int', possible loss of data
D:\Projects\Audio Splitter App\2 - Main Project\Audio Seperator and Notation Viewer Main Project\audio.cpp(410,29): warning C4309: 'initializing': truncation of constant value
D:\Projects\Audio Splitter App\2 - Main Project\Audio Seperator and Notation Viewer Main Project\audio.cpp(411,34): warning C4309: 'initializing': truncation of constant value
D:\Projects\Audio Splitter App\2 - Main Project\Audio Seperator and Notation Viewer Main Project\audio.cpp(535,18): warning C4244: 'initializing': conversion from 'float' to 'int', possible loss of data
D:\Projects\Audio Splitter App\2 - Main Project\Audio Seperator and Notation Viewer Main Project\audio.cpp(539,20): warning C4244: 'initializing': conversion from 'double' to 'ALshort', possible loss of data
D:\Projects\Audio Splitter App\2 - Main Project\Audio Seperator and Notation Viewer Main Project\audio.cpp(540,26): warning C4244: 'initializing': conversion from 'double' to 'ALshort', possible loss of data
C:\Program Files (x86)\Microsoft Visual Studio\2019\Community\VC\Tools\MSVC\14.29.30133\include\utility(249,61): warning C4244: 'initializing': conversion from '_Ty' to '_Ty2', possible loss of data
          with
          [
              _Ty=double
          ]
          and
          [
              _Ty2=float
          ]
D:\Projects\Audio Splitter App\2 - Main Project\Audio Seperator and Notation Viewer Main Project\audio.cpp(146): message : see reference to function template instantiation 'std::pair<std::vector<std::vector<float,std::allocator<float>>,std::allocator<std::vector<float,std::allocator<float>>>>,float>::pair<std::vector<std::vector<float,std::allocator<float>>,std::allocator<std::vector<float,std::allocator<float>>>>,double,0>(std::pair<std::vector<std::vector<float,std::allocator<float>>,std::allocator<std::vector<float,std::allocator<float>>>>,double> &&) noexcept' being compiled
D:\Projects\Audio Splitter App\2 - Main Project\Audio Seperator and Notation Viewer Main Project\audio.cpp(146): message : see reference to function template instantiation 'std::pair<std::vector<std::vector<float,std::allocator<float>>,std::allocator<std::vector<float,std::allocator<float>>>>,float>::pair<std::vector<std::vector<float,std::allocator<float>>,std::allocator<std::vector<float,std::allocator<float>>>>,double,0>(std::pair<std::vector<std::vector<float,std::allocator<float>>,std::allocator<std::vector<float,std::allocator<float>>>>,double> &&) noexcept' being compiled
C:\Program Files (x86)\Microsoft Visual Studio\2019\Community\VC\Tools\MSVC\14.29.30133\include\xmemory(714,47): warning C4244: 'initializing': conversion from 'double' to '_Objty', possible loss of data
          with
          [
              _Objty=float
          ]
C:\Program Files (x86)\Microsoft Visual Studio\2019\Community\VC\Tools\MSVC\14.29.30133\include\xmemory(1610): message : see reference to function template instantiation 'void std::_Default_allocator_traits<_Alloc>::construct<_Ty,double&>(_Alloc &,_Objty *const ,double &)' being compiled
          with
          [
              _Alloc=std::allocator<float>,
              _Ty=float,
              _Objty=float
          ]
C:\Program Files (x86)\Microsoft Visual Studio\2019\Community\VC\Tools\MSVC\14.29.30133\include\xmemory(1611): message : see reference to function template instantiation 'void std::_Default_allocator_traits<_Alloc>::construct<_Ty,double&>(_Alloc &,_Objty *const ,double &)' being compiled
          with
          [
              _Alloc=std::allocator<float>,
              _Ty=float,
              _Objty=float
          ]
C:\Program Files (x86)\Microsoft Visual Studio\2019\Community\VC\Tools\MSVC\14.29.30133\include\xmemory(1651): message : see reference to function template instantiation 'void std::_Uninitialized_backout_al<_Alloc>::_Emplace_back<double&>(double &)' being compiled
          with
          [
              _Alloc=std::allocator<float>
          ]
C:\Program Files (x86)\Microsoft Visual Studio\2019\Community\VC\Tools\MSVC\14.29.30133\include\xmemory(1651): message : see reference to function template instantiation 'void std::_Uninitialized_backout_al<_Alloc>::_Emplace_back<double&>(double &)' being compiled
          with
          [
              _Alloc=std::allocator<float>
          ]
C:\Program Files (x86)\Microsoft Visual Studio\2019\Community\VC\Tools\MSVC\14.29.30133\include\vector(1654): message : see reference to function template instantiation 'float *std::_Uninitialized_copy<_Iter,std::allocator<float>>(const _InIt,const _InIt,float *,_Alloc &)' being compiled
          with
          [
              _Iter=double *,
              _InIt=double *,
              _Alloc=std::allocator<float>
          ]
C:\Program Files (x86)\Microsoft Visual Studio\2019\Community\VC\Tools\MSVC\14.29.30133\include\vector(530): message : see reference to function template instantiation 'float *std::vector<float,std::allocator<float>>::_Ucopy<_Iter>(_Iter,_Iter,float *)' being compiled
          with
          [
              _Iter=double *
          ]
C:\Program Files (x86)\Microsoft Visual Studio\2019\Community\VC\Tools\MSVC\14.29.30133\include\vector(530): message : see reference to function template instantiation 'float *std::vector<float,std::allocator<float>>::_Ucopy<_Iter>(_Iter,_Iter,float *)' being compiled
          with
          [
              _Iter=double *
          ]
C:\Program Files (x86)\Microsoft Visual Studio\2019\Community\VC\Tools\MSVC\14.29.30133\include\vector(542): message : see reference to function template instantiation 'void std::vector<float,std::allocator<float>>::_Range_construct_or_tidy<double*>(_Iter,_Iter,std::forward_iterator_tag)' being compiled
          with
          [
              _Iter=double *
          ]
C:\Program Files (x86)\Microsoft Visual Studio\2019\Community\VC\Tools\MSVC\14.29.30133\include\vector(542): message : see reference to function template instantiation 'void std::vector<float,std::allocator<float>>::_Range_construct_or_tidy<double*>(_Iter,_Iter,std::forward_iterator_tag)' being compiled
          with
          [
              _Iter=double *
          ]
D:\Projects\Audio Splitter App\2 - Main Project\Audio Seperator and Notation Viewer Main Project\audio.cpp(141): message : see reference to function template instantiation 'std::vector<float,std::allocator<float>>::vector<std::_Vector_iterator<std::_Vector_val<std::_Simple_types<_Ty>>>,0>(_Iter,_Iter,const _Alloc &)' being compiled
          with
          [
              _Ty=double,
              _Iter=std::_Vector_iterator<std::_Vector_val<std::_Simple_types<double>>>,
              _Alloc=std::allocator<float>
          ]
D:\Projects\Audio Splitter App\2 - Main Project\Audio Seperator and Notation Viewer Main Project\audio.cpp(141): message : see reference to function template instantiation 'std::vector<float,std::allocator<float>>::vector<std::_Vector_iterator<std::_Vector_val<std::_Simple_types<_Ty>>>,0>(_Iter,_Iter,const _Alloc &)' being compiled
          with
          [
              _Ty=double,
              _Iter=std::_Vector_iterator<std::_Vector_val<std::_Simple_types<double>>>,
              _Alloc=std::allocator<float>
          ]
  files.cpp
D:\Projects\Audio Splitter App\2 - Main Project\Audio Seperator and Notation Viewer Main Project\Headers\NeuralNetwork.h(127): warning C4091: 'static ': ignored on left of 'NeuralNetwork::randomMethodConfig' when no variable is declared
D:\Projects\Audio Splitter App\2 - Main Project\Audio Seperator and Notation Viewer Main Project\Headers\NeuralNetwork.h(171): warning C4091: 'static ': ignored on left of 'NeuralNetwork::Node' when no variable is declared
D:\Projects\Audio Splitter App\2 - Main Project\Audio Seperator and Notation Viewer Main Project\Headers\NeuralNetwork.h(188): warning C4091: 'static ': ignored on left of 'NeuralNetwork::Bias' when no variable is declared
D:\Projects\Audio Splitter App\2 - Main Project\Audio Seperator and Notation Viewer Main Project\files.cpp(83,38): warning C4018: '<': signed/unsigned mismatch
D:\Projects\Audio Splitter App\2 - Main Project\Audio Seperator and Notation Viewer Main Project\files.cpp(118,38): warning C4018: '<': signed/unsigned mismatch
D:\Projects\Audio Splitter App\2 - Main Project\Audio Seperator and Notation Viewer Main Project\files.cpp(355,20): warning C4018: '<': signed/unsigned mismatch
  filesShaders.cpp
  graphics.cpp
  KNearestNeighbors.cpp
  main.cpp
D:\Projects\Audio Splitter App\2 - Main Project\Audio Seperator and Notation Viewer Main Project\Headers\NeuralNetwork.h(127): warning C4091: 'static ': ignored on left of 'NeuralNetwork::randomMethodConfig' when no variable is declared
D:\Projects\Audio Splitter App\2 - Main Project\Audio Seperator and Notation Viewer Main Project\Headers\NeuralNetwork.h(171): warning C4091: 'static ': ignored on left of 'NeuralNetwork::Node' when no variable is declared
D:\Projects\Audio Splitter App\2 - Main Project\Audio Seperator and Notation Viewer Main Project\Headers\NeuralNetwork.h(188): warning C4091: 'static ': ignored on left of 'NeuralNetwork::Bias' when no variable is declared
D:\Projects\Audio Splitter App\2 - Main Project\Audio Seperator and Notation Viewer Main Project\Headers\tabs.h(16,1): warning C4005: 'PROGRESS_BAR_SIZE': macro redefinition
D:\Projects\Audio Splitter App\2 - Main Project\Audio Seperator and Notation Viewer Main Project\Headers\notation.h(29): message : see previous definition of 'PROGRESS_BAR_SIZE'
D:\Projects\Audio Splitter App\2 - Main Project\Audio Seperator and Notation Viewer Main Project\main.cpp(4,12): warning C4244: 'argument': conversion from 'time_t' to 'unsigned int', possible loss of data
  MainProject.cpp
D:\Projects\Audio Splitter App\2 - Main Project\Audio Seperator and Notation Viewer Main Project\Headers\NeuralNetwork.h(127): warning C4091: 'static ': ignored on left of 'NeuralNetwork::randomMethodConfig' when no variable is declared
D:\Projects\Audio Splitter App\2 - Main Project\Audio Seperator and Notation Viewer Main Project\Headers\NeuralNetwork.h(171): warning C4091: 'static ': ignored on left of 'NeuralNetwork::Node' when no variable is declared
D:\Projects\Audio Splitter App\2 - Main Project\Audio Seperator and Notation Viewer Main Project\Headers\NeuralNetwork.h(188): warning C4091: 'static ': ignored on left of 'NeuralNetwork::Bias' when no variable is declared
D:\Projects\Audio Splitter App\2 - Main Project\Audio Seperator and Notation Viewer Main Project\Headers\tabs.h(16,1): warning C4005: 'PROGRESS_BAR_SIZE': macro redefinition
D:\Projects\Audio Splitter App\2 - Main Project\Audio Seperator and Notation Viewer Main Project\Headers\notation.h(29): message : see previous definition of 'PROGRESS_BAR_SIZE'
D:\Projects\Audio Splitter App\2 - Main Project\Audio Seperator and Notation Viewer Main Project\MainProject.cpp(55,42): warning C4018: '<': signed/unsigned mismatch
  matrices.cpp
  NaiveBayes.cpp
  NeuralNetwork.cpp
D:\Projects\Audio Splitter App\2 - Main Project\Audio Seperator and Notation Viewer Main Project\Headers\NeuralNetwork.h(127): warning C4091: 'static ': ignored on left of 'NeuralNetwork::randomMethodConfig' when no variable is declared
D:\Projects\Audio Splitter App\2 - Main Project\Audio Seperator and Notation Viewer Main Project\Headers\NeuralNetwork.h(171): warning C4091: 'static ': ignored on left of 'NeuralNetwork::Node' when no variable is declared
D:\Projects\Audio Splitter App\2 - Main Project\Audio Seperator and Notation Viewer Main Project\Headers\NeuralNetwork.h(188): warning C4091: 'static ': ignored on left of 'NeuralNetwork::Bias' when no variable is declared
D:\Projects\Audio Splitter App\2 - Main Project\Audio Seperator and Notation Viewer Main Project\NeuralNetwork.cpp(631,25): warning C4244: 'initializing': conversion from 'double' to 'float', possible loss of data
D:\Projects\Audio Splitter App\2 - Main Project\Audio Seperator and Notation Viewer Main Project\NeuralNetwork.cpp(730,25): warning C4244: 'initializing': conversion from 'double' to 'float', possible loss of data
D:\Projects\Audio Splitter App\2 - Main Project\Audio Seperator and Notation Viewer Main Project\NeuralNetwork.cpp(749,27): warning C4018: '<': signed/unsigned mismatch
D:\Projects\Audio Splitter App\2 - Main Project\Audio Seperator and Notation Viewer Main Project\NeuralNetwork.cpp(1086,22): warning C4244: 'initializing': conversion from 'float' to 'int', possible loss of data
D:\Projects\Audio Splitter App\2 - Main Project\Audio Seperator and Notation Viewer Main Project\NeuralNetwork.cpp(1095,57): warning C4244: 'argument': conversion from 'int' to 'float', possible loss of data
D:\Projects\Audio Splitter App\2 - Main Project\Audio Seperator and Notation Viewer Main Project\NeuralNetwork.cpp(1098,99): warning C4244: 'argument': conversion from 'int' to 'float', possible loss of data
D:\Projects\Audio Splitter App\2 - Main Project\Audio Seperator and Notation Viewer Main Project\NeuralNetwork.cpp(1099,30): warning C4244: 'initializing': conversion from 'float' to 'int', possible loss of data
D:\Projects\Audio Splitter App\2 - Main Project\Audio Seperator and Notation Viewer Main Project\NeuralNetwork.cpp(1109,33): warning C4244: 'initializing': conversion from 'double' to 'float', possible loss of data
D:\Projects\Audio Splitter App\2 - Main Project\Audio Seperator and Notation Viewer Main Project\NeuralNetwork.cpp(1519,25): warning C4244: 'initializing': conversion from 'double' to 'float', possible loss of data
D:\Projects\Audio Splitter App\2 - Main Project\Audio Seperator and Notation Viewer Main Project\NeuralNetwork.cpp(2181,35): warning C4244: 'argument': conversion from 'float' to '_Ty', possible loss of data
          with
          [
              _Ty=int
          ]
D:\Projects\Audio Splitter App\2 - Main Project\Audio Seperator and Notation Viewer Main Project\NeuralNetwork.cpp(2193,39): warning C4244: 'argument': conversion from 'float' to '_Ty', possible loss of data
          with
          [
              _Ty=int
          ]
D:\Projects\Audio Splitter App\2 - Main Project\Audio Seperator and Notation Viewer Main Project\NeuralNetwork.cpp(2194,39): warning C4244: 'argument': conversion from 'float' to '_Ty', possible loss of data
          with
          [
              _Ty=int
          ]
D:\Projects\Audio Splitter App\2 - Main Project\Audio Seperator and Notation Viewer Main Project\NeuralNetwork.cpp(2244,34): warning C4244: 'initializing': conversion from 'double' to 'int', possible loss of data
D:\Projects\Audio Splitter App\2 - Main Project\Audio Seperator and Notation Viewer Main Project\NeuralNetwork.cpp(2246,29): warning C4244: 'initializing': conversion from 'float' to 'int', possible loss of data
D:\Projects\Audio Splitter App\2 - Main Project\Audio Seperator and Notation Viewer Main Project\NeuralNetwork.cpp(2259,34): warning C4244: 'initializing': conversion from 'double' to 'int', possible loss of data
D:\Projects\Audio Splitter App\2 - Main Project\Audio Seperator and Notation Viewer Main Project\NeuralNetwork.cpp(2261,29): warning C4244: 'initializing': conversion from 'float' to 'int', possible loss of data
  notation.cpp
D:\Projects\Audio Splitter App\2 - Main Project\Audio Seperator and Notation Viewer Main Project\notation.cpp(63,15): warning C4244: 'initializing': conversion from 'int' to 'float', possible loss of data
D:\Projects\Audio Splitter App\2 - Main Project\Audio Seperator and Notation Viewer Main Project\notation.cpp(108,31): warning C4244: 'initializing': conversion from 'float' to 'int', possible loss of data
D:\Projects\Audio Splitter App\2 - Main Project\Audio Seperator and Notation Viewer Main Project\notation.cpp(115,31): warning C4244: 'initializing': conversion from 'float' to 'int', possible loss of data
D:\Projects\Audio Splitter App\2 - Main Project\Audio Seperator and Notation Viewer Main Project\notation.cpp(125,20): warning C4244: 'initializing': conversion from 'double' to 'int', possible loss of data
D:\Projects\Audio Splitter App\2 - Main Project\Audio Seperator and Notation Viewer Main Project\notation.cpp(197,15): warning C4244: 'initializing': conversion from 'int' to 'float', possible loss of data
D:\Projects\Audio Splitter App\2 - Main Project\Audio Seperator and Notation Viewer Main Project\notation.cpp(232,15): warning C4244: 'initializing': conversion from 'int' to 'float', possible loss of data
D:\Projects\Audio Splitter App\2 - Main Project\Audio Seperator and Notation Viewer Main Project\notation.cpp(299,18): warning C4244: 'initializing': conversion from 'double' to 'float', possible loss of data
D:\Projects\Audio Splitter App\2 - Main Project\Audio Seperator and Notation Viewer Main Project\notation.cpp(531,20): warning C4244: 'initializing': conversion from 'double' to 'int', possible loss of data
D:\Projects\Audio Splitter App\2 - Main Project\Audio Seperator and Notation Viewer Main Project\notation.cpp(532,21): warning C4244: 'initializing': conversion from 'float' to 'int', possible loss of data
D:\Projects\Audio Splitter App\2 - Main Project\Audio Seperator and Notation Viewer Main Project\notation.cpp(545,19): warning C4244: 'initializing': conversion from 'double' to 'float', possible loss of data
D:\Projects\Audio Splitter App\2 - Main Project\Audio Seperator and Notation Viewer Main Project\notation.cpp(547,33): warning C4244: '=': conversion from 'double' to 'float', possible loss of data
D:\Projects\Audio Splitter App\2 - Main Project\Audio Seperator and Notation Viewer Main Project\notation.cpp(574,19): warning C4244: 'initializing': conversion from 'double' to 'int', possible loss of data
D:\Projects\Audio Splitter App\2 - Main Project\Audio Seperator and Notation Viewer Main Project\notation.cpp(595,25): warning C4244: 'initializing': conversion from 'float' to 'int', possible loss of data
D:\Projects\Audio Splitter App\2 - Main Project\Audio Seperator and Notation Viewer Main Project\notation.cpp(626,20): warning C4244: 'initializing': conversion from 'double' to 'int', possible loss of data
D:\Projects\Audio Splitter App\2 - Main Project\Audio Seperator and Notation Viewer Main Project\notation.cpp(627,21): warning C4244: 'initializing': conversion from 'double' to 'int', possible loss of data
D:\Projects\Audio Splitter App\2 - Main Project\Audio Seperator and Notation Viewer Main Project\notation.cpp(659,27): warning C4244: '=': conversion from 'double' to 'float', possible loss of data
D:\Projects\Audio Splitter App\2 - Main Project\Audio Seperator and Notation Viewer Main Project\notation.cpp(661,20): warning C4244: 'initializing': conversion from 'double' to 'float', possible loss of data
D:\Projects\Audio Splitter App\2 - Main Project\Audio Seperator and Notation Viewer Main Project\notation.cpp(667,17): warning C4244: 'initializing': conversion from 'float' to 'int', possible loss of data
D:\Projects\Audio Splitter App\2 - Main Project\Audio Seperator and Notation Viewer Main Project\notation.cpp(673,31): warning C4244: '=': conversion from 'double' to 'float', possible loss of data
D:\Projects\Audio Splitter App\2 - Main Project\Audio Seperator and Notation Viewer Main Project\notation.cpp(680,11): warning C4244: 'initializing': conversion from 'int' to 'float', possible loss of data
D:\Projects\Audio Splitter App\2 - Main Project\Audio Seperator and Notation Viewer Main Project\notation.cpp(715,20): warning C4244: 'initializing': conversion from 'double' to 'int', possible loss of data
D:\Projects\Audio Splitter App\2 - Main Project\Audio Seperator and Notation Viewer Main Project\notation.cpp(717,20): warning C4244: 'initializing': conversion from 'double' to 'float', possible loss of data
D:\Projects\Audio Splitter App\2 - Main Project\Audio Seperator and Notation Viewer Main Project\notation.cpp(724,42): warning C4244: 'argument': conversion from 'double' to 'float', possible loss of data
D:\Projects\Audio Splitter App\2 - Main Project\Audio Seperator and Notation Viewer Main Project\notation.cpp(724,16): warning C4244: 'initializing': conversion from 'float' to 'int', possible loss of data
  tabs.cpp
D:\Projects\Audio Splitter App\2 - Main Project\Audio Seperator and Notation Viewer Main Project\tabs.cpp(59,11): warning C4244: 'initializing': conversion from 'int' to 'float', possible loss of data
D:\Projects\Audio Splitter App\2 - Main Project\Audio Seperator and Notation Viewer Main Project\tabs.cpp(117,11): warning C4244: 'initializing': conversion from 'int' to 'float', possible loss of data
D:\Projects\Audio Splitter App\2 - Main Project\Audio Seperator and Notation Viewer Main Project\tabs.cpp(168,20): warning C4244: 'initializing': conversion from 'float' to 'int', possible loss of data
D:\Projects\Audio Splitter App\2 - Main Project\Audio Seperator and Notation Viewer Main Project\tabs.cpp(171,20): warning C4244: 'initializing': conversion from 'float' to 'int', possible loss of data
D:\Projects\Audio Splitter App\2 - Main Project\Audio Seperator and Notation Viewer Main Project\tabs.cpp(185,19): warning C4244: 'initializing': conversion from 'double' to 'float', possible loss of data
D:\Projects\Audio Splitter App\2 - Main Project\Audio Seperator and Notation Viewer Main Project\tabs.cpp(187,33): warning C4244: '=': conversion from 'double' to 'float', possible loss of data
D:\Projects\Audio Splitter App\2 - Main Project\Audio Seperator and Notation Viewer Main Project\tabs.cpp(200,20): warning C4244: 'initializing': conversion from 'float' to 'int', possible loss of data
D:\Projects\Audio Splitter App\2 - Main Project\Audio Seperator and Notation Viewer Main Project\tabs.cpp(206,20): warning C4244: 'initializing': conversion from 'float' to 'int', possible loss of data
D:\Projects\Audio Splitter App\2 - Main Project\Audio Seperator and Notation Viewer Main Project\tabs.cpp(216,27): warning C4244: '=': conversion from 'double' to 'float', possible loss of data
D:\Projects\Audio Splitter App\2 - Main Project\Audio Seperator and Notation Viewer Main Project\tabs.cpp(218,20): warning C4244: 'initializing': conversion from 'double' to 'float', possible loss of data
D:\Projects\Audio Splitter App\2 - Main Project\Audio Seperator and Notation Viewer Main Project\tabs.cpp(224,17): warning C4244: 'initializing': conversion from 'float' to 'int', possible loss of data
D:\Projects\Audio Splitter App\2 - Main Project\Audio Seperator and Notation Viewer Main Project\tabs.cpp(235,21): warning C4244: 'initializing': conversion from 'float' to 'int', possible loss of data
D:\Projects\Audio Splitter App\2 - Main Project\Audio Seperator and Notation Viewer Main Project\tabs.cpp(272,20): warning C4244: 'initializing': conversion from 'double' to 'int', possible loss of data
D:\Projects\Audio Splitter App\2 - Main Project\Audio Seperator and Notation Viewer Main Project\tabs.cpp(276,20): warning C4244: 'initializing': conversion from 'double' to 'float', possible loss of data
D:\Projects\Audio Splitter App\2 - Main Project\Audio Seperator and Notation Viewer Main Project\tabs.cpp(278,17): warning C4244: 'initializing': conversion from 'float' to 'int', possible loss of data
D:\Projects\Audio Splitter App\2 - Main Project\Audio Seperator and Notation Viewer Main Project\tabs.cpp(286,42): warning C4244: 'argument': conversion from 'double' to 'float', possible loss of data
D:\Projects\Audio Splitter App\2 - Main Project\Audio Seperator and Notation Viewer Main Project\tabs.cpp(286,16): warning C4244: 'initializing': conversion from 'float' to 'int', possible loss of data
  Generating Code...
D:\Projects\Audio Splitter App\2 - Main Project\Audio Seperator and Notation Viewer Main Project\NeuralNetwork.cpp(1127): warning C4715: 'NeuralNetwork::chooseParent': not all control paths return a value
D:\Projects\Audio Splitter App\2 - Main Project\Audio Seperator and Notation Viewer Main Project\MainProject.cpp(154): warning C4715: 'getNetworkOutputs': not all control paths return a value
D:\Projects\Audio Splitter App\2 - Main Project\Audio Seperator and Notation Viewer Main Project\KNearestNeighbors.cpp(150): warning C4715: 'kNearestNeighbors': not all control paths return a value
D:\Projects\Audio Splitter App\2 - Main Project\Audio Seperator and Notation Viewer Main Project\audio.cpp(49): warning C4715: 'loadAudioSamples': not all control paths return a value
LINK : warning LNK4098: defaultlib 'MSVCRT' conflicts with use of other libs; use /NODEFAULTLIB:library
LINK : warning LNK4098: defaultlib 'LIBCMT' conflicts with use of other libs; use /NODEFAULTLIB:library
glew32s.lib(glew.obj) : warning LNK4099: PDB 'vc120.pdb' was not found with 'glew32s.lib(glew.obj)' or at 'D:\Projects\Audio Splitter App\2 - Main Project\Debug\vc120.pdb'; linking object as if no debug info
  Audio Seperator and Notation Viewer Main Project.vcxproj -> D:\Projects\Audio Splitter App\2 - Main Project\Debug\Main Project.exe
