  0 File(s) copied
  main.cpp
D:\Projects\Audio Splitter App\3 - C++\Several MIDI Note Filtering Methods\Several MIDI Note Filtering Methods\Headers\minimp3_ex.h(405,60): warning C4244: '+=': conversion from 'uint64_t' to 'size_t', possible loss of data
D:\Projects\Audio Splitter App\3 - C++\Several MIDI Note Filtering Methods\Several MIDI Note Filtering Methods\Headers\minimp3_ex.h(485,25): warning C4244: '=': conversion from 'uint64_t' to 'size_t', possible loss of data
D:\Projects\Audio Splitter App\3 - C++\Several MIDI Note Filtering Methods\Several MIDI Note Filtering Methods\Headers\minimp3_ex.h(755,95): warning C4244: 'argument': conversion from 'uint64_t' to 'size_t', possible loss of data
D:\Projects\Audio Splitter App\3 - C++\Several MIDI Note Filtering Methods\Several MIDI Note Filtering Methods\Headers\minimp3_ex.h(821,29): warning C4244: '=': conversion from 'uint64_t' to 'int', possible loss of data
D:\Projects\Audio Splitter App\3 - C++\Several MIDI Note Filtering Methods\Several MIDI Note Filtering Methods\Headers\minimp3_ex.h(901,76): warning C4244: 'argument': conversion from 'uint64_t' to 'int', possible loss of data
D:\Projects\Audio Splitter App\3 - C++\Several MIDI Note Filtering Methods\Several MIDI Note Filtering Methods\Headers\minimp3_ex.h(939,49): warning C4244: '=': conversion from 'uint64_t' to 'size_t', possible loss of data
D:\Projects\Audio Splitter App\3 - C++\Several MIDI Note Filtering Methods\Several MIDI Note Filtering Methods\Headers\minimp3_ex.h(1176,23): warning C4244: '=': conversion from 'LONGLONG' to 'size_t', possible loss of data
D:\Projects\Audio Splitter App\3 - C++\Several MIDI Note Filtering Methods\Several MIDI Note Filtering Methods\Headers\minimp3_ex.h(1181,85): warning C4244: 'argument': conversion from 'LONGLONG' to 'SIZE_T', possible loss of data
D:\Projects\Audio Splitter App\3 - C++\Several MIDI Note Filtering Methods\Several MIDI Note Filtering Methods\main.cpp(145,20): warning C4018: '<': signed/unsigned mismatch
D:\Projects\Audio Splitter App\3 - C++\Several MIDI Note Filtering Methods\Several MIDI Note Filtering Methods\main.cpp(146,21): warning C4018: '<': signed/unsigned mismatch
D:\Projects\Audio Splitter App\3 - C++\Several MIDI Note Filtering Methods\Several MIDI Note Filtering Methods\main.cpp(148,46): warning C4244: '=': conversion from 'double' to '_Ty', possible loss of data
          with
          [
              _Ty=float
          ]
D:\Projects\Audio Splitter App\3 - C++\Several MIDI Note Filtering Methods\Several MIDI Note Filtering Methods\main.cpp(162,20): warning C4018: '<': signed/unsigned mismatch
D:\Projects\Audio Splitter App\3 - C++\Several MIDI Note Filtering Methods\Several MIDI Note Filtering Methods\main.cpp(218,26): warning C4244: 'initializing': conversion from 'double' to 'int16_t', possible loss of data
D:\Projects\Audio Splitter App\3 - C++\Several MIDI Note Filtering Methods\Several MIDI Note Filtering Methods\main.cpp(229,20): warning C4018: '<': signed/unsigned mismatch
D:\Projects\Audio Splitter App\3 - C++\Several MIDI Note Filtering Methods\Several MIDI Note Filtering Methods\main.cpp(230,45): warning C4244: '=': conversion from 'double' to '_Ty', possible loss of data
          with
          [
              _Ty=int16_t
          ]
D:\Projects\Audio Splitter App\3 - C++\Several MIDI Note Filtering Methods\Several MIDI Note Filtering Methods\main.cpp(289,20): warning C4018: '<': signed/unsigned mismatch
D:\Projects\Audio Splitter App\3 - C++\Several MIDI Note Filtering Methods\Several MIDI Note Filtering Methods\main.cpp(290,21): warning C4018: '<': signed/unsigned mismatch
D:\Projects\Audio Splitter App\3 - C++\Several MIDI Note Filtering Methods\Several MIDI Note Filtering Methods\main.cpp(298,20): warning C4018: '<': signed/unsigned mismatch
D:\Projects\Audio Splitter App\3 - C++\Several MIDI Note Filtering Methods\Several MIDI Note Filtering Methods\main.cpp(301,21): warning C4018: '<': signed/unsigned mismatch
D:\Projects\Audio Splitter App\3 - C++\Several MIDI Note Filtering Methods\Several MIDI Note Filtering Methods\main.cpp(320,20): warning C4018: '<': signed/unsigned mismatch
D:\Projects\Audio Splitter App\3 - C++\Several MIDI Note Filtering Methods\Several MIDI Note Filtering Methods\main.cpp(321,21): warning C4018: '<': signed/unsigned mismatch
D:\Projects\Audio Splitter App\3 - C++\Several MIDI Note Filtering Methods\Several MIDI Note Filtering Methods\main.cpp(327,20): warning C4018: '<': signed/unsigned mismatch
D:\Projects\Audio Splitter App\3 - C++\Several MIDI Note Filtering Methods\Several MIDI Note Filtering Methods\main.cpp(330,21): warning C4018: '<': signed/unsigned mismatch
C:\Program Files (x86)\Microsoft Visual Studio\2019\Community\VC\Tools\MSVC\14.28.29910\include\xmemory(696,82): warning C4244: 'initializing': conversion from 'double' to '_Objty', possible loss of data
          with
          [
              _Objty=float
          ]
C:\Program Files (x86)\Microsoft Visual Studio\2019\Community\VC\Tools\MSVC\14.28.29910\include\xmemory(1532): message : see reference to function template instantiation 'void std::_Default_allocator_traits<_Alloc>::construct<_Ty,double&>(_Alloc &,_Objty *const ,double &)' being compiled
          with
          [
              _Alloc=std::allocator<float>,
              _Ty=float,
              _Objty=float
          ]
C:\Program Files (x86)\Microsoft Visual Studio\2019\Community\VC\Tools\MSVC\14.28.29910\include\xmemory(1533): message : see reference to function template instantiation 'void std::_Default_allocator_traits<_Alloc>::construct<_Ty,double&>(_Alloc &,_Objty *const ,double &)' being compiled
          with
          [
              _Alloc=std::allocator<float>,
              _Ty=float,
              _Objty=float
          ]
C:\Program Files (x86)\Microsoft Visual Studio\2019\Community\VC\Tools\MSVC\14.28.29910\include\xmemory(1567): message : see reference to function template instantiation 'void std::_Uninitialized_backout_al<_Alloc>::_Emplace_back<double&>(double &)' being compiled
          with
          [
              _Alloc=std::allocator<float>
          ]
C:\Program Files (x86)\Microsoft Visual Studio\2019\Community\VC\Tools\MSVC\14.28.29910\include\xmemory(1567): message : see reference to function template instantiation 'void std::_Uninitialized_backout_al<_Alloc>::_Emplace_back<double&>(double &)' being compiled
          with
          [
              _Alloc=std::allocator<float>
          ]
C:\Program Files (x86)\Microsoft Visual Studio\2019\Community\VC\Tools\MSVC\14.28.29910\include\vector(1595): message : see reference to function template instantiation 'float *std::_Uninitialized_copy<_Iter,std::allocator<float>>(const _InIt,const _InIt,float *,_Alloc &)' being compiled
          with
          [
              _Iter=double *,
              _InIt=double *,
              _Alloc=std::allocator<float>
          ]
C:\Program Files (x86)\Microsoft Visual Studio\2019\Community\VC\Tools\MSVC\14.28.29910\include\vector(501): message : see reference to function template instantiation 'float *std::vector<float,std::allocator<float>>::_Ucopy<_Iter>(_Iter,_Iter,float *)' being compiled
          with
          [
              _Iter=double *
          ]
C:\Program Files (x86)\Microsoft Visual Studio\2019\Community\VC\Tools\MSVC\14.28.29910\include\vector(501): message : see reference to function template instantiation 'float *std::vector<float,std::allocator<float>>::_Ucopy<_Iter>(_Iter,_Iter,float *)' being compiled
          with
          [
              _Iter=double *
          ]
C:\Program Files (x86)\Microsoft Visual Studio\2019\Community\VC\Tools\MSVC\14.28.29910\include\vector(512): message : see reference to function template instantiation 'void std::vector<float,std::allocator<float>>::_Range_construct_or_tidy<double*>(_Iter,_Iter,std::forward_iterator_tag)' being compiled
          with
          [
              _Iter=double *
          ]
C:\Program Files (x86)\Microsoft Visual Studio\2019\Community\VC\Tools\MSVC\14.28.29910\include\vector(512): message : see reference to function template instantiation 'void std::vector<float,std::allocator<float>>::_Range_construct_or_tidy<double*>(_Iter,_Iter,std::forward_iterator_tag)' being compiled
          with
          [
              _Iter=double *
          ]
D:\Projects\Audio Splitter App\3 - C++\Several MIDI Note Filtering Methods\Several MIDI Note Filtering Methods\main.cpp(134): message : see reference to function template instantiation 'std::vector<float,std::allocator<float>>::vector<std::_Vector_iterator<std::_Vector_val<std::_Simple_types<_Ty>>>,0>(_Iter,_Iter,const _Alloc &)' being compiled
          with
          [
              _Ty=double,
              _Iter=std::_Vector_iterator<std::_Vector_val<std::_Simple_types<double>>>,
              _Alloc=std::allocator<float>
          ]
D:\Projects\Audio Splitter App\3 - C++\Several MIDI Note Filtering Methods\Several MIDI Note Filtering Methods\main.cpp(134): message : see reference to function template instantiation 'std::vector<float,std::allocator<float>>::vector<std::_Vector_iterator<std::_Vector_val<std::_Simple_types<_Ty>>>,0>(_Iter,_Iter,const _Alloc &)' being compiled
          with
          [
              _Ty=double,
              _Iter=std::_Vector_iterator<std::_Vector_val<std::_Simple_types<double>>>,
              _Alloc=std::allocator<float>
          ]
D:\Projects\Audio Splitter App\3 - C++\Several MIDI Note Filtering Methods\Several MIDI Note Filtering Methods\main.cpp(45): warning C4715: 'loadAudioSamples': not all control paths return a value
main.obj : error LNK2019: unresolved external symbol __imp__fftw_execute referenced in function "class std::vector<class std::vector<float,class std::allocator<float> >,class std::allocator<class std::vector<float,class std::allocator<float> > > > __cdecl spectrogramOutput(char const *,int,int,int)" (?spectrogramOutput@@YA?AV?$vector@V?$vector@MV?$allocator@M@std@@@std@@V?$allocator@V?$vector@MV?$allocator@M@std@@@std@@@2@@std@@PBDHHH@Z)
main.obj : error LNK2019: unresolved external symbol __imp__fftw_plan_dft_1d referenced in function "class std::vector<class std::vector<float,class std::allocator<float> >,class std::allocator<class std::vector<float,class std::allocator<float> > > > __cdecl spectrogramOutput(char const *,int,int,int)" (?spectrogramOutput@@YA?AV?$vector@V?$vector@MV?$allocator@M@std@@@std@@V?$allocator@V?$vector@MV?$allocator@M@std@@@std@@@2@@std@@PBDHHH@Z)
main.obj : error LNK2019: unresolved external symbol __imp__fftw_destroy_plan referenced in function "class std::vector<short,class std::allocator<short> > __cdecl vocalSamples(char const *,int,int,class std::vector<class std::vector<float,class std::allocator<float> >,class std::allocator<class std::vector<float,class std::allocator<float> > > >)" (?vocalSamples@@YA?AV?$vector@FV?$allocator@F@std@@@std@@PBDHHV?$vector@V?$vector@MV?$allocator@M@std@@@std@@V?$allocator@V?$vector@MV?$allocator@M@std@@@std@@@2@@2@@Z)
main.obj : error LNK2019: unresolved external symbol __imp__fftw_malloc referenced in function "class std::vector<class std::vector<float,class std::allocator<float> >,class std::allocator<class std::vector<float,class std::allocator<float> > > > __cdecl spectrogramOutput(char const *,int,int,int)" (?spectrogramOutput@@YA?AV?$vector@V?$vector@MV?$allocator@M@std@@@std@@V?$allocator@V?$vector@MV?$allocator@M@std@@@std@@@2@@std@@PBDHHH@Z)
main.obj : error LNK2019: unresolved external symbol __imp__fftw_free referenced in function "class std::vector<short,class std::allocator<short> > __cdecl vocalSamples(char const *,int,int,class std::vector<class std::vector<float,class std::allocator<float> >,class std::allocator<class std::vector<float,class std::allocator<float> > > >)" (?vocalSamples@@YA?AV?$vector@FV?$allocator@F@std@@@std@@PBDHHV?$vector@V?$vector@MV?$allocator@M@std@@@std@@V?$allocator@V?$vector@MV?$allocator@M@std@@@std@@@2@@2@@Z)
D:\Projects\Audio Splitter App\3 - C++\Several MIDI Note Filtering Methods\Several MIDI Note Filtering Methods\FFTW\libfftw3-3.lib : warning LNK4272: library machine type 'x64' conflicts with target machine type 'x86'
D:\Projects\Audio Splitter App\3 - C++\Several MIDI Note Filtering Methods\Debug\Several MIDI Note Filtering Methods.exe : fatal error LNK1120: 5 unresolved externals
