  0 File(s) copied
  NeuralNetwork.cpp
D:\Projects\Audio Splitter App\2 - Main Project\Audio Seperator and Notation Viewer Main Project\Headers\NeuralNetwork.h(108): warning C4091: 'static ': ignored on left of 'NeuralNetwork::Node' when no variable is declared
D:\Projects\Audio Splitter App\2 - Main Project\Audio Seperator and Notation Viewer Main Project\Headers\NeuralNetwork.h(123): warning C4091: 'static ': ignored on left of 'NeuralNetwork::Bias' when no variable is declared
D:\Projects\Audio Splitter App\2 - Main Project\Audio Seperator and Notation Viewer Main Project\NeuralNetwork.cpp(11,31): warning C4267: '=': conversion from 'size_t' to 'int', possible loss of data
D:\Projects\Audio Splitter App\2 - Main Project\Audio Seperator and Notation Viewer Main Project\NeuralNetwork.cpp(37,52): warning C4267: 'initializing': conversion from 'size_t' to 'int', possible loss of data
D:\Projects\Audio Splitter App\2 - Main Project\Audio Seperator and Notation Viewer Main Project\NeuralNetwork.cpp(42,53): warning C4267: 'initializing': conversion from 'size_t' to 'int', possible loss of data
D:\Projects\Audio Splitter App\2 - Main Project\Audio Seperator and Notation Viewer Main Project\NeuralNetwork.cpp(50,52): warning C4267: 'initializing': conversion from 'size_t' to 'int', possible loss of data
D:\Projects\Audio Splitter App\2 - Main Project\Audio Seperator and Notation Viewer Main Project\NeuralNetwork.cpp(51,53): warning C4267: 'initializing': conversion from 'size_t' to 'int', possible loss of data
D:\Projects\Audio Splitter App\2 - Main Project\Audio Seperator and Notation Viewer Main Project\NeuralNetwork.cpp(66,53): warning C4267: 'initializing': conversion from 'size_t' to 'int', possible loss of data
D:\Projects\Audio Splitter App\2 - Main Project\Audio Seperator and Notation Viewer Main Project\NeuralNetwork.cpp(86,52): warning C4267: 'initializing': conversion from 'size_t' to 'int', possible loss of data
D:\Projects\Audio Splitter App\2 - Main Project\Audio Seperator and Notation Viewer Main Project\NeuralNetwork.cpp(89,72): warning C4267: 'initializing': conversion from 'size_t' to 'int', possible loss of data
D:\Projects\Audio Splitter App\2 - Main Project\Audio Seperator and Notation Viewer Main Project\NeuralNetwork.cpp(99,53): warning C4267: 'initializing': conversion from 'size_t' to 'int', possible loss of data
D:\Projects\Audio Splitter App\2 - Main Project\Audio Seperator and Notation Viewer Main Project\NeuralNetwork.cpp(102,73): warning C4267: 'initializing': conversion from 'size_t' to 'int', possible loss of data
D:\Projects\Audio Splitter App\2 - Main Project\Audio Seperator and Notation Viewer Main Project\NeuralNetwork.cpp(127,80): warning C4267: '+=': conversion from 'size_t' to 'int', possible loss of data
D:\Projects\Audio Splitter App\2 - Main Project\Audio Seperator and Notation Viewer Main Project\NeuralNetwork.cpp(132,81): warning C4267: '+=': conversion from 'size_t' to 'int', possible loss of data
D:\Projects\Audio Splitter App\2 - Main Project\Audio Seperator and Notation Viewer Main Project\NeuralNetwork.cpp(278,47): warning C4267: 'initializing': conversion from 'size_t' to 'int', possible loss of data
D:\Projects\Audio Splitter App\2 - Main Project\Audio Seperator and Notation Viewer Main Project\NeuralNetwork.cpp(285,50): warning C4267: 'initializing': conversion from 'size_t' to 'int', possible loss of data
D:\Projects\Audio Splitter App\2 - Main Project\Audio Seperator and Notation Viewer Main Project\NeuralNetwork.cpp(304,68): warning C4267: 'initializing': conversion from 'size_t' to 'int', possible loss of data
D:\Projects\Audio Splitter App\2 - Main Project\Audio Seperator and Notation Viewer Main Project\NeuralNetwork.cpp(316,50): warning C4267: 'initializing': conversion from 'size_t' to 'int', possible loss of data
D:\Projects\Audio Splitter App\2 - Main Project\Audio Seperator and Notation Viewer Main Project\NeuralNetwork.cpp(318,69): warning C4267: 'initializing': conversion from 'size_t' to 'int', possible loss of data
D:\Projects\Audio Splitter App\2 - Main Project\Audio Seperator and Notation Viewer Main Project\NeuralNetwork.cpp(334,58): warning C4267: 'initializing': conversion from 'size_t' to 'int', possible loss of data
D:\Projects\Audio Splitter App\2 - Main Project\Audio Seperator and Notation Viewer Main Project\NeuralNetwork.cpp(342,30): warning C4267: 'initializing': conversion from 'size_t' to 'int', possible loss of data
D:\Projects\Audio Splitter App\2 - Main Project\Audio Seperator and Notation Viewer Main Project\NeuralNetwork.cpp(350,60): warning C4267: 'initializing': conversion from 'size_t' to 'int', possible loss of data
D:\Projects\Audio Splitter App\2 - Main Project\Audio Seperator and Notation Viewer Main Project\NeuralNetwork.cpp(357,53): warning C4267: 'initializing': conversion from 'size_t' to 'int', possible loss of data
D:\Projects\Audio Splitter App\2 - Main Project\Audio Seperator and Notation Viewer Main Project\NeuralNetwork.cpp(364,68): warning C4267: 'initializing': conversion from 'size_t' to 'int', possible loss of data
D:\Projects\Audio Splitter App\2 - Main Project\Audio Seperator and Notation Viewer Main Project\NeuralNetwork.cpp(385,45): warning C4267: 'initializing': conversion from 'size_t' to 'int', possible loss of data
D:\Projects\Audio Splitter App\2 - Main Project\Audio Seperator and Notation Viewer Main Project\NeuralNetwork.cpp(396,45): warning C4267: 'initializing': conversion from 'size_t' to 'int', possible loss of data
D:\Projects\Audio Splitter App\2 - Main Project\Audio Seperator and Notation Viewer Main Project\NeuralNetwork.cpp(397,46): warning C4267: 'initializing': conversion from 'size_t' to 'int', possible loss of data
D:\Projects\Audio Splitter App\2 - Main Project\Audio Seperator and Notation Viewer Main Project\NeuralNetwork.cpp(399,51): warning C4267: 'initializing': conversion from 'size_t' to 'int', possible loss of data
D:\Projects\Audio Splitter App\2 - Main Project\Audio Seperator and Notation Viewer Main Project\NeuralNetwork.cpp(419,45): warning C4267: 'initializing': conversion from 'size_t' to 'int', possible loss of data
D:\Projects\Audio Splitter App\2 - Main Project\Audio Seperator and Notation Viewer Main Project\NeuralNetwork.cpp(420,46): warning C4267: 'initializing': conversion from 'size_t' to 'int', possible loss of data
D:\Projects\Audio Splitter App\2 - Main Project\Audio Seperator and Notation Viewer Main Project\NeuralNetwork.cpp(445,45): warning C4267: 'initializing': conversion from 'size_t' to 'int', possible loss of data
D:\Projects\Audio Splitter App\2 - Main Project\Audio Seperator and Notation Viewer Main Project\NeuralNetwork.cpp(446,46): warning C4267: 'initializing': conversion from 'size_t' to 'int', possible loss of data
D:\Projects\Audio Splitter App\2 - Main Project\Audio Seperator and Notation Viewer Main Project\NeuralNetwork.cpp(461,45): warning C4267: 'initializing': conversion from 'size_t' to 'int', possible loss of data
D:\Projects\Audio Splitter App\2 - Main Project\Audio Seperator and Notation Viewer Main Project\NeuralNetwork.cpp(469,65): warning C4267: 'initializing': conversion from 'size_t' to 'int', possible loss of data
D:\Projects\Audio Splitter App\2 - Main Project\Audio Seperator and Notation Viewer Main Project\NeuralNetwork.cpp(482,46): warning C4267: 'initializing': conversion from 'size_t' to 'int', possible loss of data
D:\Projects\Audio Splitter App\2 - Main Project\Audio Seperator and Notation Viewer Main Project\NeuralNetwork.cpp(488,69): warning C4267: 'initializing': conversion from 'size_t' to 'int', possible loss of data
D:\Projects\Audio Splitter App\2 - Main Project\Audio Seperator and Notation Viewer Main Project\NeuralNetwork.cpp(503,45): warning C4267: 'initializing': conversion from 'size_t' to 'int', possible loss of data
D:\Projects\Audio Splitter App\2 - Main Project\Audio Seperator and Notation Viewer Main Project\NeuralNetwork.cpp(511,65): warning C4267: 'initializing': conversion from 'size_t' to 'int', possible loss of data
D:\Projects\Audio Splitter App\2 - Main Project\Audio Seperator and Notation Viewer Main Project\NeuralNetwork.cpp(535,46): warning C4267: 'initializing': conversion from 'size_t' to 'int', possible loss of data
D:\Projects\Audio Splitter App\2 - Main Project\Audio Seperator and Notation Viewer Main Project\NeuralNetwork.cpp(541,69): warning C4267: 'initializing': conversion from 'size_t' to 'int', possible loss of data
D:\Projects\Audio Splitter App\2 - Main Project\Audio Seperator and Notation Viewer Main Project\NeuralNetwork.cpp(566,56): warning C4267: 'initializing': conversion from 'size_t' to 'int', possible loss of data
D:\Projects\Audio Splitter App\2 - Main Project\Audio Seperator and Notation Viewer Main Project\NeuralNetwork.cpp(567,57): warning C4267: 'initializing': conversion from 'size_t' to 'int', possible loss of data
D:\Projects\Audio Splitter App\2 - Main Project\Audio Seperator and Notation Viewer Main Project\NeuralNetwork.cpp(586,25): warning C4244: 'initializing': conversion from 'double' to 'float', possible loss of data
D:\Projects\Audio Splitter App\2 - Main Project\Audio Seperator and Notation Viewer Main Project\NeuralNetwork.cpp(637,56): warning C4267: 'initializing': conversion from 'size_t' to 'int', possible loss of data
D:\Projects\Audio Splitter App\2 - Main Project\Audio Seperator and Notation Viewer Main Project\NeuralNetwork.cpp(638,79): warning C4267: 'initializing': conversion from 'size_t' to 'int', possible loss of data
D:\Projects\Audio Splitter App\2 - Main Project\Audio Seperator and Notation Viewer Main Project\NeuralNetwork.cpp(639,57): warning C4267: 'initializing': conversion from 'size_t' to 'int', possible loss of data
D:\Projects\Audio Splitter App\2 - Main Project\Audio Seperator and Notation Viewer Main Project\NeuralNetwork.cpp(677,25): warning C4244: 'initializing': conversion from 'double' to 'float', possible loss of data
D:\Projects\Audio Splitter App\2 - Main Project\Audio Seperator and Notation Viewer Main Project\NeuralNetwork.cpp(736,56): warning C4267: 'initializing': conversion from 'size_t' to 'int', possible loss of data
D:\Projects\Audio Splitter App\2 - Main Project\Audio Seperator and Notation Viewer Main Project\NeuralNetwork.cpp(737,57): warning C4267: 'initializing': conversion from 'size_t' to 'int', possible loss of data
D:\Projects\Audio Splitter App\2 - Main Project\Audio Seperator and Notation Viewer Main Project\NeuralNetwork.cpp(783,45): warning C4267: 'initializing': conversion from 'size_t' to 'int', possible loss of data
D:\Projects\Audio Splitter App\2 - Main Project\Audio Seperator and Notation Viewer Main Project\NeuralNetwork.cpp(784,46): warning C4267: 'initializing': conversion from 'size_t' to 'int', possible loss of data
D:\Projects\Audio Splitter App\2 - Main Project\Audio Seperator and Notation Viewer Main Project\NeuralNetwork.cpp(788,65): warning C4267: 'initializing': conversion from 'size_t' to 'int', possible loss of data
D:\Projects\Audio Splitter App\2 - Main Project\Audio Seperator and Notation Viewer Main Project\NeuralNetwork.cpp(811,69): warning C4267: 'initializing': conversion from 'size_t' to 'int', possible loss of data
D:\Projects\Audio Splitter App\2 - Main Project\Audio Seperator and Notation Viewer Main Project\NeuralNetwork.cpp(835,36): warning C4267: 'initializing': conversion from 'size_t' to 'int', possible loss of data
D:\Projects\Audio Splitter App\2 - Main Project\Audio Seperator and Notation Viewer Main Project\NeuralNetwork.cpp(838,42): warning C4267: 'initializing': conversion from 'size_t' to 'int', possible loss of data
D:\Projects\Audio Splitter App\2 - Main Project\Audio Seperator and Notation Viewer Main Project\NeuralNetwork.cpp(839,48): warning C4267: 'initializing': conversion from 'size_t' to 'int', possible loss of data
D:\Projects\Audio Splitter App\2 - Main Project\Audio Seperator and Notation Viewer Main Project\NeuralNetwork.cpp(851,36): warning C4267: 'initializing': conversion from 'size_t' to 'int', possible loss of data
D:\Projects\Audio Splitter App\2 - Main Project\Audio Seperator and Notation Viewer Main Project\NeuralNetwork.cpp(854,42): warning C4267: 'initializing': conversion from 'size_t' to 'int', possible loss of data
D:\Projects\Audio Splitter App\2 - Main Project\Audio Seperator and Notation Viewer Main Project\NeuralNetwork.cpp(855,48): warning C4267: 'initializing': conversion from 'size_t' to 'int', possible loss of data
D:\Projects\Audio Splitter App\2 - Main Project\Audio Seperator and Notation Viewer Main Project\NeuralNetwork.cpp(868,52): warning C4267: 'initializing': conversion from 'size_t' to 'int', possible loss of data
D:\Projects\Audio Splitter App\2 - Main Project\Audio Seperator and Notation Viewer Main Project\NeuralNetwork.cpp(869,61): warning C4267: 'initializing': conversion from 'size_t' to 'int', possible loss of data
D:\Projects\Audio Splitter App\2 - Main Project\Audio Seperator and Notation Viewer Main Project\NeuralNetwork.cpp(919,45): warning C4267: 'initializing': conversion from 'size_t' to 'int', possible loss of data
D:\Projects\Audio Splitter App\2 - Main Project\Audio Seperator and Notation Viewer Main Project\NeuralNetwork.cpp(920,54): warning C4267: 'initializing': conversion from 'size_t' to 'int', possible loss of data
D:\Projects\Audio Splitter App\2 - Main Project\Audio Seperator and Notation Viewer Main Project\NeuralNetwork.cpp(928,46): warning C4267: 'initializing': conversion from 'size_t' to 'int', possible loss of data
D:\Projects\Audio Splitter App\2 - Main Project\Audio Seperator and Notation Viewer Main Project\NeuralNetwork.cpp(942,56): warning C4267: 'initializing': conversion from 'size_t' to 'int', possible loss of data
D:\Projects\Audio Splitter App\2 - Main Project\Audio Seperator and Notation Viewer Main Project\NeuralNetwork.cpp(943,57): warning C4267: 'initializing': conversion from 'size_t' to 'int', possible loss of data
D:\Projects\Audio Splitter App\2 - Main Project\Audio Seperator and Notation Viewer Main Project\NeuralNetwork.cpp(982,45): warning C4267: 'initializing': conversion from 'size_t' to 'int', possible loss of data
D:\Projects\Audio Splitter App\2 - Main Project\Audio Seperator and Notation Viewer Main Project\NeuralNetwork.cpp(983,46): warning C4267: 'initializing': conversion from 'size_t' to 'int', possible loss of data
D:\Projects\Audio Splitter App\2 - Main Project\Audio Seperator and Notation Viewer Main Project\NeuralNetwork.cpp(984,51): warning C4267: 'initializing': conversion from 'size_t' to 'int', possible loss of data
D:\Projects\Audio Splitter App\2 - Main Project\Audio Seperator and Notation Viewer Main Project\NeuralNetwork.cpp(1004,42): warning C4267: 'initializing': conversion from 'size_t' to 'int', possible loss of data
D:\Projects\Audio Splitter App\2 - Main Project\Audio Seperator and Notation Viewer Main Project\NeuralNetwork.cpp(1041,45): warning C4267: 'initializing': conversion from 'size_t' to 'int', possible loss of data
D:\Projects\Audio Splitter App\2 - Main Project\Audio Seperator and Notation Viewer Main Project\NeuralNetwork.cpp(1042,46): warning C4267: 'initializing': conversion from 'size_t' to 'int', possible loss of data
D:\Projects\Audio Splitter App\2 - Main Project\Audio Seperator and Notation Viewer Main Project\NeuralNetwork.cpp(1043,51): warning C4267: 'initializing': conversion from 'size_t' to 'int', possible loss of data
D:\Projects\Audio Splitter App\2 - Main Project\Audio Seperator and Notation Viewer Main Project\NeuralNetwork.cpp(1066,56): warning C4267: 'initializing': conversion from 'size_t' to 'int', possible loss of data
D:\Projects\Audio Splitter App\2 - Main Project\Audio Seperator and Notation Viewer Main Project\NeuralNetwork.cpp(1067,57): warning C4267: 'initializing': conversion from 'size_t' to 'int', possible loss of data
D:\Projects\Audio Splitter App\2 - Main Project\Audio Seperator and Notation Viewer Main Project\NeuralNetwork.cpp(1139,43): warning C4267: 'initializing': conversion from 'size_t' to 'int', possible loss of data
  audio.cpp
D:\Projects\Audio Splitter App\2 - Main Project\Audio Seperator and Notation Viewer Main Project\Headers\NeuralNetwork.h(108): warning C4091: 'static ': ignored on left of 'NeuralNetwork::Node' when no variable is declared
D:\Projects\Audio Splitter App\2 - Main Project\Audio Seperator and Notation Viewer Main Project\Headers\NeuralNetwork.h(123): warning C4091: 'static ': ignored on left of 'NeuralNetwork::Bias' when no variable is declared
D:\Projects\Audio Splitter App\2 - Main Project\Audio Seperator and Notation Viewer Main Project\Headers\minimp3_ex.h(274,65): warning C4267: 'argument': conversion from 'size_t' to 'int', possible loss of data
D:\Projects\Audio Splitter App\2 - Main Project\Audio Seperator and Notation Viewer Main Project\Headers\minimp3_ex.h(355,99): warning C4267: 'argument': conversion from 'size_t' to 'int', possible loss of data
D:\Projects\Audio Splitter App\2 - Main Project\Audio Seperator and Notation Viewer Main Project\Headers\minimp3_ex.h(360,79): warning C4267: 'argument': conversion from 'size_t' to 'int', possible loss of data
D:\Projects\Audio Splitter App\2 - Main Project\Audio Seperator and Notation Viewer Main Project\Headers\minimp3_ex.h(441,124): warning C4267: 'argument': conversion from 'size_t' to 'int', possible loss of data
D:\Projects\Audio Splitter App\2 - Main Project\Audio Seperator and Notation Viewer Main Project\Headers\minimp3_ex.h(445,134): warning C4267: 'argument': conversion from 'size_t' to 'int', possible loss of data
D:\Projects\Audio Splitter App\2 - Main Project\Audio Seperator and Notation Viewer Main Project\Headers\minimp3_ex.h(469,32): warning C4267: '-=': conversion from 'size_t' to 'int', possible loss of data
D:\Projects\Audio Splitter App\2 - Main Project\Audio Seperator and Notation Viewer Main Project\Headers\minimp3_ex.h(470,32): warning C4267: '-=': conversion from 'size_t' to 'int', possible loss of data
D:\Projects\Audio Splitter App\2 - Main Project\Audio Seperator and Notation Viewer Main Project\Headers\minimp3_ex.h(495,57): warning C4267: '=': conversion from 'size_t' to 'int', possible loss of data
D:\Projects\Audio Splitter App\2 - Main Project\Audio Seperator and Notation Viewer Main Project\Headers\minimp3_ex.h(513,79): warning C4267: 'argument': conversion from 'size_t' to 'int', possible loss of data
D:\Projects\Audio Splitter App\2 - Main Project\Audio Seperator and Notation Viewer Main Project\Headers\minimp3_ex.h(572,99): warning C4267: 'argument': conversion from 'size_t' to 'int', possible loss of data
D:\Projects\Audio Splitter App\2 - Main Project\Audio Seperator and Notation Viewer Main Project\Headers\minimp3_ex.h(665,127): warning C4267: 'argument': conversion from 'size_t' to 'int', possible loss of data
D:\Projects\Audio Splitter App\2 - Main Project\Audio Seperator and Notation Viewer Main Project\Headers\minimp3_ex.h(821,29): warning C4244: '=': conversion from 'uint64_t' to 'int', possible loss of data
D:\Projects\Audio Splitter App\2 - Main Project\Audio Seperator and Notation Viewer Main Project\Headers\minimp3_ex.h(893,140): warning C4267: 'argument': conversion from 'size_t' to 'int', possible loss of data
D:\Projects\Audio Splitter App\2 - Main Project\Audio Seperator and Notation Viewer Main Project\Headers\minimp3_ex.h(901,76): warning C4244: 'argument': conversion from 'uint64_t' to 'int', possible loss of data
D:\Projects\Audio Splitter App\2 - Main Project\Audio Seperator and Notation Viewer Main Project\Headers\minimp3_ex.h(916,45): warning C4267: '+=': conversion from 'size_t' to 'int', possible loss of data
D:\Projects\Audio Splitter App\2 - Main Project\Audio Seperator and Notation Viewer Main Project\Headers\minimp3_ex.h(917,37): warning C4267: '-=': conversion from 'size_t' to 'int', possible loss of data
D:\Projects\Audio Splitter App\2 - Main Project\Audio Seperator and Notation Viewer Main Project\Headers\minimp3_ex.h(943,40): warning C4267: '+=': conversion from 'size_t' to 'int', possible loss of data
D:\Projects\Audio Splitter App\2 - Main Project\Audio Seperator and Notation Viewer Main Project\audio.cpp(47,101): warning C4267: 'argument': conversion from 'size_t' to 'int', possible loss of data
D:\Projects\Audio Splitter App\2 - Main Project\Audio Seperator and Notation Viewer Main Project\audio.cpp(64,45): warning C4267: 'initializing': conversion from 'size_t' to 'int', possible loss of data
D:\Projects\Audio Splitter App\2 - Main Project\Audio Seperator and Notation Viewer Main Project\audio.cpp(82,43): warning C4267: 'initializing': conversion from 'size_t' to 'int', possible loss of data
D:\Projects\Audio Splitter App\2 - Main Project\Audio Seperator and Notation Viewer Main Project\audio.cpp(125,54): warning C4267: 'initializing': conversion from 'size_t' to 'int', possible loss of data
D:\Projects\Audio Splitter App\2 - Main Project\Audio Seperator and Notation Viewer Main Project\audio.cpp(130,71): warning C4244: 'argument': conversion from '_Ty' to 'float', possible loss of data
          with
          [
              _Ty=double
          ]
D:\Projects\Audio Splitter App\2 - Main Project\Audio Seperator and Notation Viewer Main Project\audio.cpp(146,52): warning C4267: 'initializing': conversion from 'size_t' to 'int', possible loss of data
D:\Projects\Audio Splitter App\2 - Main Project\Audio Seperator and Notation Viewer Main Project\audio.cpp(169,101): warning C4267: 'argument': conversion from 'size_t' to 'int', possible loss of data
D:\Projects\Audio Splitter App\2 - Main Project\Audio Seperator and Notation Viewer Main Project\audio.cpp(180,45): warning C4267: 'initializing': conversion from 'size_t' to 'int', possible loss of data
D:\Projects\Audio Splitter App\2 - Main Project\Audio Seperator and Notation Viewer Main Project\audio.cpp(199,39): warning C4267: 'initializing': conversion from 'size_t' to 'int', possible loss of data
D:\Projects\Audio Splitter App\2 - Main Project\Audio Seperator and Notation Viewer Main Project\audio.cpp(200,51): warning C4267: 'initializing': conversion from 'size_t' to 'int', possible loss of data
D:\Projects\Audio Splitter App\2 - Main Project\Audio Seperator and Notation Viewer Main Project\audio.cpp(217,26): warning C4244: 'initializing': conversion from 'double' to 'float', possible loss of data
D:\Projects\Audio Splitter App\2 - Main Project\Audio Seperator and Notation Viewer Main Project\audio.cpp(231,26): warning C4244: 'initializing': conversion from 'double' to 'int16_t', possible loss of data
D:\Projects\Audio Splitter App\2 - Main Project\Audio Seperator and Notation Viewer Main Project\audio.cpp(243,45): warning C4244: '=': conversion from 'double' to '_Ty', possible loss of data
          with
          [
              _Ty=int16_t
          ]
D:\Projects\Audio Splitter App\2 - Main Project\Audio Seperator and Notation Viewer Main Project\audio.cpp(249,34): warning C4267: 'initializing': conversion from 'size_t' to 'int', possible loss of data
C:\Program Files (x86)\Microsoft Visual Studio\2019\Community\VC\Tools\MSVC\14.29.30037\include\utility(249,61): warning C4244: 'initializing': conversion from '_Ty' to '_Ty2', possible loss of data
          with
          [
              _Ty=double
          ]
          and
          [
              _Ty2=float
          ]
D:\Projects\Audio Splitter App\2 - Main Project\Audio Seperator and Notation Viewer Main Project\audio.cpp(138): message : see reference to function template instantiation 'std::pair<std::vector<std::vector<float,std::allocator<float>>,std::allocator<std::vector<float,std::allocator<float>>>>,float>::pair<std::vector<std::vector<float,std::allocator<float>>,std::allocator<std::vector<float,std::allocator<float>>>>,double,0>(std::pair<std::vector<std::vector<float,std::allocator<float>>,std::allocator<std::vector<float,std::allocator<float>>>>,double> &&) noexcept' being compiled
D:\Projects\Audio Splitter App\2 - Main Project\Audio Seperator and Notation Viewer Main Project\audio.cpp(138): message : see reference to function template instantiation 'std::pair<std::vector<std::vector<float,std::allocator<float>>,std::allocator<std::vector<float,std::allocator<float>>>>,float>::pair<std::vector<std::vector<float,std::allocator<float>>,std::allocator<std::vector<float,std::allocator<float>>>>,double,0>(std::pair<std::vector<std::vector<float,std::allocator<float>>,std::allocator<std::vector<float,std::allocator<float>>>>,double> &&) noexcept' being compiled
C:\Program Files (x86)\Microsoft Visual Studio\2019\Community\VC\Tools\MSVC\14.29.30037\include\xmemory(714,47): warning C4244: 'initializing': conversion from 'double' to '_Objty', possible loss of data
          with
          [
              _Objty=float
          ]
C:\Program Files (x86)\Microsoft Visual Studio\2019\Community\VC\Tools\MSVC\14.29.30037\include\xmemory(1610): message : see reference to function template instantiation 'void std::_Default_allocator_traits<_Alloc>::construct<_Ty,double&>(_Alloc &,_Objty *const ,double &)' being compiled
          with
          [
              _Alloc=std::allocator<float>,
              _Ty=float,
              _Objty=float
          ]
C:\Program Files (x86)\Microsoft Visual Studio\2019\Community\VC\Tools\MSVC\14.29.30037\include\xmemory(1611): message : see reference to function template instantiation 'void std::_Default_allocator_traits<_Alloc>::construct<_Ty,double&>(_Alloc &,_Objty *const ,double &)' being compiled
          with
          [
              _Alloc=std::allocator<float>,
              _Ty=float,
              _Objty=float
          ]
C:\Program Files (x86)\Microsoft Visual Studio\2019\Community\VC\Tools\MSVC\14.29.30037\include\xmemory(1651): message : see reference to function template instantiation 'void std::_Uninitialized_backout_al<_Alloc>::_Emplace_back<double&>(double &)' being compiled
          with
          [
              _Alloc=std::allocator<float>
          ]
C:\Program Files (x86)\Microsoft Visual Studio\2019\Community\VC\Tools\MSVC\14.29.30037\include\xmemory(1651): message : see reference to function template instantiation 'void std::_Uninitialized_backout_al<_Alloc>::_Emplace_back<double&>(double &)' being compiled
          with
          [
              _Alloc=std::allocator<float>
          ]
C:\Program Files (x86)\Microsoft Visual Studio\2019\Community\VC\Tools\MSVC\14.29.30037\include\vector(1654): message : see reference to function template instantiation 'float *std::_Uninitialized_copy<_Iter,std::allocator<float>>(const _InIt,const _InIt,float *,_Alloc &)' being compiled
          with
          [
              _Iter=double *,
              _InIt=double *,
              _Alloc=std::allocator<float>
          ]
C:\Program Files (x86)\Microsoft Visual Studio\2019\Community\VC\Tools\MSVC\14.29.30037\include\vector(530): message : see reference to function template instantiation 'float *std::vector<float,std::allocator<float>>::_Ucopy<_Iter>(_Iter,_Iter,float *)' being compiled
          with
          [
              _Iter=double *
          ]
C:\Program Files (x86)\Microsoft Visual Studio\2019\Community\VC\Tools\MSVC\14.29.30037\include\vector(530): message : see reference to function template instantiation 'float *std::vector<float,std::allocator<float>>::_Ucopy<_Iter>(_Iter,_Iter,float *)' being compiled
          with
          [
              _Iter=double *
          ]
C:\Program Files (x86)\Microsoft Visual Studio\2019\Community\VC\Tools\MSVC\14.29.30037\include\vector(542): message : see reference to function template instantiation 'void std::vector<float,std::allocator<float>>::_Range_construct_or_tidy<double*>(_Iter,_Iter,std::forward_iterator_tag)' being compiled
          with
          [
              _Iter=double *
          ]
C:\Program Files (x86)\Microsoft Visual Studio\2019\Community\VC\Tools\MSVC\14.29.30037\include\vector(542): message : see reference to function template instantiation 'void std::vector<float,std::allocator<float>>::_Range_construct_or_tidy<double*>(_Iter,_Iter,std::forward_iterator_tag)' being compiled
          with
          [
              _Iter=double *
          ]
D:\Projects\Audio Splitter App\2 - Main Project\Audio Seperator and Notation Viewer Main Project\audio.cpp(133): message : see reference to function template instantiation 'std::vector<float,std::allocator<float>>::vector<std::_Vector_iterator<std::_Vector_val<std::_Simple_types<_Ty>>>,0>(_Iter,_Iter,const _Alloc &)' being compiled
          with
          [
              _Ty=double,
              _Iter=std::_Vector_iterator<std::_Vector_val<std::_Simple_types<double>>>,
              _Alloc=std::allocator<float>
          ]
D:\Projects\Audio Splitter App\2 - Main Project\Audio Seperator and Notation Viewer Main Project\audio.cpp(133): message : see reference to function template instantiation 'std::vector<float,std::allocator<float>>::vector<std::_Vector_iterator<std::_Vector_val<std::_Simple_types<_Ty>>>,0>(_Iter,_Iter,const _Alloc &)' being compiled
          with
          [
              _Ty=double,
              _Iter=std::_Vector_iterator<std::_Vector_val<std::_Simple_types<double>>>,
              _Alloc=std::allocator<float>
          ]
  files.cpp
D:\Projects\Audio Splitter App\2 - Main Project\Audio Seperator and Notation Viewer Main Project\Headers\NeuralNetwork.h(108): warning C4091: 'static ': ignored on left of 'NeuralNetwork::Node' when no variable is declared
D:\Projects\Audio Splitter App\2 - Main Project\Audio Seperator and Notation Viewer Main Project\Headers\NeuralNetwork.h(123): warning C4091: 'static ': ignored on left of 'NeuralNetwork::Bias' when no variable is declared
D:\Projects\Audio Splitter App\2 - Main Project\Audio Seperator and Notation Viewer Main Project\files.cpp(14,24): warning C4267: 'initializing': conversion from 'size_t' to 'int', possible loss of data
D:\Projects\Audio Splitter App\2 - Main Project\Audio Seperator and Notation Viewer Main Project\files.cpp(33,31): warning C4267: 'initializing': conversion from 'size_t' to 'int', possible loss of data
D:\Projects\Audio Splitter App\2 - Main Project\Audio Seperator and Notation Viewer Main Project\files.cpp(81,56): warning C4267: 'initializing': conversion from 'size_t' to 'int', possible loss of data
D:\Projects\Audio Splitter App\2 - Main Project\Audio Seperator and Notation Viewer Main Project\files.cpp(116,56): warning C4267: 'initializing': conversion from 'size_t' to 'int', possible loss of data
D:\Projects\Audio Splitter App\2 - Main Project\Audio Seperator and Notation Viewer Main Project\files.cpp(154,46): warning C4267: 'initializing': conversion from 'size_t' to 'int', possible loss of data
D:\Projects\Audio Splitter App\2 - Main Project\Audio Seperator and Notation Viewer Main Project\files.cpp(155,51): warning C4267: 'initializing': conversion from 'size_t' to 'int', possible loss of data
D:\Projects\Audio Splitter App\2 - Main Project\Audio Seperator and Notation Viewer Main Project\files.cpp(255,39): warning C4267: 'initializing': conversion from 'size_t' to 'int', possible loss of data
D:\Projects\Audio Splitter App\2 - Main Project\Audio Seperator and Notation Viewer Main Project\files.cpp(304,63): warning C4267: 'initializing': conversion from 'size_t' to 'int', possible loss of data
  main.cpp
D:\Projects\Audio Splitter App\2 - Main Project\Audio Seperator and Notation Viewer Main Project\Headers\NeuralNetwork.h(108): warning C4091: 'static ': ignored on left of 'NeuralNetwork::Node' when no variable is declared
D:\Projects\Audio Splitter App\2 - Main Project\Audio Seperator and Notation Viewer Main Project\Headers\NeuralNetwork.h(123): warning C4091: 'static ': ignored on left of 'NeuralNetwork::Bias' when no variable is declared
D:\Projects\Audio Splitter App\2 - Main Project\Audio Seperator and Notation Viewer Main Project\main.cpp(32,36): warning C4267: 'initializing': conversion from 'size_t' to 'int', possible loss of data
D:\Projects\Audio Splitter App\2 - Main Project\Audio Seperator and Notation Viewer Main Project\main.cpp(33,38): warning C4267: 'initializing': conversion from 'size_t' to 'int', possible loss of data
  Generating code
  6 of 1271 functions ( 0.5%) were compiled, the rest were copied from previous compilation.
    0 functions were new in current compilation
    13 functions had inline decision re-evaluated but remain unchanged
  Finished generating code
  Audio Seperator and Notation Viewer Main Project.vcxproj -> D:\Projects\Audio Splitter App\2 - Main Project\x64\Release\Audio Seperator and Notation Viewer Main Project.exe
