  MainProject.cpp
D:\Projects\Audio Splitter App\2 - Main Project\Audio Seperator and Notation Viewer Main Project\Headers\NeuralNetwork.h(127): warning C4091: 'static ': ignored on left of 'NeuralNetwork::randomMethodConfig' when no variable is declared
D:\Projects\Audio Splitter App\2 - Main Project\Audio Seperator and Notation Viewer Main Project\Headers\NeuralNetwork.h(171): warning C4091: 'static ': ignored on left of 'NeuralNetwork::Node' when no variable is declared
D:\Projects\Audio Splitter App\2 - Main Project\Audio Seperator and Notation Viewer Main Project\Headers\NeuralNetwork.h(188): warning C4091: 'static ': ignored on left of 'NeuralNetwork::Bias' when no variable is declared
D:\Projects\Audio Splitter App\2 - Main Project\Audio Seperator and Notation Viewer Main Project\Headers\tabs.h(16,1): warning C4005: 'PROGRESS_BAR_SIZE': macro redefinition
D:\Projects\Audio Splitter App\2 - Main Project\Audio Seperator and Notation Viewer Main Project\Headers\notation.h(29): message : see previous definition of 'PROGRESS_BAR_SIZE'
D:\Projects\Audio Splitter App\2 - Main Project\Audio Seperator and Notation Viewer Main Project\MainProject.cpp(66,42): warning C4018: '<': signed/unsigned mismatch
  main.cpp
D:\Projects\Audio Splitter App\2 - Main Project\Audio Seperator and Notation Viewer Main Project\Headers\NeuralNetwork.h(127): warning C4091: 'static ': ignored on left of 'NeuralNetwork::randomMethodConfig' when no variable is declared
D:\Projects\Audio Splitter App\2 - Main Project\Audio Seperator and Notation Viewer Main Project\Headers\NeuralNetwork.h(171): warning C4091: 'static ': ignored on left of 'NeuralNetwork::Node' when no variable is declared
D:\Projects\Audio Splitter App\2 - Main Project\Audio Seperator and Notation Viewer Main Project\Headers\NeuralNetwork.h(188): warning C4091: 'static ': ignored on left of 'NeuralNetwork::Bias' when no variable is declared
D:\Projects\Audio Splitter App\2 - Main Project\Audio Seperator and Notation Viewer Main Project\Headers\tabs.h(16,1): warning C4005: 'PROGRESS_BAR_SIZE': macro redefinition
D:\Projects\Audio Splitter App\2 - Main Project\Audio Seperator and Notation Viewer Main Project\Headers\notation.h(29): message : see previous definition of 'PROGRESS_BAR_SIZE'
D:\Projects\Audio Splitter App\2 - Main Project\Audio Seperator and Notation Viewer Main Project\main.cpp(4,12): warning C4244: 'argument': conversion from 'time_t' to 'unsigned int', possible loss of data
  tabs.cpp
D:\Projects\Audio Splitter App\2 - Main Project\Audio Seperator and Notation Viewer Main Project\tabs.cpp(59,11): warning C4244: 'initializing': conversion from 'int' to 'float', possible loss of data
D:\Projects\Audio Splitter App\2 - Main Project\Audio Seperator and Notation Viewer Main Project\tabs.cpp(117,11): warning C4244: 'initializing': conversion from 'int' to 'float', possible loss of data
D:\Projects\Audio Splitter App\2 - Main Project\Audio Seperator and Notation Viewer Main Project\tabs.cpp(168,20): warning C4244: 'initializing': conversion from 'float' to 'int', possible loss of data
D:\Projects\Audio Splitter App\2 - Main Project\Audio Seperator and Notation Viewer Main Project\tabs.cpp(171,20): warning C4244: 'initializing': conversion from 'float' to 'int', possible loss of data
D:\Projects\Audio Splitter App\2 - Main Project\Audio Seperator and Notation Viewer Main Project\tabs.cpp(185,19): warning C4244: 'initializing': conversion from 'double' to 'float', possible loss of data
D:\Projects\Audio Splitter App\2 - Main Project\Audio Seperator and Notation Viewer Main Project\tabs.cpp(187,33): warning C4244: '=': conversion from 'double' to 'float', possible loss of data
D:\Projects\Audio Splitter App\2 - Main Project\Audio Seperator and Notation Viewer Main Project\tabs.cpp(200,20): warning C4244: 'initializing': conversion from 'float' to 'int', possible loss of data
D:\Projects\Audio Splitter App\2 - Main Project\Audio Seperator and Notation Viewer Main Project\tabs.cpp(206,20): warning C4244: 'initializing': conversion from 'float' to 'int', possible loss of data
D:\Projects\Audio Splitter App\2 - Main Project\Audio Seperator and Notation Viewer Main Project\tabs.cpp(216,27): warning C4244: '=': conversion from 'double' to 'float', possible loss of data
D:\Projects\Audio Splitter App\2 - Main Project\Audio Seperator and Notation Viewer Main Project\tabs.cpp(218,20): warning C4244: 'initializing': conversion from 'double' to 'float', possible loss of data
D:\Projects\Audio Splitter App\2 - Main Project\Audio Seperator and Notation Viewer Main Project\tabs.cpp(224,17): warning C4244: 'initializing': conversion from 'float' to 'int', possible loss of data
D:\Projects\Audio Splitter App\2 - Main Project\Audio Seperator and Notation Viewer Main Project\tabs.cpp(235,21): warning C4244: 'initializing': conversion from 'float' to 'int', possible loss of data
D:\Projects\Audio Splitter App\2 - Main Project\Audio Seperator and Notation Viewer Main Project\tabs.cpp(272,20): warning C4244: 'initializing': conversion from 'double' to 'int', possible loss of data
D:\Projects\Audio Splitter App\2 - Main Project\Audio Seperator and Notation Viewer Main Project\tabs.cpp(276,20): warning C4244: 'initializing': conversion from 'double' to 'float', possible loss of data
D:\Projects\Audio Splitter App\2 - Main Project\Audio Seperator and Notation Viewer Main Project\tabs.cpp(278,17): warning C4244: 'initializing': conversion from 'float' to 'int', possible loss of data
D:\Projects\Audio Splitter App\2 - Main Project\Audio Seperator and Notation Viewer Main Project\tabs.cpp(286,42): warning C4244: 'argument': conversion from 'double' to 'float', possible loss of data
D:\Projects\Audio Splitter App\2 - Main Project\Audio Seperator and Notation Viewer Main Project\tabs.cpp(286,16): warning C4244: 'initializing': conversion from 'float' to 'int', possible loss of data
LINK : warning LNK4098: defaultlib 'LIBCMT' conflicts with use of other libs; use /NODEFAULTLIB:library
  Generating code
  15 of 1033 functions ( 1.5%) were compiled, the rest were copied from previous compilation.
    0 functions were new in current compilation
    9 functions had inline decision re-evaluated but remain unchanged
  Finished generating code
glew32s.lib(glew.obj) : warning LNK4099: PDB 'vc120.pdb' was not found with 'glew32s.lib(glew.obj)' or at 'D:\Projects\Audio Splitter App\2 - Main Project\Release\vc120.pdb'; linking object as if no debug info
  Audio Seperator and Notation Viewer Main Project.vcxproj -> D:\Projects\Audio Splitter App\2 - Main Project\Release\Main Project.exe
