  0 File(s) copied
  audio.cpp
D:\Projects\Audio Splitter App\2 - Main Project Notation\IFFT To Audio\Headers\minimp3_ex.h(405,60): warning C4244: '+=': conversion from 'uint64_t' to 'size_t', possible loss of data
D:\Projects\Audio Splitter App\2 - Main Project Notation\IFFT To Audio\Headers\minimp3_ex.h(485,25): warning C4244: '=': conversion from 'uint64_t' to 'size_t', possible loss of data
D:\Projects\Audio Splitter App\2 - Main Project Notation\IFFT To Audio\Headers\minimp3_ex.h(755,95): warning C4244: 'argument': conversion from 'uint64_t' to 'size_t', possible loss of data
D:\Projects\Audio Splitter App\2 - Main Project Notation\IFFT To Audio\Headers\minimp3_ex.h(821,29): warning C4244: '=': conversion from 'uint64_t' to 'int', possible loss of data
D:\Projects\Audio Splitter App\2 - Main Project Notation\IFFT To Audio\Headers\minimp3_ex.h(901,76): warning C4244: 'argument': conversion from 'uint64_t' to 'int', possible loss of data
D:\Projects\Audio Splitter App\2 - Main Project Notation\IFFT To Audio\Headers\minimp3_ex.h(939,49): warning C4244: '=': conversion from 'uint64_t' to 'size_t', possible loss of data
D:\Projects\Audio Splitter App\2 - Main Project Notation\IFFT To Audio\Headers\minimp3_ex.h(1176,23): warning C4244: '=': conversion from 'LONGLONG' to 'size_t', possible loss of data
D:\Projects\Audio Splitter App\2 - Main Project Notation\IFFT To Audio\Headers\minimp3_ex.h(1181,85): warning C4244: 'argument': conversion from 'LONGLONG' to 'SIZE_T', possible loss of data
D:\Projects\Audio Splitter App\2 - Main Project Notation\IFFT To Audio\audio.cpp(177,20): warning C4018: '<': signed/unsigned mismatch
D:\Projects\Audio Splitter App\2 - Main Project Notation\IFFT To Audio\audio.cpp(181,21): warning C4018: '<': signed/unsigned mismatch
D:\Projects\Audio Splitter App\2 - Main Project Notation\IFFT To Audio\audio.cpp(186,21): warning C4018: '<': signed/unsigned mismatch
D:\Projects\Audio Splitter App\2 - Main Project Notation\IFFT To Audio\audio.cpp(212,17): warning C4244: 'initializing': conversion from 'float' to 'int', possible loss of data
D:\Projects\Audio Splitter App\2 - Main Project Notation\IFFT To Audio\audio.cpp(285,29): warning C4309: 'initializing': truncation of constant value
D:\Projects\Audio Splitter App\2 - Main Project Notation\IFFT To Audio\audio.cpp(286,34): warning C4309: 'initializing': truncation of constant value
D:\Projects\Audio Splitter App\2 - Main Project Notation\IFFT To Audio\audio.cpp(407,18): warning C4244: 'initializing': conversion from 'float' to 'int', possible loss of data
D:\Projects\Audio Splitter App\2 - Main Project Notation\IFFT To Audio\audio.cpp(411,18): warning C4244: 'initializing': conversion from 'double' to 'float', possible loss of data
D:\Projects\Audio Splitter App\2 - Main Project Notation\IFFT To Audio\audio.cpp(432,22): warning C4244: 'initializing': conversion from 'float' to 'int', possible loss of data
D:\Projects\Audio Splitter App\2 - Main Project Notation\IFFT To Audio\audio.cpp(439,25): warning C4244: 'initializing': conversion from '_Ty' to 'int', possible loss of data
          with
          [
              _Ty=float
          ]
D:\Projects\Audio Splitter App\2 - Main Project Notation\IFFT To Audio\audio.cpp(457,26): warning C4244: 'initializing': conversion from '_Ty' to 'ALshort', possible loss of data
          with
          [
              _Ty=float
          ]
D:\Projects\Audio Splitter App\2 - Main Project Notation\IFFT To Audio\audio.cpp(482,11): warning C4834: discarding return value of function with 'nodiscard' attribute
C:\Program Files (x86)\Microsoft Visual Studio\2019\Community\VC\Tools\MSVC\14.29.30133\include\utility(249,61): warning C4244: 'initializing': conversion from '_Ty' to '_Ty2', possible loss of data
          with
          [
              _Ty=double
          ]
          and
          [
              _Ty2=float
          ]
D:\Projects\Audio Splitter App\2 - Main Project Notation\IFFT To Audio\audio.cpp(147): message : see reference to function template instantiation 'std::pair<std::vector<std::vector<float,std::allocator<float>>,std::allocator<std::vector<float,std::allocator<float>>>>,float>::pair<std::vector<std::vector<float,std::allocator<float>>,std::allocator<std::vector<float,std::allocator<float>>>>,double,0>(std::pair<std::vector<std::vector<float,std::allocator<float>>,std::allocator<std::vector<float,std::allocator<float>>>>,double> &&) noexcept' being compiled
D:\Projects\Audio Splitter App\2 - Main Project Notation\IFFT To Audio\audio.cpp(147): message : see reference to function template instantiation 'std::pair<std::vector<std::vector<float,std::allocator<float>>,std::allocator<std::vector<float,std::allocator<float>>>>,float>::pair<std::vector<std::vector<float,std::allocator<float>>,std::allocator<std::vector<float,std::allocator<float>>>>,double,0>(std::pair<std::vector<std::vector<float,std::allocator<float>>,std::allocator<std::vector<float,std::allocator<float>>>>,double> &&) noexcept' being compiled
C:\Program Files (x86)\Microsoft Visual Studio\2019\Community\VC\Tools\MSVC\14.29.30133\include\xmemory(714,47): warning C4244: 'initializing': conversion from 'double' to '_Objty', possible loss of data
          with
          [
              _Objty=float
          ]
C:\Program Files (x86)\Microsoft Visual Studio\2019\Community\VC\Tools\MSVC\14.29.30133\include\xmemory(1610): message : see reference to function template instantiation 'void std::_Default_allocator_traits<_Alloc>::construct<_Ty,double&>(_Alloc &,_Objty *const ,double &)' being compiled
          with
          [
              _Alloc=std::allocator<float>,
              _Ty=float,
              _Objty=float
          ]
C:\Program Files (x86)\Microsoft Visual Studio\2019\Community\VC\Tools\MSVC\14.29.30133\include\xmemory(1611): message : see reference to function template instantiation 'void std::_Default_allocator_traits<_Alloc>::construct<_Ty,double&>(_Alloc &,_Objty *const ,double &)' being compiled
          with
          [
              _Alloc=std::allocator<float>,
              _Ty=float,
              _Objty=float
          ]
C:\Program Files (x86)\Microsoft Visual Studio\2019\Community\VC\Tools\MSVC\14.29.30133\include\xmemory(1651): message : see reference to function template instantiation 'void std::_Uninitialized_backout_al<_Alloc>::_Emplace_back<double&>(double &)' being compiled
          with
          [
              _Alloc=std::allocator<float>
          ]
C:\Program Files (x86)\Microsoft Visual Studio\2019\Community\VC\Tools\MSVC\14.29.30133\include\xmemory(1651): message : see reference to function template instantiation 'void std::_Uninitialized_backout_al<_Alloc>::_Emplace_back<double&>(double &)' being compiled
          with
          [
              _Alloc=std::allocator<float>
          ]
C:\Program Files (x86)\Microsoft Visual Studio\2019\Community\VC\Tools\MSVC\14.29.30133\include\vector(1654): message : see reference to function template instantiation 'float *std::_Uninitialized_copy<_Iter,std::allocator<float>>(const _InIt,const _InIt,float *,_Alloc &)' being compiled
          with
          [
              _Iter=double *,
              _InIt=double *,
              _Alloc=std::allocator<float>
          ]
C:\Program Files (x86)\Microsoft Visual Studio\2019\Community\VC\Tools\MSVC\14.29.30133\include\vector(530): message : see reference to function template instantiation 'float *std::vector<float,std::allocator<float>>::_Ucopy<_Iter>(_Iter,_Iter,float *)' being compiled
          with
          [
              _Iter=double *
          ]
C:\Program Files (x86)\Microsoft Visual Studio\2019\Community\VC\Tools\MSVC\14.29.30133\include\vector(530): message : see reference to function template instantiation 'float *std::vector<float,std::allocator<float>>::_Ucopy<_Iter>(_Iter,_Iter,float *)' being compiled
          with
          [
              _Iter=double *
          ]
C:\Program Files (x86)\Microsoft Visual Studio\2019\Community\VC\Tools\MSVC\14.29.30133\include\vector(542): message : see reference to function template instantiation 'void std::vector<float,std::allocator<float>>::_Range_construct_or_tidy<double*>(_Iter,_Iter,std::forward_iterator_tag)' being compiled
          with
          [
              _Iter=double *
          ]
C:\Program Files (x86)\Microsoft Visual Studio\2019\Community\VC\Tools\MSVC\14.29.30133\include\vector(542): message : see reference to function template instantiation 'void std::vector<float,std::allocator<float>>::_Range_construct_or_tidy<double*>(_Iter,_Iter,std::forward_iterator_tag)' being compiled
          with
          [
              _Iter=double *
          ]
D:\Projects\Audio Splitter App\2 - Main Project Notation\IFFT To Audio\audio.cpp(142): message : see reference to function template instantiation 'std::vector<float,std::allocator<float>>::vector<std::_Vector_iterator<std::_Vector_val<std::_Simple_types<_Ty>>>,0>(_Iter,_Iter,const _Alloc &)' being compiled
          with
          [
              _Ty=double,
              _Iter=std::_Vector_iterator<std::_Vector_val<std::_Simple_types<double>>>,
              _Alloc=std::allocator<float>
          ]
D:\Projects\Audio Splitter App\2 - Main Project Notation\IFFT To Audio\audio.cpp(142): message : see reference to function template instantiation 'std::vector<float,std::allocator<float>>::vector<std::_Vector_iterator<std::_Vector_val<std::_Simple_types<_Ty>>>,0>(_Iter,_Iter,const _Alloc &)' being compiled
          with
          [
              _Ty=double,
              _Iter=std::_Vector_iterator<std::_Vector_val<std::_Simple_types<double>>>,
              _Alloc=std::allocator<float>
          ]
LINK : warning LNK4098: defaultlib 'LIBCMT' conflicts with use of other libs; use /NODEFAULTLIB:library
  Generating code
  2 of 1776 functions ( 0.1%) were compiled, the rest were copied from previous compilation.
    0 functions were new in current compilation
    28 functions had inline decision re-evaluated but remain unchanged
  Finished generating code
glew32s.lib(glew.obj) : warning LNK4099: PDB 'vc120.pdb' was not found with 'glew32s.lib(glew.obj)' or at 'D:\Projects\Audio Splitter App\2 - Main Project Notation\Release\vc120.pdb'; linking object as if no debug info
  IFFT To Audio.vcxproj -> D:\Projects\Audio Splitter App\2 - Main Project Notation\Release\Main Project Notation.exe
