  0 File(s) copied
  audio.cpp
D:\Projects\Audio Splitter App\3 - C++\NeuralNet Output to Audio Example\NeuralNet Output to Audio Example\Headers\minimp3_ex.h(274,65): warning C4267: 'argument': conversion from 'size_t' to 'int', possible loss of data
D:\Projects\Audio Splitter App\3 - C++\NeuralNet Output to Audio Example\NeuralNet Output to Audio Example\Headers\minimp3_ex.h(355,99): warning C4267: 'argument': conversion from 'size_t' to 'int', possible loss of data
D:\Projects\Audio Splitter App\3 - C++\NeuralNet Output to Audio Example\NeuralNet Output to Audio Example\Headers\minimp3_ex.h(360,79): warning C4267: 'argument': conversion from 'size_t' to 'int', possible loss of data
D:\Projects\Audio Splitter App\3 - C++\NeuralNet Output to Audio Example\NeuralNet Output to Audio Example\Headers\minimp3_ex.h(441,124): warning C4267: 'argument': conversion from 'size_t' to 'int', possible loss of data
D:\Projects\Audio Splitter App\3 - C++\NeuralNet Output to Audio Example\NeuralNet Output to Audio Example\Headers\minimp3_ex.h(445,134): warning C4267: 'argument': conversion from 'size_t' to 'int', possible loss of data
D:\Projects\Audio Splitter App\3 - C++\NeuralNet Output to Audio Example\NeuralNet Output to Audio Example\Headers\minimp3_ex.h(469,32): warning C4267: '-=': conversion from 'size_t' to 'int', possible loss of data
D:\Projects\Audio Splitter App\3 - C++\NeuralNet Output to Audio Example\NeuralNet Output to Audio Example\Headers\minimp3_ex.h(470,32): warning C4267: '-=': conversion from 'size_t' to 'int', possible loss of data
D:\Projects\Audio Splitter App\3 - C++\NeuralNet Output to Audio Example\NeuralNet Output to Audio Example\Headers\minimp3_ex.h(495,57): warning C4267: '=': conversion from 'size_t' to 'int', possible loss of data
D:\Projects\Audio Splitter App\3 - C++\NeuralNet Output to Audio Example\NeuralNet Output to Audio Example\Headers\minimp3_ex.h(513,79): warning C4267: 'argument': conversion from 'size_t' to 'int', possible loss of data
D:\Projects\Audio Splitter App\3 - C++\NeuralNet Output to Audio Example\NeuralNet Output to Audio Example\Headers\minimp3_ex.h(572,99): warning C4267: 'argument': conversion from 'size_t' to 'int', possible loss of data
D:\Projects\Audio Splitter App\3 - C++\NeuralNet Output to Audio Example\NeuralNet Output to Audio Example\Headers\minimp3_ex.h(665,127): warning C4267: 'argument': conversion from 'size_t' to 'int', possible loss of data
D:\Projects\Audio Splitter App\3 - C++\NeuralNet Output to Audio Example\NeuralNet Output to Audio Example\Headers\minimp3_ex.h(821,29): warning C4244: '=': conversion from 'uint64_t' to 'int', possible loss of data
D:\Projects\Audio Splitter App\3 - C++\NeuralNet Output to Audio Example\NeuralNet Output to Audio Example\Headers\minimp3_ex.h(893,140): warning C4267: 'argument': conversion from 'size_t' to 'int', possible loss of data
D:\Projects\Audio Splitter App\3 - C++\NeuralNet Output to Audio Example\NeuralNet Output to Audio Example\Headers\minimp3_ex.h(901,76): warning C4244: 'argument': conversion from 'uint64_t' to 'int', possible loss of data
D:\Projects\Audio Splitter App\3 - C++\NeuralNet Output to Audio Example\NeuralNet Output to Audio Example\Headers\minimp3_ex.h(916,45): warning C4267: '+=': conversion from 'size_t' to 'int', possible loss of data
D:\Projects\Audio Splitter App\3 - C++\NeuralNet Output to Audio Example\NeuralNet Output to Audio Example\Headers\minimp3_ex.h(917,37): warning C4267: '-=': conversion from 'size_t' to 'int', possible loss of data
D:\Projects\Audio Splitter App\3 - C++\NeuralNet Output to Audio Example\NeuralNet Output to Audio Example\Headers\minimp3_ex.h(943,40): warning C4267: '+=': conversion from 'size_t' to 'int', possible loss of data
D:\Projects\Audio Splitter App\3 - C++\NeuralNet Output to Audio Example\NeuralNet Output to Audio Example\audio.cpp(34,81): warning C4267: 'argument': conversion from 'size_t' to 'int', possible loss of data
D:\Projects\Audio Splitter App\3 - C++\NeuralNet Output to Audio Example\NeuralNet Output to Audio Example\audio.cpp(51,45): warning C4267: 'initializing': conversion from 'size_t' to 'int', possible loss of data
D:\Projects\Audio Splitter App\3 - C++\NeuralNet Output to Audio Example\NeuralNet Output to Audio Example\audio.cpp(69,43): warning C4267: 'initializing': conversion from 'size_t' to 'int', possible loss of data
D:\Projects\Audio Splitter App\3 - C++\NeuralNet Output to Audio Example\NeuralNet Output to Audio Example\audio.cpp(117,54): warning C4267: 'initializing': conversion from 'size_t' to 'int', possible loss of data
D:\Projects\Audio Splitter App\3 - C++\NeuralNet Output to Audio Example\NeuralNet Output to Audio Example\audio.cpp(135,81): warning C4267: 'argument': conversion from 'size_t' to 'int', possible loss of data
D:\Projects\Audio Splitter App\3 - C++\NeuralNet Output to Audio Example\NeuralNet Output to Audio Example\audio.cpp(152,45): warning C4267: 'initializing': conversion from 'size_t' to 'int', possible loss of data
D:\Projects\Audio Splitter App\3 - C++\NeuralNet Output to Audio Example\NeuralNet Output to Audio Example\audio.cpp(171,43): warning C4267: 'initializing': conversion from 'size_t' to 'int', possible loss of data
C:\Program Files (x86)\Microsoft Visual Studio\2019\Community\VC\Tools\MSVC\14.28.29333\include\xmemory(701,82): warning C4244: 'initializing': conversion from 'double' to '_Objty', possible loss of data
          with
          [
              _Objty=float
          ]
C:\Program Files (x86)\Microsoft Visual Studio\2019\Community\VC\Tools\MSVC\14.28.29333\include\xmemory(1545): message : see reference to function template instantiation 'void std::_Default_allocator_traits<_Alloc>::construct<_Ty,double&>(_Alloc &,_Objty *const ,double &)' being compiled
          with
          [
              _Alloc=std::allocator<float>,
              _Ty=float,
              _Objty=float
          ]
C:\Program Files (x86)\Microsoft Visual Studio\2019\Community\VC\Tools\MSVC\14.28.29333\include\xmemory(1546): message : see reference to function template instantiation 'void std::_Default_allocator_traits<_Alloc>::construct<_Ty,double&>(_Alloc &,_Objty *const ,double &)' being compiled
          with
          [
              _Alloc=std::allocator<float>,
              _Ty=float,
              _Objty=float
          ]
C:\Program Files (x86)\Microsoft Visual Studio\2019\Community\VC\Tools\MSVC\14.28.29333\include\xmemory(1580): message : see reference to function template instantiation 'void std::_Uninitialized_backout_al<_Alloc>::_Emplace_back<double&>(double &)' being compiled
          with
          [
              _Alloc=std::allocator<float>
          ]
C:\Program Files (x86)\Microsoft Visual Studio\2019\Community\VC\Tools\MSVC\14.28.29333\include\xmemory(1580): message : see reference to function template instantiation 'void std::_Uninitialized_backout_al<_Alloc>::_Emplace_back<double&>(double &)' being compiled
          with
          [
              _Alloc=std::allocator<float>
          ]
C:\Program Files (x86)\Microsoft Visual Studio\2019\Community\VC\Tools\MSVC\14.28.29333\include\vector(1588): message : see reference to function template instantiation 'float *std::_Uninitialized_copy<_Iter,std::allocator<float>>(const _InIt,const _InIt,float *,_Alloc &)' being compiled
          with
          [
              _Iter=double *,
              _InIt=double *,
              _Alloc=std::allocator<float>
          ]
C:\Program Files (x86)\Microsoft Visual Studio\2019\Community\VC\Tools\MSVC\14.28.29333\include\vector(498): message : see reference to function template instantiation 'float *std::vector<float,std::allocator<float>>::_Ucopy<_Iter>(_Iter,_Iter,float *)' being compiled
          with
          [
              _Iter=double *
          ]
C:\Program Files (x86)\Microsoft Visual Studio\2019\Community\VC\Tools\MSVC\14.28.29333\include\vector(498): message : see reference to function template instantiation 'float *std::vector<float,std::allocator<float>>::_Ucopy<_Iter>(_Iter,_Iter,float *)' being compiled
          with
          [
              _Iter=double *
          ]
C:\Program Files (x86)\Microsoft Visual Studio\2019\Community\VC\Tools\MSVC\14.28.29333\include\vector(509): message : see reference to function template instantiation 'void std::vector<float,std::allocator<float>>::_Range_construct_or_tidy<double*>(_Iter,_Iter,std::forward_iterator_tag)' being compiled
          with
          [
              _Iter=double *
          ]
C:\Program Files (x86)\Microsoft Visual Studio\2019\Community\VC\Tools\MSVC\14.28.29333\include\vector(509): message : see reference to function template instantiation 'void std::vector<float,std::allocator<float>>::_Range_construct_or_tidy<double*>(_Iter,_Iter,std::forward_iterator_tag)' being compiled
          with
          [
              _Iter=double *
          ]
D:\Projects\Audio Splitter App\3 - C++\NeuralNet Output to Audio Example\NeuralNet Output to Audio Example\audio.cpp(125): message : see reference to function template instantiation 'std::vector<float,std::allocator<float>>::vector<std::_Vector_iterator<std::_Vector_val<std::_Simple_types<_Ty>>>,0>(_Iter,_Iter,const _Alloc &)' being compiled
          with
          [
              _Ty=double,
              _Iter=std::_Vector_iterator<std::_Vector_val<std::_Simple_types<double>>>,
              _Alloc=std::allocator<float>
          ]
D:\Projects\Audio Splitter App\3 - C++\NeuralNet Output to Audio Example\NeuralNet Output to Audio Example\audio.cpp(125): message : see reference to function template instantiation 'std::vector<float,std::allocator<float>>::vector<std::_Vector_iterator<std::_Vector_val<std::_Simple_types<_Ty>>>,0>(_Iter,_Iter,const _Alloc &)' being compiled
          with
          [
              _Ty=double,
              _Iter=std::_Vector_iterator<std::_Vector_val<std::_Simple_types<double>>>,
              _Alloc=std::allocator<float>
          ]
  main.cpp
  Generating Code...
  NeuralNet Output to Audio Example.vcxproj -> D:\Projects\Audio Splitter App\3 - C++\NeuralNet Output to Audio Example\x64\Debug\NeuralNet Output to Audio Example.exe
