  0 File(s) copied
  main.cpp
D:\Projects\Audio Splitter App\3 - C++\NeuralNet Output to Audio Example\NeuralNet Output to Audio Example\main.cpp(40,37): warning C4267: 'initializing': conversion from 'size_t' to 'int', possible loss of data
D:\Projects\Audio Splitter App\3 - C++\NeuralNet Output to Audio Example\NeuralNet Output to Audio Example\main.cpp(53,38): warning C4267: 'initializing': conversion from 'size_t' to 'int', possible loss of data
D:\Projects\Audio Splitter App\3 - C++\NeuralNet Output to Audio Example\NeuralNet Output to Audio Example\main.cpp(54,66): warning C4267: 'initializing': conversion from 'size_t' to 'int', possible loss of data
D:\Projects\Audio Splitter App\3 - C++\NeuralNet Output to Audio Example\NeuralNet Output to Audio Example\main.cpp(72,36): warning C4305: 'initializing': truncation from 'double' to 'float'
D:\Projects\Audio Splitter App\3 - C++\NeuralNet Output to Audio Example\NeuralNet Output to Audio Example\main.cpp(76,15): warning C4244: 'initializing': conversion from 'double' to 'float', possible loss of data
D:\Projects\Audio Splitter App\3 - C++\NeuralNet Output to Audio Example\NeuralNet Output to Audio Example\main.cpp(95,16): warning C4244: 'initializing': conversion from 'double' to 'float', possible loss of data
C:\Program Files (x86)\Microsoft Visual Studio\2019\Community\VC\Tools\MSVC\14.28.29333\include\xmemory(701,82): warning C4244: 'initializing': conversion from 'float' to '_Objty', possible loss of data
          with
          [
              _Objty=int
          ]
C:\Program Files (x86)\Microsoft Visual Studio\2019\Community\VC\Tools\MSVC\14.28.29333\include\xmemory(1545): message : see reference to function template instantiation 'void std::_Default_allocator_traits<_Alloc>::construct<_Ty,float&>(_Alloc &,_Objty *const ,float &)' being compiled
          with
          [
              _Alloc=std::allocator<int>,
              _Ty=int,
              _Objty=int
          ]
C:\Program Files (x86)\Microsoft Visual Studio\2019\Community\VC\Tools\MSVC\14.28.29333\include\xmemory(1546): message : see reference to function template instantiation 'void std::_Default_allocator_traits<_Alloc>::construct<_Ty,float&>(_Alloc &,_Objty *const ,float &)' being compiled
          with
          [
              _Alloc=std::allocator<int>,
              _Ty=int,
              _Objty=int
          ]
C:\Program Files (x86)\Microsoft Visual Studio\2019\Community\VC\Tools\MSVC\14.28.29333\include\xmemory(1580): message : see reference to function template instantiation 'void std::_Uninitialized_backout_al<_Alloc>::_Emplace_back<float&>(float &)' being compiled
          with
          [
              _Alloc=std::allocator<int>
          ]
C:\Program Files (x86)\Microsoft Visual Studio\2019\Community\VC\Tools\MSVC\14.28.29333\include\xmemory(1580): message : see reference to function template instantiation 'void std::_Uninitialized_backout_al<_Alloc>::_Emplace_back<float&>(float &)' being compiled
          with
          [
              _Alloc=std::allocator<int>
          ]
C:\Program Files (x86)\Microsoft Visual Studio\2019\Community\VC\Tools\MSVC\14.28.29333\include\vector(1588): message : see reference to function template instantiation 'int *std::_Uninitialized_copy<_Iter,std::allocator<int>>(const _InIt,const _InIt,int *,_Alloc &)' being compiled
          with
          [
              _Iter=float *,
              _InIt=float *,
              _Alloc=std::allocator<int>
          ]
C:\Program Files (x86)\Microsoft Visual Studio\2019\Community\VC\Tools\MSVC\14.28.29333\include\vector(498): message : see reference to function template instantiation 'int *std::vector<int,std::allocator<int>>::_Ucopy<_Iter>(_Iter,_Iter,int *)' being compiled
          with
          [
              _Iter=float *
          ]
C:\Program Files (x86)\Microsoft Visual Studio\2019\Community\VC\Tools\MSVC\14.28.29333\include\vector(498): message : see reference to function template instantiation 'int *std::vector<int,std::allocator<int>>::_Ucopy<_Iter>(_Iter,_Iter,int *)' being compiled
          with
          [
              _Iter=float *
          ]
C:\Program Files (x86)\Microsoft Visual Studio\2019\Community\VC\Tools\MSVC\14.28.29333\include\vector(509): message : see reference to function template instantiation 'void std::vector<int,std::allocator<int>>::_Range_construct_or_tidy<float*>(_Iter,_Iter,std::forward_iterator_tag)' being compiled
          with
          [
              _Iter=float *
          ]
C:\Program Files (x86)\Microsoft Visual Studio\2019\Community\VC\Tools\MSVC\14.28.29333\include\vector(509): message : see reference to function template instantiation 'void std::vector<int,std::allocator<int>>::_Range_construct_or_tidy<float*>(_Iter,_Iter,std::forward_iterator_tag)' being compiled
          with
          [
              _Iter=float *
          ]
D:\Projects\Audio Splitter App\3 - C++\NeuralNet Output to Audio Example\NeuralNet Output to Audio Example\main.cpp(108): message : see reference to function template instantiation 'std::vector<int,std::allocator<int>>::vector<std::_Vector_iterator<std::_Vector_val<std::_Simple_types<_Ty>>>,0>(_Iter,_Iter,const _Alloc &)' being compiled
          with
          [
              _Ty=float,
              _Iter=std::_Vector_iterator<std::_Vector_val<std::_Simple_types<float>>>,
              _Alloc=std::allocator<int>
          ]
D:\Projects\Audio Splitter App\3 - C++\NeuralNet Output to Audio Example\NeuralNet Output to Audio Example\main.cpp(108): message : see reference to function template instantiation 'std::vector<int,std::allocator<int>>::vector<std::_Vector_iterator<std::_Vector_val<std::_Simple_types<_Ty>>>,0>(_Iter,_Iter,const _Alloc &)' being compiled
          with
          [
              _Ty=float,
              _Iter=std::_Vector_iterator<std::_Vector_val<std::_Simple_types<float>>>,
              _Alloc=std::allocator<int>
          ]
  Generating code
  65 of 495 functions (13.1%) were compiled, the rest were copied from previous compilation.
    0 functions were new in current compilation
    84 functions had inline decision re-evaluated but remain unchanged
  Finished generating code
  NeuralNet Output to Audio Example.vcxproj -> D:\Projects\Audio Splitter App\3 - C++\NeuralNet Output to Audio Example\x64\Release\NeuralNet Output to Audio Example.exe
