  main.cpp
D:\Projects\Audio Splitter App\3 - C++\Spectrogram with FFTW\Spectrogram with FFTW\miniwav.h(73,30): warning C4267: 'initializing': conversion from 'size_t' to 'int', possible loss of data
D:\Projects\Audio Splitter App\3 - C++\Spectrogram with FFTW\Spectrogram with FFTW\miniwav.h(78,35): warning C4244: '-=': conversion from 'double' to 'int', possible loss of data
D:\Projects\Audio Splitter App\3 - C++\Spectrogram with FFTW\Spectrogram with FFTW\miniwav.h(81,36): warning C4244: '+=': conversion from 'double' to 'int', possible loss of data
D:\Projects\Audio Splitter App\3 - C++\Spectrogram with FFTW\Spectrogram with FFTW\main.cpp(26,45): warning C4267: 'initializing': conversion from 'size_t' to 'int', possible loss of data
D:\Projects\Audio Splitter App\3 - C++\Spectrogram with FFTW\Spectrogram with FFTW\main.cpp(44,43): warning C4267: 'initializing': conversion from 'size_t' to 'int', possible loss of data
D:\Projects\Audio Splitter App\3 - C++\Spectrogram with FFTW\Spectrogram with FFTW\main.cpp(87,54): warning C4267: 'initializing': conversion from 'size_t' to 'int', possible loss of data
D:\Projects\Audio Splitter App\3 - C++\Spectrogram with FFTW\Spectrogram with FFTW\main.cpp(92,71): warning C4244: 'argument': conversion from '_Ty' to 'float', possible loss of data
          with
          [
              _Ty=double
          ]
D:\Projects\Audio Splitter App\3 - C++\Spectrogram with FFTW\Spectrogram with FFTW\main.cpp(107,44): warning C4267: 'initializing': conversion from 'size_t' to 'int', possible loss of data
D:\Projects\Audio Splitter App\3 - C++\Spectrogram with FFTW\Spectrogram with FFTW\main.cpp(108,48): warning C4267: 'initializing': conversion from 'size_t' to 'int', possible loss of data
C:\Program Files (x86)\Microsoft Visual Studio\2019\Community\VC\Tools\MSVC\14.29.30037\include\xmemory(714,47): warning C4244: 'initializing': conversion from 'double' to '_Objty', possible loss of data
          with
          [
              _Objty=float
          ]
C:\Program Files (x86)\Microsoft Visual Studio\2019\Community\VC\Tools\MSVC\14.29.30037\include\xmemory(1610): message : see reference to function template instantiation 'void std::_Default_allocator_traits<_Alloc>::construct<_Ty,double&>(_Alloc &,_Objty *const ,double &)' being compiled
          with
          [
              _Alloc=std::allocator<float>,
              _Ty=float,
              _Objty=float
          ]
C:\Program Files (x86)\Microsoft Visual Studio\2019\Community\VC\Tools\MSVC\14.29.30037\include\xmemory(1611): message : see reference to function template instantiation 'void std::_Default_allocator_traits<_Alloc>::construct<_Ty,double&>(_Alloc &,_Objty *const ,double &)' being compiled
          with
          [
              _Alloc=std::allocator<float>,
              _Ty=float,
              _Objty=float
          ]
C:\Program Files (x86)\Microsoft Visual Studio\2019\Community\VC\Tools\MSVC\14.29.30037\include\xmemory(1651): message : see reference to function template instantiation 'void std::_Uninitialized_backout_al<_Alloc>::_Emplace_back<double&>(double &)' being compiled
          with
          [
              _Alloc=std::allocator<float>
          ]
C:\Program Files (x86)\Microsoft Visual Studio\2019\Community\VC\Tools\MSVC\14.29.30037\include\xmemory(1651): message : see reference to function template instantiation 'void std::_Uninitialized_backout_al<_Alloc>::_Emplace_back<double&>(double &)' being compiled
          with
          [
              _Alloc=std::allocator<float>
          ]
C:\Program Files (x86)\Microsoft Visual Studio\2019\Community\VC\Tools\MSVC\14.29.30037\include\vector(1654): message : see reference to function template instantiation 'float *std::_Uninitialized_copy<_Iter,std::allocator<float>>(const _InIt,const _InIt,float *,_Alloc &)' being compiled
          with
          [
              _Iter=double *,
              _InIt=double *,
              _Alloc=std::allocator<float>
          ]
C:\Program Files (x86)\Microsoft Visual Studio\2019\Community\VC\Tools\MSVC\14.29.30037\include\vector(530): message : see reference to function template instantiation 'float *std::vector<float,std::allocator<float>>::_Ucopy<_Iter>(_Iter,_Iter,float *)' being compiled
          with
          [
              _Iter=double *
          ]
C:\Program Files (x86)\Microsoft Visual Studio\2019\Community\VC\Tools\MSVC\14.29.30037\include\vector(530): message : see reference to function template instantiation 'float *std::vector<float,std::allocator<float>>::_Ucopy<_Iter>(_Iter,_Iter,float *)' being compiled
          with
          [
              _Iter=double *
          ]
C:\Program Files (x86)\Microsoft Visual Studio\2019\Community\VC\Tools\MSVC\14.29.30037\include\vector(542): message : see reference to function template instantiation 'void std::vector<float,std::allocator<float>>::_Range_construct_or_tidy<double*>(_Iter,_Iter,std::forward_iterator_tag)' being compiled
          with
          [
              _Iter=double *
          ]
C:\Program Files (x86)\Microsoft Visual Studio\2019\Community\VC\Tools\MSVC\14.29.30037\include\vector(542): message : see reference to function template instantiation 'void std::vector<float,std::allocator<float>>::_Range_construct_or_tidy<double*>(_Iter,_Iter,std::forward_iterator_tag)' being compiled
          with
          [
              _Iter=double *
          ]
D:\Projects\Audio Splitter App\3 - C++\Spectrogram with FFTW\Spectrogram with FFTW\main.cpp(95): message : see reference to function template instantiation 'std::vector<float,std::allocator<float>>::vector<std::_Vector_iterator<std::_Vector_val<std::_Simple_types<_Ty>>>,0>(_Iter,_Iter,const _Alloc &)' being compiled
          with
          [
              _Ty=double,
              _Iter=std::_Vector_iterator<std::_Vector_val<std::_Simple_types<double>>>,
              _Alloc=std::allocator<float>
          ]
D:\Projects\Audio Splitter App\3 - C++\Spectrogram with FFTW\Spectrogram with FFTW\main.cpp(95): message : see reference to function template instantiation 'std::vector<float,std::allocator<float>>::vector<std::_Vector_iterator<std::_Vector_val<std::_Simple_types<_Ty>>>,0>(_Iter,_Iter,const _Alloc &)' being compiled
          with
          [
              _Ty=double,
              _Iter=std::_Vector_iterator<std::_Vector_val<std::_Simple_types<double>>>,
              _Alloc=std::allocator<float>
          ]
  Generating code
  1 of 598 functions ( 0.2%) were compiled, the rest were copied from previous compilation.
    0 functions were new in current compilation
    2 functions had inline decision re-evaluated but remain unchanged
  Finished generating code
  Spectrogram with FFTW.vcxproj -> D:\Projects\Audio Splitter App\3 - C++\Spectrogram with FFTW\x64\Release\Spectrogram with FFTW.exe
