C:\Program Files (x86)\Microsoft Visual Studio\2019\Community\MSBuild\Microsoft\VC\v160\Microsoft.CppBuild.targets(513,5): warning MSB8028: The intermediate directory (x64\Release\) contains files shared from another project (IFFT To Audio.vcxproj).  This can lead to incorrect clean and rebuild behavior.
  0 File(s) copied
  audio.cpp
D:\Projects\Audio Splitter App\2 - Main Project Notation\IFFT To Audio\Headers\minimp3_ex.h(274,65): warning C4267: 'argument': conversion from 'size_t' to 'int', possible loss of data
D:\Projects\Audio Splitter App\2 - Main Project Notation\IFFT To Audio\Headers\minimp3_ex.h(355,99): warning C4267: 'argument': conversion from 'size_t' to 'int', possible loss of data
D:\Projects\Audio Splitter App\2 - Main Project Notation\IFFT To Audio\Headers\minimp3_ex.h(360,79): warning C4267: 'argument': conversion from 'size_t' to 'int', possible loss of data
D:\Projects\Audio Splitter App\2 - Main Project Notation\IFFT To Audio\Headers\minimp3_ex.h(441,124): warning C4267: 'argument': conversion from 'size_t' to 'int', possible loss of data
D:\Projects\Audio Splitter App\2 - Main Project Notation\IFFT To Audio\Headers\minimp3_ex.h(445,134): warning C4267: 'argument': conversion from 'size_t' to 'int', possible loss of data
D:\Projects\Audio Splitter App\2 - Main Project Notation\IFFT To Audio\Headers\minimp3_ex.h(469,32): warning C4267: '-=': conversion from 'size_t' to 'int', possible loss of data
D:\Projects\Audio Splitter App\2 - Main Project Notation\IFFT To Audio\Headers\minimp3_ex.h(470,32): warning C4267: '-=': conversion from 'size_t' to 'int', possible loss of data
D:\Projects\Audio Splitter App\2 - Main Project Notation\IFFT To Audio\Headers\minimp3_ex.h(495,57): warning C4267: '=': conversion from 'size_t' to 'int', possible loss of data
D:\Projects\Audio Splitter App\2 - Main Project Notation\IFFT To Audio\Headers\minimp3_ex.h(513,79): warning C4267: 'argument': conversion from 'size_t' to 'int', possible loss of data
D:\Projects\Audio Splitter App\2 - Main Project Notation\IFFT To Audio\Headers\minimp3_ex.h(572,99): warning C4267: 'argument': conversion from 'size_t' to 'int', possible loss of data
D:\Projects\Audio Splitter App\2 - Main Project Notation\IFFT To Audio\Headers\minimp3_ex.h(665,127): warning C4267: 'argument': conversion from 'size_t' to 'int', possible loss of data
D:\Projects\Audio Splitter App\2 - Main Project Notation\IFFT To Audio\Headers\minimp3_ex.h(821,29): warning C4244: '=': conversion from 'uint64_t' to 'int', possible loss of data
D:\Projects\Audio Splitter App\2 - Main Project Notation\IFFT To Audio\Headers\minimp3_ex.h(893,140): warning C4267: 'argument': conversion from 'size_t' to 'int', possible loss of data
D:\Projects\Audio Splitter App\2 - Main Project Notation\IFFT To Audio\Headers\minimp3_ex.h(901,76): warning C4244: 'argument': conversion from 'uint64_t' to 'int', possible loss of data
D:\Projects\Audio Splitter App\2 - Main Project Notation\IFFT To Audio\Headers\minimp3_ex.h(916,45): warning C4267: '+=': conversion from 'size_t' to 'int', possible loss of data
D:\Projects\Audio Splitter App\2 - Main Project Notation\IFFT To Audio\Headers\minimp3_ex.h(917,37): warning C4267: '-=': conversion from 'size_t' to 'int', possible loss of data
D:\Projects\Audio Splitter App\2 - Main Project Notation\IFFT To Audio\Headers\minimp3_ex.h(943,40): warning C4267: '+=': conversion from 'size_t' to 'int', possible loss of data
D:\Projects\Audio Splitter App\2 - Main Project Notation\IFFT To Audio\audio.cpp(43,101): warning C4267: 'argument': conversion from 'size_t' to 'int', possible loss of data
D:\Projects\Audio Splitter App\2 - Main Project Notation\IFFT To Audio\audio.cpp(60,45): warning C4267: 'initializing': conversion from 'size_t' to 'int', possible loss of data
D:\Projects\Audio Splitter App\2 - Main Project Notation\IFFT To Audio\audio.cpp(78,43): warning C4267: 'initializing': conversion from 'size_t' to 'int', possible loss of data
D:\Projects\Audio Splitter App\2 - Main Project Notation\IFFT To Audio\audio.cpp(121,54): warning C4267: 'initializing': conversion from 'size_t' to 'int', possible loss of data
D:\Projects\Audio Splitter App\2 - Main Project Notation\IFFT To Audio\audio.cpp(156,39): warning C4267: 'initializing': conversion from 'size_t' to 'int', possible loss of data
D:\Projects\Audio Splitter App\2 - Main Project Notation\IFFT To Audio\audio.cpp(157,39): warning C4267: 'initializing': conversion from 'size_t' to 'int', possible loss of data
D:\Projects\Audio Splitter App\2 - Main Project Notation\IFFT To Audio\audio.cpp(197,45): warning C4267: 'initializing': conversion from 'size_t' to 'int', possible loss of data
D:\Projects\Audio Splitter App\2 - Main Project Notation\IFFT To Audio\audio.cpp(198,49): warning C4267: 'initializing': conversion from 'size_t' to 'int', possible loss of data
D:\Projects\Audio Splitter App\2 - Main Project Notation\IFFT To Audio\audio.cpp(207,17): warning C4244: 'initializing': conversion from 'float' to 'int', possible loss of data
C:\Program Files (x86)\Microsoft Visual Studio\2019\Community\VC\Tools\MSVC\14.29.30133\include\utility(249,61): warning C4244: 'initializing': conversion from '_Ty' to '_Ty2', possible loss of data
          with
          [
              _Ty=double
          ]
          and
          [
              _Ty2=float
          ]
D:\Projects\Audio Splitter App\2 - Main Project Notation\IFFT To Audio\audio.cpp(142): message : see reference to function template instantiation 'std::pair<std::vector<std::vector<float,std::allocator<float>>,std::allocator<std::vector<float,std::allocator<float>>>>,float>::pair<std::vector<std::vector<float,std::allocator<float>>,std::allocator<std::vector<float,std::allocator<float>>>>,double,0>(std::pair<std::vector<std::vector<float,std::allocator<float>>,std::allocator<std::vector<float,std::allocator<float>>>>,double> &&) noexcept' being compiled
D:\Projects\Audio Splitter App\2 - Main Project Notation\IFFT To Audio\audio.cpp(142): message : see reference to function template instantiation 'std::pair<std::vector<std::vector<float,std::allocator<float>>,std::allocator<std::vector<float,std::allocator<float>>>>,float>::pair<std::vector<std::vector<float,std::allocator<float>>,std::allocator<std::vector<float,std::allocator<float>>>>,double,0>(std::pair<std::vector<std::vector<float,std::allocator<float>>,std::allocator<std::vector<float,std::allocator<float>>>>,double> &&) noexcept' being compiled
C:\Program Files (x86)\Microsoft Visual Studio\2019\Community\VC\Tools\MSVC\14.29.30133\include\xmemory(714,47): warning C4244: 'initializing': conversion from 'double' to '_Objty', possible loss of data
          with
          [
              _Objty=float
          ]
C:\Program Files (x86)\Microsoft Visual Studio\2019\Community\VC\Tools\MSVC\14.29.30133\include\xmemory(1610): message : see reference to function template instantiation 'void std::_Default_allocator_traits<_Alloc>::construct<_Ty,double&>(_Alloc &,_Objty *const ,double &)' being compiled
          with
          [
              _Alloc=std::allocator<float>,
              _Ty=float,
              _Objty=float
          ]
C:\Program Files (x86)\Microsoft Visual Studio\2019\Community\VC\Tools\MSVC\14.29.30133\include\xmemory(1611): message : see reference to function template instantiation 'void std::_Default_allocator_traits<_Alloc>::construct<_Ty,double&>(_Alloc &,_Objty *const ,double &)' being compiled
          with
          [
              _Alloc=std::allocator<float>,
              _Ty=float,
              _Objty=float
          ]
C:\Program Files (x86)\Microsoft Visual Studio\2019\Community\VC\Tools\MSVC\14.29.30133\include\xmemory(1651): message : see reference to function template instantiation 'void std::_Uninitialized_backout_al<_Alloc>::_Emplace_back<double&>(double &)' being compiled
          with
          [
              _Alloc=std::allocator<float>
          ]
C:\Program Files (x86)\Microsoft Visual Studio\2019\Community\VC\Tools\MSVC\14.29.30133\include\xmemory(1651): message : see reference to function template instantiation 'void std::_Uninitialized_backout_al<_Alloc>::_Emplace_back<double&>(double &)' being compiled
          with
          [
              _Alloc=std::allocator<float>
          ]
C:\Program Files (x86)\Microsoft Visual Studio\2019\Community\VC\Tools\MSVC\14.29.30133\include\vector(1654): message : see reference to function template instantiation 'float *std::_Uninitialized_copy<_Iter,std::allocator<float>>(const _InIt,const _InIt,float *,_Alloc &)' being compiled
          with
          [
              _Iter=double *,
              _InIt=double *,
              _Alloc=std::allocator<float>
          ]
C:\Program Files (x86)\Microsoft Visual Studio\2019\Community\VC\Tools\MSVC\14.29.30133\include\vector(530): message : see reference to function template instantiation 'float *std::vector<float,std::allocator<float>>::_Ucopy<_Iter>(_Iter,_Iter,float *)' being compiled
          with
          [
              _Iter=double *
          ]
C:\Program Files (x86)\Microsoft Visual Studio\2019\Community\VC\Tools\MSVC\14.29.30133\include\vector(530): message : see reference to function template instantiation 'float *std::vector<float,std::allocator<float>>::_Ucopy<_Iter>(_Iter,_Iter,float *)' being compiled
          with
          [
              _Iter=double *
          ]
C:\Program Files (x86)\Microsoft Visual Studio\2019\Community\VC\Tools\MSVC\14.29.30133\include\vector(542): message : see reference to function template instantiation 'void std::vector<float,std::allocator<float>>::_Range_construct_or_tidy<double*>(_Iter,_Iter,std::forward_iterator_tag)' being compiled
          with
          [
              _Iter=double *
          ]
C:\Program Files (x86)\Microsoft Visual Studio\2019\Community\VC\Tools\MSVC\14.29.30133\include\vector(542): message : see reference to function template instantiation 'void std::vector<float,std::allocator<float>>::_Range_construct_or_tidy<double*>(_Iter,_Iter,std::forward_iterator_tag)' being compiled
          with
          [
              _Iter=double *
          ]
D:\Projects\Audio Splitter App\2 - Main Project Notation\IFFT To Audio\audio.cpp(137): message : see reference to function template instantiation 'std::vector<float,std::allocator<float>>::vector<std::_Vector_iterator<std::_Vector_val<std::_Simple_types<_Ty>>>,0>(_Iter,_Iter,const _Alloc &)' being compiled
          with
          [
              _Ty=double,
              _Iter=std::_Vector_iterator<std::_Vector_val<std::_Simple_types<double>>>,
              _Alloc=std::allocator<float>
          ]
D:\Projects\Audio Splitter App\2 - Main Project Notation\IFFT To Audio\audio.cpp(137): message : see reference to function template instantiation 'std::vector<float,std::allocator<float>>::vector<std::_Vector_iterator<std::_Vector_val<std::_Simple_types<_Ty>>>,0>(_Iter,_Iter,const _Alloc &)' being compiled
          with
          [
              _Ty=double,
              _Iter=std::_Vector_iterator<std::_Vector_val<std::_Simple_types<double>>>,
              _Alloc=std::allocator<float>
          ]
  main.cpp
  Generating code
  Previous IPDB and IOBJ mismatch, fall back to full compilation.
D:\Projects\Audio Splitter App\2 - Main Project Notation\IFFT To Audio\audio.cpp(40): warning C4715: 'loadAudioSamples': not all control paths return a value
D:\Projects\Audio Splitter App\2 - Main Project Notation\IFFT To Audio\audio.cpp(215): warning C4715: 'returnNoteFormat': not all control paths return a value
  All 540 functions were compiled because no usable IPDB/IOBJ from previous compilation was found.
  Finished generating code
  IFFT To Audio.vcxproj -> D:\Projects\Audio Splitter App\2 - Main Project Notation\x64\Release\Main Project Notation.exe
