  0 File(s) copied
  NeuralNetwork.cpp
D:\Projects\Audio Splitter App\2 - Main Project\Audio Seperator and Notation Viewer Main Project\Headers\NeuralNetwork.h(79): warning C4091: 'static ': ignored on left of 'NeuralNetwork::Node' when no variable is declared
D:\Projects\Audio Splitter App\2 - Main Project\Audio Seperator and Notation Viewer Main Project\Headers\NeuralNetwork.h(86): warning C4091: 'static ': ignored on left of 'NeuralNetwork::Bias' when no variable is declared
D:\Projects\Audio Splitter App\2 - Main Project\Audio Seperator and Notation Viewer Main Project\NeuralNetwork.cpp(11,31): warning C4267: '=': conversion from 'size_t' to 'int', possible loss of data
D:\Projects\Audio Splitter App\2 - Main Project\Audio Seperator and Notation Viewer Main Project\NeuralNetwork.cpp(35,52): warning C4267: 'initializing': conversion from 'size_t' to 'int', possible loss of data
D:\Projects\Audio Splitter App\2 - Main Project\Audio Seperator and Notation Viewer Main Project\NeuralNetwork.cpp(40,53): warning C4267: 'initializing': conversion from 'size_t' to 'int', possible loss of data
D:\Projects\Audio Splitter App\2 - Main Project\Audio Seperator and Notation Viewer Main Project\NeuralNetwork.cpp(48,52): warning C4267: 'initializing': conversion from 'size_t' to 'int', possible loss of data
D:\Projects\Audio Splitter App\2 - Main Project\Audio Seperator and Notation Viewer Main Project\NeuralNetwork.cpp(49,53): warning C4267: 'initializing': conversion from 'size_t' to 'int', possible loss of data
D:\Projects\Audio Splitter App\2 - Main Project\Audio Seperator and Notation Viewer Main Project\NeuralNetwork.cpp(58,53): warning C4267: 'initializing': conversion from 'size_t' to 'int', possible loss of data
D:\Projects\Audio Splitter App\2 - Main Project\Audio Seperator and Notation Viewer Main Project\NeuralNetwork.cpp(74,52): warning C4267: 'initializing': conversion from 'size_t' to 'int', possible loss of data
D:\Projects\Audio Splitter App\2 - Main Project\Audio Seperator and Notation Viewer Main Project\NeuralNetwork.cpp(77,72): warning C4267: 'initializing': conversion from 'size_t' to 'int', possible loss of data
D:\Projects\Audio Splitter App\2 - Main Project\Audio Seperator and Notation Viewer Main Project\NeuralNetwork.cpp(86,53): warning C4267: 'initializing': conversion from 'size_t' to 'int', possible loss of data
D:\Projects\Audio Splitter App\2 - Main Project\Audio Seperator and Notation Viewer Main Project\NeuralNetwork.cpp(89,73): warning C4267: 'initializing': conversion from 'size_t' to 'int', possible loss of data
D:\Projects\Audio Splitter App\2 - Main Project\Audio Seperator and Notation Viewer Main Project\NeuralNetwork.cpp(112,80): warning C4267: '+=': conversion from 'size_t' to 'int', possible loss of data
D:\Projects\Audio Splitter App\2 - Main Project\Audio Seperator and Notation Viewer Main Project\NeuralNetwork.cpp(117,81): warning C4267: '+=': conversion from 'size_t' to 'int', possible loss of data
D:\Projects\Audio Splitter App\2 - Main Project\Audio Seperator and Notation Viewer Main Project\NeuralNetwork.cpp(240,47): warning C4267: 'initializing': conversion from 'size_t' to 'int', possible loss of data
D:\Projects\Audio Splitter App\2 - Main Project\Audio Seperator and Notation Viewer Main Project\NeuralNetwork.cpp(246,50): warning C4267: 'initializing': conversion from 'size_t' to 'int', possible loss of data
D:\Projects\Audio Splitter App\2 - Main Project\Audio Seperator and Notation Viewer Main Project\NeuralNetwork.cpp(255,68): warning C4267: 'initializing': conversion from 'size_t' to 'int', possible loss of data
D:\Projects\Audio Splitter App\2 - Main Project\Audio Seperator and Notation Viewer Main Project\NeuralNetwork.cpp(266,50): warning C4267: 'initializing': conversion from 'size_t' to 'int', possible loss of data
D:\Projects\Audio Splitter App\2 - Main Project\Audio Seperator and Notation Viewer Main Project\NeuralNetwork.cpp(268,69): warning C4267: 'initializing': conversion from 'size_t' to 'int', possible loss of data
D:\Projects\Audio Splitter App\2 - Main Project\Audio Seperator and Notation Viewer Main Project\NeuralNetwork.cpp(284,58): warning C4267: 'initializing': conversion from 'size_t' to 'int', possible loss of data
D:\Projects\Audio Splitter App\2 - Main Project\Audio Seperator and Notation Viewer Main Project\NeuralNetwork.cpp(292,30): warning C4267: 'initializing': conversion from 'size_t' to 'int', possible loss of data
D:\Projects\Audio Splitter App\2 - Main Project\Audio Seperator and Notation Viewer Main Project\NeuralNetwork.cpp(300,60): warning C4267: 'initializing': conversion from 'size_t' to 'int', possible loss of data
D:\Projects\Audio Splitter App\2 - Main Project\Audio Seperator and Notation Viewer Main Project\NeuralNetwork.cpp(306,53): warning C4267: 'initializing': conversion from 'size_t' to 'int', possible loss of data
D:\Projects\Audio Splitter App\2 - Main Project\Audio Seperator and Notation Viewer Main Project\NeuralNetwork.cpp(313,68): warning C4267: 'initializing': conversion from 'size_t' to 'int', possible loss of data
D:\Projects\Audio Splitter App\2 - Main Project\Audio Seperator and Notation Viewer Main Project\NeuralNetwork.cpp(333,45): warning C4267: 'initializing': conversion from 'size_t' to 'int', possible loss of data
D:\Projects\Audio Splitter App\2 - Main Project\Audio Seperator and Notation Viewer Main Project\NeuralNetwork.cpp(344,45): warning C4267: 'initializing': conversion from 'size_t' to 'int', possible loss of data
D:\Projects\Audio Splitter App\2 - Main Project\Audio Seperator and Notation Viewer Main Project\NeuralNetwork.cpp(345,46): warning C4267: 'initializing': conversion from 'size_t' to 'int', possible loss of data
D:\Projects\Audio Splitter App\2 - Main Project\Audio Seperator and Notation Viewer Main Project\NeuralNetwork.cpp(347,51): warning C4267: 'initializing': conversion from 'size_t' to 'int', possible loss of data
D:\Projects\Audio Splitter App\2 - Main Project\Audio Seperator and Notation Viewer Main Project\NeuralNetwork.cpp(367,45): warning C4267: 'initializing': conversion from 'size_t' to 'int', possible loss of data
D:\Projects\Audio Splitter App\2 - Main Project\Audio Seperator and Notation Viewer Main Project\NeuralNetwork.cpp(368,46): warning C4267: 'initializing': conversion from 'size_t' to 'int', possible loss of data
D:\Projects\Audio Splitter App\2 - Main Project\Audio Seperator and Notation Viewer Main Project\NeuralNetwork.cpp(393,45): warning C4267: 'initializing': conversion from 'size_t' to 'int', possible loss of data
D:\Projects\Audio Splitter App\2 - Main Project\Audio Seperator and Notation Viewer Main Project\NeuralNetwork.cpp(394,46): warning C4267: 'initializing': conversion from 'size_t' to 'int', possible loss of data
D:\Projects\Audio Splitter App\2 - Main Project\Audio Seperator and Notation Viewer Main Project\NeuralNetwork.cpp(409,45): warning C4267: 'initializing': conversion from 'size_t' to 'int', possible loss of data
D:\Projects\Audio Splitter App\2 - Main Project\Audio Seperator and Notation Viewer Main Project\NeuralNetwork.cpp(416,65): warning C4267: 'initializing': conversion from 'size_t' to 'int', possible loss of data
D:\Projects\Audio Splitter App\2 - Main Project\Audio Seperator and Notation Viewer Main Project\NeuralNetwork.cpp(427,46): warning C4267: 'initializing': conversion from 'size_t' to 'int', possible loss of data
D:\Projects\Audio Splitter App\2 - Main Project\Audio Seperator and Notation Viewer Main Project\NeuralNetwork.cpp(433,69): warning C4267: 'initializing': conversion from 'size_t' to 'int', possible loss of data
D:\Projects\Audio Splitter App\2 - Main Project\Audio Seperator and Notation Viewer Main Project\NeuralNetwork.cpp(446,56): warning C4267: 'initializing': conversion from 'size_t' to 'int', possible loss of data
D:\Projects\Audio Splitter App\2 - Main Project\Audio Seperator and Notation Viewer Main Project\NeuralNetwork.cpp(447,57): warning C4267: 'initializing': conversion from 'size_t' to 'int', possible loss of data
D:\Projects\Audio Splitter App\2 - Main Project\Audio Seperator and Notation Viewer Main Project\NeuralNetwork.cpp(472,25): warning C4244: 'initializing': conversion from 'double' to 'float', possible loss of data
D:\Projects\Audio Splitter App\2 - Main Project\Audio Seperator and Notation Viewer Main Project\NeuralNetwork.cpp(517,56): warning C4267: 'initializing': conversion from 'size_t' to 'int', possible loss of data
D:\Projects\Audio Splitter App\2 - Main Project\Audio Seperator and Notation Viewer Main Project\NeuralNetwork.cpp(518,79): warning C4267: 'initializing': conversion from 'size_t' to 'int', possible loss of data
D:\Projects\Audio Splitter App\2 - Main Project\Audio Seperator and Notation Viewer Main Project\NeuralNetwork.cpp(519,57): warning C4267: 'initializing': conversion from 'size_t' to 'int', possible loss of data
D:\Projects\Audio Splitter App\2 - Main Project\Audio Seperator and Notation Viewer Main Project\NeuralNetwork.cpp(549,25): warning C4244: 'initializing': conversion from 'double' to 'float', possible loss of data
D:\Projects\Audio Splitter App\2 - Main Project\Audio Seperator and Notation Viewer Main Project\NeuralNetwork.cpp(595,56): warning C4267: 'initializing': conversion from 'size_t' to 'int', possible loss of data
D:\Projects\Audio Splitter App\2 - Main Project\Audio Seperator and Notation Viewer Main Project\NeuralNetwork.cpp(596,57): warning C4267: 'initializing': conversion from 'size_t' to 'int', possible loss of data
D:\Projects\Audio Splitter App\2 - Main Project\Audio Seperator and Notation Viewer Main Project\NeuralNetwork.cpp(643,45): warning C4267: 'initializing': conversion from 'size_t' to 'int', possible loss of data
D:\Projects\Audio Splitter App\2 - Main Project\Audio Seperator and Notation Viewer Main Project\NeuralNetwork.cpp(646,65): warning C4267: 'initializing': conversion from 'size_t' to 'int', possible loss of data
D:\Projects\Audio Splitter App\2 - Main Project\Audio Seperator and Notation Viewer Main Project\NeuralNetwork.cpp(666,46): warning C4267: 'initializing': conversion from 'size_t' to 'int', possible loss of data
D:\Projects\Audio Splitter App\2 - Main Project\Audio Seperator and Notation Viewer Main Project\NeuralNetwork.cpp(668,69): warning C4267: 'initializing': conversion from 'size_t' to 'int', possible loss of data
D:\Projects\Audio Splitter App\2 - Main Project\Audio Seperator and Notation Viewer Main Project\NeuralNetwork.cpp(691,36): warning C4267: 'initializing': conversion from 'size_t' to 'int', possible loss of data
D:\Projects\Audio Splitter App\2 - Main Project\Audio Seperator and Notation Viewer Main Project\NeuralNetwork.cpp(694,42): warning C4267: 'initializing': conversion from 'size_t' to 'int', possible loss of data
D:\Projects\Audio Splitter App\2 - Main Project\Audio Seperator and Notation Viewer Main Project\NeuralNetwork.cpp(695,48): warning C4267: 'initializing': conversion from 'size_t' to 'int', possible loss of data
D:\Projects\Audio Splitter App\2 - Main Project\Audio Seperator and Notation Viewer Main Project\NeuralNetwork.cpp(707,36): warning C4267: 'initializing': conversion from 'size_t' to 'int', possible loss of data
D:\Projects\Audio Splitter App\2 - Main Project\Audio Seperator and Notation Viewer Main Project\NeuralNetwork.cpp(710,42): warning C4267: 'initializing': conversion from 'size_t' to 'int', possible loss of data
D:\Projects\Audio Splitter App\2 - Main Project\Audio Seperator and Notation Viewer Main Project\NeuralNetwork.cpp(711,48): warning C4267: 'initializing': conversion from 'size_t' to 'int', possible loss of data
D:\Projects\Audio Splitter App\2 - Main Project\Audio Seperator and Notation Viewer Main Project\NeuralNetwork.cpp(723,52): warning C4267: 'initializing': conversion from 'size_t' to 'int', possible loss of data
D:\Projects\Audio Splitter App\2 - Main Project\Audio Seperator and Notation Viewer Main Project\NeuralNetwork.cpp(724,61): warning C4267: 'initializing': conversion from 'size_t' to 'int', possible loss of data
D:\Projects\Audio Splitter App\2 - Main Project\Audio Seperator and Notation Viewer Main Project\NeuralNetwork.cpp(767,45): warning C4267: 'initializing': conversion from 'size_t' to 'int', possible loss of data
D:\Projects\Audio Splitter App\2 - Main Project\Audio Seperator and Notation Viewer Main Project\NeuralNetwork.cpp(768,54): warning C4267: 'initializing': conversion from 'size_t' to 'int', possible loss of data
D:\Projects\Audio Splitter App\2 - Main Project\Audio Seperator and Notation Viewer Main Project\NeuralNetwork.cpp(776,46): warning C4267: 'initializing': conversion from 'size_t' to 'int', possible loss of data
D:\Projects\Audio Splitter App\2 - Main Project\Audio Seperator and Notation Viewer Main Project\NeuralNetwork.cpp(788,56): warning C4267: 'initializing': conversion from 'size_t' to 'int', possible loss of data
D:\Projects\Audio Splitter App\2 - Main Project\Audio Seperator and Notation Viewer Main Project\NeuralNetwork.cpp(789,57): warning C4267: 'initializing': conversion from 'size_t' to 'int', possible loss of data
D:\Projects\Audio Splitter App\2 - Main Project\Audio Seperator and Notation Viewer Main Project\NeuralNetwork.cpp(825,45): warning C4267: 'initializing': conversion from 'size_t' to 'int', possible loss of data
D:\Projects\Audio Splitter App\2 - Main Project\Audio Seperator and Notation Viewer Main Project\NeuralNetwork.cpp(826,46): warning C4267: 'initializing': conversion from 'size_t' to 'int', possible loss of data
D:\Projects\Audio Splitter App\2 - Main Project\Audio Seperator and Notation Viewer Main Project\NeuralNetwork.cpp(827,51): warning C4267: 'initializing': conversion from 'size_t' to 'int', possible loss of data
D:\Projects\Audio Splitter App\2 - Main Project\Audio Seperator and Notation Viewer Main Project\NeuralNetwork.cpp(852,45): warning C4267: 'initializing': conversion from 'size_t' to 'int', possible loss of data
D:\Projects\Audio Splitter App\2 - Main Project\Audio Seperator and Notation Viewer Main Project\NeuralNetwork.cpp(853,46): warning C4267: 'initializing': conversion from 'size_t' to 'int', possible loss of data
D:\Projects\Audio Splitter App\2 - Main Project\Audio Seperator and Notation Viewer Main Project\NeuralNetwork.cpp(854,51): warning C4267: 'initializing': conversion from 'size_t' to 'int', possible loss of data
D:\Projects\Audio Splitter App\2 - Main Project\Audio Seperator and Notation Viewer Main Project\NeuralNetwork.cpp(872,36): warning C4267: 'initializing': conversion from 'size_t' to 'int', possible loss of data
D:\Projects\Audio Splitter App\2 - Main Project\Audio Seperator and Notation Viewer Main Project\NeuralNetwork.cpp(896,56): warning C4267: 'initializing': conversion from 'size_t' to 'int', possible loss of data
D:\Projects\Audio Splitter App\2 - Main Project\Audio Seperator and Notation Viewer Main Project\NeuralNetwork.cpp(897,57): warning C4267: 'initializing': conversion from 'size_t' to 'int', possible loss of data
  Audio Seperator and Notation Viewer Main Project.vcxproj -> D:\Projects\Audio Splitter App\2 - Main Project\x64\Debug\Audio Seperator and Notation Viewer Main Project.exe
