  0 File(s) copied
  audio.cpp
D:\Projects\Audio Splitter App\2 - Main Project Splitter\Audio Seperator and Notation Viewer Main Project\Headers\minimp3_ex.h(274,65): warning C4267: 'argument': conversion from 'size_t' to 'int', possible loss of data
D:\Projects\Audio Splitter App\2 - Main Project Splitter\Audio Seperator and Notation Viewer Main Project\Headers\minimp3_ex.h(355,99): warning C4267: 'argument': conversion from 'size_t' to 'int', possible loss of data
D:\Projects\Audio Splitter App\2 - Main Project Splitter\Audio Seperator and Notation Viewer Main Project\Headers\minimp3_ex.h(360,79): warning C4267: 'argument': conversion from 'size_t' to 'int', possible loss of data
D:\Projects\Audio Splitter App\2 - Main Project Splitter\Audio Seperator and Notation Viewer Main Project\Headers\minimp3_ex.h(441,124): warning C4267: 'argument': conversion from 'size_t' to 'int', possible loss of data
D:\Projects\Audio Splitter App\2 - Main Project Splitter\Audio Seperator and Notation Viewer Main Project\Headers\minimp3_ex.h(445,134): warning C4267: 'argument': conversion from 'size_t' to 'int', possible loss of data
D:\Projects\Audio Splitter App\2 - Main Project Splitter\Audio Seperator and Notation Viewer Main Project\Headers\minimp3_ex.h(469,32): warning C4267: '-=': conversion from 'size_t' to 'int', possible loss of data
D:\Projects\Audio Splitter App\2 - Main Project Splitter\Audio Seperator and Notation Viewer Main Project\Headers\minimp3_ex.h(470,32): warning C4267: '-=': conversion from 'size_t' to 'int', possible loss of data
D:\Projects\Audio Splitter App\2 - Main Project Splitter\Audio Seperator and Notation Viewer Main Project\Headers\minimp3_ex.h(495,57): warning C4267: '=': conversion from 'size_t' to 'int', possible loss of data
D:\Projects\Audio Splitter App\2 - Main Project Splitter\Audio Seperator and Notation Viewer Main Project\Headers\minimp3_ex.h(513,79): warning C4267: 'argument': conversion from 'size_t' to 'int', possible loss of data
D:\Projects\Audio Splitter App\2 - Main Project Splitter\Audio Seperator and Notation Viewer Main Project\Headers\minimp3_ex.h(572,99): warning C4267: 'argument': conversion from 'size_t' to 'int', possible loss of data
D:\Projects\Audio Splitter App\2 - Main Project Splitter\Audio Seperator and Notation Viewer Main Project\Headers\minimp3_ex.h(665,127): warning C4267: 'argument': conversion from 'size_t' to 'int', possible loss of data
D:\Projects\Audio Splitter App\2 - Main Project Splitter\Audio Seperator and Notation Viewer Main Project\Headers\minimp3_ex.h(821,29): warning C4244: '=': conversion from 'uint64_t' to 'int', possible loss of data
D:\Projects\Audio Splitter App\2 - Main Project Splitter\Audio Seperator and Notation Viewer Main Project\Headers\minimp3_ex.h(893,140): warning C4267: 'argument': conversion from 'size_t' to 'int', possible loss of data
D:\Projects\Audio Splitter App\2 - Main Project Splitter\Audio Seperator and Notation Viewer Main Project\Headers\minimp3_ex.h(901,76): warning C4244: 'argument': conversion from 'uint64_t' to 'int', possible loss of data
D:\Projects\Audio Splitter App\2 - Main Project Splitter\Audio Seperator and Notation Viewer Main Project\Headers\minimp3_ex.h(916,45): warning C4267: '+=': conversion from 'size_t' to 'int', possible loss of data
D:\Projects\Audio Splitter App\2 - Main Project Splitter\Audio Seperator and Notation Viewer Main Project\Headers\minimp3_ex.h(917,37): warning C4267: '-=': conversion from 'size_t' to 'int', possible loss of data
D:\Projects\Audio Splitter App\2 - Main Project Splitter\Audio Seperator and Notation Viewer Main Project\Headers\minimp3_ex.h(943,40): warning C4267: '+=': conversion from 'size_t' to 'int', possible loss of data
D:\Projects\Audio Splitter App\2 - Main Project Splitter\Audio Seperator and Notation Viewer Main Project\Headers\NeuralNetwork.h(133): warning C4091: 'static ': ignored on left of 'NeuralNetwork::randomMethodConfig' when no variable is declared
D:\Projects\Audio Splitter App\2 - Main Project Splitter\Audio Seperator and Notation Viewer Main Project\Headers\NeuralNetwork.h(177): warning C4091: 'static ': ignored on left of 'NeuralNetwork::Node' when no variable is declared
D:\Projects\Audio Splitter App\2 - Main Project Splitter\Audio Seperator and Notation Viewer Main Project\Headers\NeuralNetwork.h(194): warning C4091: 'static ': ignored on left of 'NeuralNetwork::Bias' when no variable is declared
D:\Projects\Audio Splitter App\2 - Main Project Splitter\Audio Seperator and Notation Viewer Main Project\audio.cpp(50,37): warning C4267: 'initializing': conversion from 'size_t' to 'int', possible loss of data
D:\Projects\Audio Splitter App\2 - Main Project Splitter\Audio Seperator and Notation Viewer Main Project\audio.cpp(92,32): warning C4267: 'initializing': conversion from 'size_t' to 'int', possible loss of data
D:\Projects\Audio Splitter App\2 - Main Project Splitter\Audio Seperator and Notation Viewer Main Project\audio.cpp(110,41): warning C4244: 'argument': conversion from 'double' to 'float', possible loss of data
D:\Projects\Audio Splitter App\2 - Main Project Splitter\Audio Seperator and Notation Viewer Main Project\audio.cpp(121,41): warning C4267: 'initializing': conversion from 'size_t' to 'int', possible loss of data
D:\Projects\Audio Splitter App\2 - Main Project Splitter\Audio Seperator and Notation Viewer Main Project\audio.cpp(124,32): warning C4267: 'initializing': conversion from 'size_t' to 'int', possible loss of data
D:\Projects\Audio Splitter App\2 - Main Project Splitter\Audio Seperator and Notation Viewer Main Project\audio.cpp(148,32): warning C4267: 'initializing': conversion from 'size_t' to 'int', possible loss of data
D:\Projects\Audio Splitter App\2 - Main Project Splitter\Audio Seperator and Notation Viewer Main Project\audio.cpp(149,30): warning C4267: 'initializing': conversion from 'size_t' to 'int', possible loss of data
D:\Projects\Audio Splitter App\2 - Main Project Splitter\Audio Seperator and Notation Viewer Main Project\audio.cpp(186,37): warning C4267: 'initializing': conversion from 'size_t' to 'int', possible loss of data
D:\Projects\Audio Splitter App\2 - Main Project Splitter\Audio Seperator and Notation Viewer Main Project\audio.cpp(187,35): warning C4267: 'initializing': conversion from 'size_t' to 'int', possible loss of data
D:\Projects\Audio Splitter App\2 - Main Project Splitter\Audio Seperator and Notation Viewer Main Project\audio.cpp(214,101): warning C4267: 'argument': conversion from 'size_t' to 'int', possible loss of data
D:\Projects\Audio Splitter App\2 - Main Project Splitter\Audio Seperator and Notation Viewer Main Project\audio.cpp(246,39): warning C4267: 'initializing': conversion from 'size_t' to 'int', possible loss of data
D:\Projects\Audio Splitter App\2 - Main Project Splitter\Audio Seperator and Notation Viewer Main Project\audio.cpp(247,51): warning C4267: 'initializing': conversion from 'size_t' to 'int', possible loss of data
D:\Projects\Audio Splitter App\2 - Main Project Splitter\Audio Seperator and Notation Viewer Main Project\audio.cpp(277,26): warning C4244: 'initializing': conversion from 'double' to 'int16_t', possible loss of data
D:\Projects\Audio Splitter App\2 - Main Project Splitter\Audio Seperator and Notation Viewer Main Project\audio.cpp(296,52): warning C4267: 'initializing': conversion from 'size_t' to 'int', possible loss of data
D:\Projects\Audio Splitter App\2 - Main Project Splitter\Audio Seperator and Notation Viewer Main Project\audio.cpp(317,101): warning C4267: 'argument': conversion from 'size_t' to 'int', possible loss of data
D:\Projects\Audio Splitter App\2 - Main Project Splitter\Audio Seperator and Notation Viewer Main Project\audio.cpp(330,57): warning C4244: '=': conversion from 'double' to '_Ty', possible loss of data
          with
          [
              _Ty=int16_t
          ]
D:\Projects\Audio Splitter App\2 - Main Project Splitter\Audio Seperator and Notation Viewer Main Project\audio.cpp(337,32): warning C4267: 'initializing': conversion from 'size_t' to 'int', possible loss of data
D:\Projects\Audio Splitter App\2 - Main Project Splitter\Audio Seperator and Notation Viewer Main Project\audio.cpp(338,36): warning C4267: 'initializing': conversion from 'size_t' to 'int', possible loss of data
D:\Projects\Audio Splitter App\2 - Main Project Splitter\Audio Seperator and Notation Viewer Main Project\audio.cpp(357,34): warning C4267: 'initializing': conversion from 'size_t' to 'int', possible loss of data
  files.cpp
D:\Projects\Audio Splitter App\2 - Main Project Splitter\Audio Seperator and Notation Viewer Main Project\Headers\NeuralNetwork.h(133): warning C4091: 'static ': ignored on left of 'NeuralNetwork::randomMethodConfig' when no variable is declared
D:\Projects\Audio Splitter App\2 - Main Project Splitter\Audio Seperator and Notation Viewer Main Project\Headers\NeuralNetwork.h(177): warning C4091: 'static ': ignored on left of 'NeuralNetwork::Node' when no variable is declared
D:\Projects\Audio Splitter App\2 - Main Project Splitter\Audio Seperator and Notation Viewer Main Project\Headers\NeuralNetwork.h(194): warning C4091: 'static ': ignored on left of 'NeuralNetwork::Bias' when no variable is declared
D:\Projects\Audio Splitter App\2 - Main Project Splitter\Audio Seperator and Notation Viewer Main Project\files.cpp(15,24): warning C4267: 'initializing': conversion from 'size_t' to 'int', possible loss of data
D:\Projects\Audio Splitter App\2 - Main Project Splitter\Audio Seperator and Notation Viewer Main Project\files.cpp(35,31): warning C4267: 'initializing': conversion from 'size_t' to 'int', possible loss of data
D:\Projects\Audio Splitter App\2 - Main Project Splitter\Audio Seperator and Notation Viewer Main Project\files.cpp(88,55): warning C4267: 'initializing': conversion from 'size_t' to 'int', possible loss of data
D:\Projects\Audio Splitter App\2 - Main Project Splitter\Audio Seperator and Notation Viewer Main Project\files.cpp(145,56): warning C4267: 'initializing': conversion from 'size_t' to 'int', possible loss of data
D:\Projects\Audio Splitter App\2 - Main Project Splitter\Audio Seperator and Notation Viewer Main Project\files.cpp(178,23): warning C4244: 'initializing': conversion from 'float' to 'int', possible loss of data
D:\Projects\Audio Splitter App\2 - Main Project Splitter\Audio Seperator and Notation Viewer Main Project\files.cpp(205,30): warning C4267: 'initializing': conversion from 'size_t' to 'int', possible loss of data
D:\Projects\Audio Splitter App\2 - Main Project Splitter\Audio Seperator and Notation Viewer Main Project\files.cpp(231,36): warning C4267: 'initializing': conversion from 'size_t' to 'int', possible loss of data
D:\Projects\Audio Splitter App\2 - Main Project Splitter\Audio Seperator and Notation Viewer Main Project\files.cpp(247,26): warning C4267: 'initializing': conversion from 'size_t' to 'int', possible loss of data
D:\Projects\Audio Splitter App\2 - Main Project Splitter\Audio Seperator and Notation Viewer Main Project\files.cpp(273,48): warning C4267: 'initializing': conversion from 'size_t' to 'int', possible loss of data
D:\Projects\Audio Splitter App\2 - Main Project Splitter\Audio Seperator and Notation Viewer Main Project\files.cpp(306,48): warning C4267: 'initializing': conversion from 'size_t' to 'int', possible loss of data
D:\Projects\Audio Splitter App\2 - Main Project Splitter\Audio Seperator and Notation Viewer Main Project\files.cpp(358,37): warning C4267: 'initializing': conversion from 'size_t' to 'int', possible loss of data
D:\Projects\Audio Splitter App\2 - Main Project Splitter\Audio Seperator and Notation Viewer Main Project\files.cpp(386,52): warning C4267: '=': conversion from 'size_t' to 'int', possible loss of data
D:\Projects\Audio Splitter App\2 - Main Project Splitter\Audio Seperator and Notation Viewer Main Project\files.cpp(436,46): warning C4267: 'initializing': conversion from 'size_t' to 'int', possible loss of data
D:\Projects\Audio Splitter App\2 - Main Project Splitter\Audio Seperator and Notation Viewer Main Project\files.cpp(439,51): warning C4267: 'initializing': conversion from 'size_t' to 'int', possible loss of data
D:\Projects\Audio Splitter App\2 - Main Project Splitter\Audio Seperator and Notation Viewer Main Project\files.cpp(508,46): warning C4267: 'initializing': conversion from 'size_t' to 'int', possible loss of data
D:\Projects\Audio Splitter App\2 - Main Project Splitter\Audio Seperator and Notation Viewer Main Project\files.cpp(555,55): warning C4267: 'initializing': conversion from 'size_t' to 'int', possible loss of data
D:\Projects\Audio Splitter App\2 - Main Project Splitter\Audio Seperator and Notation Viewer Main Project\files.cpp(681,39): warning C4267: 'initializing': conversion from 'size_t' to 'int', possible loss of data
D:\Projects\Audio Splitter App\2 - Main Project Splitter\Audio Seperator and Notation Viewer Main Project\files.cpp(730,63): warning C4267: 'initializing': conversion from 'size_t' to 'int', possible loss of data
  KNearestNeighbors.cpp
D:\Projects\Audio Splitter App\2 - Main Project Splitter\Audio Seperator and Notation Viewer Main Project\KNearestNeighbors.cpp(4,23): warning C4267: 'initializing': conversion from 'size_t' to 'int', possible loss of data
D:\Projects\Audio Splitter App\2 - Main Project Splitter\Audio Seperator and Notation Viewer Main Project\KNearestNeighbors.cpp(21,23): warning C4267: 'initializing': conversion from 'size_t' to 'int', possible loss of data
D:\Projects\Audio Splitter App\2 - Main Project Splitter\Audio Seperator and Notation Viewer Main Project\KNearestNeighbors.cpp(34,23): warning C4267: 'initializing': conversion from 'size_t' to 'int', possible loss of data
D:\Projects\Audio Splitter App\2 - Main Project Splitter\Audio Seperator and Notation Viewer Main Project\KNearestNeighbors.cpp(44,23): warning C4267: 'initializing': conversion from 'size_t' to 'int', possible loss of data
D:\Projects\Audio Splitter App\2 - Main Project Splitter\Audio Seperator and Notation Viewer Main Project\KNearestNeighbors.cpp(61,23): warning C4267: 'initializing': conversion from 'size_t' to 'int', possible loss of data
D:\Projects\Audio Splitter App\2 - Main Project Splitter\Audio Seperator and Notation Viewer Main Project\KNearestNeighbors.cpp(93,40): warning C4267: 'initializing': conversion from 'size_t' to 'int', possible loss of data
D:\Projects\Audio Splitter App\2 - Main Project Splitter\Audio Seperator and Notation Viewer Main Project\KNearestNeighbors.cpp(99,47): warning C4267: 'initializing': conversion from 'size_t' to 'int', possible loss of data
  main.cpp
D:\Projects\Audio Splitter App\2 - Main Project Splitter\Audio Seperator and Notation Viewer Main Project\Headers\NeuralNetwork.h(133): warning C4091: 'static ': ignored on left of 'NeuralNetwork::randomMethodConfig' when no variable is declared
D:\Projects\Audio Splitter App\2 - Main Project Splitter\Audio Seperator and Notation Viewer Main Project\Headers\NeuralNetwork.h(177): warning C4091: 'static ': ignored on left of 'NeuralNetwork::Node' when no variable is declared
D:\Projects\Audio Splitter App\2 - Main Project Splitter\Audio Seperator and Notation Viewer Main Project\Headers\NeuralNetwork.h(194): warning C4091: 'static ': ignored on left of 'NeuralNetwork::Bias' when no variable is declared
D:\Projects\Audio Splitter App\2 - Main Project Splitter\Audio Seperator and Notation Viewer Main Project\main.cpp(7,12): warning C4244: 'argument': conversion from 'time_t' to 'unsigned int', possible loss of data
  matrices.cpp
D:\Projects\Audio Splitter App\2 - Main Project Splitter\Audio Seperator and Notation Viewer Main Project\matrices.cpp(11,22): warning C4267: 'initializing': conversion from 'size_t' to 'int', possible loss of data
D:\Projects\Audio Splitter App\2 - Main Project Splitter\Audio Seperator and Notation Viewer Main Project\matrices.cpp(12,28): warning C4267: 'initializing': conversion from 'size_t' to 'int', possible loss of data
D:\Projects\Audio Splitter App\2 - Main Project Splitter\Audio Seperator and Notation Viewer Main Project\matrices.cpp(14,22): warning C4267: 'initializing': conversion from 'size_t' to 'int', possible loss of data
D:\Projects\Audio Splitter App\2 - Main Project Splitter\Audio Seperator and Notation Viewer Main Project\matrices.cpp(15,28): warning C4267: 'initializing': conversion from 'size_t' to 'int', possible loss of data
D:\Projects\Audio Splitter App\2 - Main Project Splitter\Audio Seperator and Notation Viewer Main Project\matrices.cpp(66,21): warning C4267: 'initializing': conversion from 'size_t' to 'int', possible loss of data
D:\Projects\Audio Splitter App\2 - Main Project Splitter\Audio Seperator and Notation Viewer Main Project\matrices.cpp(67,27): warning C4267: 'initializing': conversion from 'size_t' to 'int', possible loss of data
D:\Projects\Audio Splitter App\2 - Main Project Splitter\Audio Seperator and Notation Viewer Main Project\matrices.cpp(85,21): warning C4267: 'initializing': conversion from 'size_t' to 'int', possible loss of data
D:\Projects\Audio Splitter App\2 - Main Project Splitter\Audio Seperator and Notation Viewer Main Project\matrices.cpp(86,27): warning C4267: 'initializing': conversion from 'size_t' to 'int', possible loss of data
D:\Projects\Audio Splitter App\2 - Main Project Splitter\Audio Seperator and Notation Viewer Main Project\matrices.cpp(98,22): warning C4267: 'initializing': conversion from 'size_t' to 'int', possible loss of data
D:\Projects\Audio Splitter App\2 - Main Project Splitter\Audio Seperator and Notation Viewer Main Project\matrices.cpp(99,28): warning C4267: 'initializing': conversion from 'size_t' to 'int', possible loss of data
D:\Projects\Audio Splitter App\2 - Main Project Splitter\Audio Seperator and Notation Viewer Main Project\matrices.cpp(101,22): warning C4267: 'initializing': conversion from 'size_t' to 'int', possible loss of data
D:\Projects\Audio Splitter App\2 - Main Project Splitter\Audio Seperator and Notation Viewer Main Project\matrices.cpp(102,28): warning C4267: 'initializing': conversion from 'size_t' to 'int', possible loss of data
D:\Projects\Audio Splitter App\2 - Main Project Splitter\Audio Seperator and Notation Viewer Main Project\matrices.cpp(130,21): warning C4267: 'initializing': conversion from 'size_t' to 'int', possible loss of data
D:\Projects\Audio Splitter App\2 - Main Project Splitter\Audio Seperator and Notation Viewer Main Project\matrices.cpp(131,27): warning C4267: 'initializing': conversion from 'size_t' to 'int', possible loss of data
D:\Projects\Audio Splitter App\2 - Main Project Splitter\Audio Seperator and Notation Viewer Main Project\matrices.cpp(133,22): warning C4267: 'initializing': conversion from 'size_t' to 'int', possible loss of data
D:\Projects\Audio Splitter App\2 - Main Project Splitter\Audio Seperator and Notation Viewer Main Project\matrices.cpp(134,28): warning C4267: 'initializing': conversion from 'size_t' to 'int', possible loss of data
D:\Projects\Audio Splitter App\2 - Main Project Splitter\Audio Seperator and Notation Viewer Main Project\matrices.cpp(150,18): warning C4267: 'initializing': conversion from 'size_t' to 'int', possible loss of data
  NeuralNetwork.cpp
D:\Projects\Audio Splitter App\2 - Main Project Splitter\Audio Seperator and Notation Viewer Main Project\Headers\NeuralNetwork.h(133): warning C4091: 'static ': ignored on left of 'NeuralNetwork::randomMethodConfig' when no variable is declared
D:\Projects\Audio Splitter App\2 - Main Project Splitter\Audio Seperator and Notation Viewer Main Project\Headers\NeuralNetwork.h(177): warning C4091: 'static ': ignored on left of 'NeuralNetwork::Node' when no variable is declared
D:\Projects\Audio Splitter App\2 - Main Project Splitter\Audio Seperator and Notation Viewer Main Project\Headers\NeuralNetwork.h(194): warning C4091: 'static ': ignored on left of 'NeuralNetwork::Bias' when no variable is declared
D:\Projects\Audio Splitter App\2 - Main Project Splitter\Audio Seperator and Notation Viewer Main Project\NeuralNetwork.cpp(17,31): warning C4267: '=': conversion from 'size_t' to 'int', possible loss of data
D:\Projects\Audio Splitter App\2 - Main Project Splitter\Audio Seperator and Notation Viewer Main Project\NeuralNetwork.cpp(61,52): warning C4267: 'initializing': conversion from 'size_t' to 'int', possible loss of data
D:\Projects\Audio Splitter App\2 - Main Project Splitter\Audio Seperator and Notation Viewer Main Project\NeuralNetwork.cpp(66,53): warning C4267: 'initializing': conversion from 'size_t' to 'int', possible loss of data
D:\Projects\Audio Splitter App\2 - Main Project Splitter\Audio Seperator and Notation Viewer Main Project\NeuralNetwork.cpp(74,52): warning C4267: 'initializing': conversion from 'size_t' to 'int', possible loss of data
D:\Projects\Audio Splitter App\2 - Main Project Splitter\Audio Seperator and Notation Viewer Main Project\NeuralNetwork.cpp(75,53): warning C4267: 'initializing': conversion from 'size_t' to 'int', possible loss of data
D:\Projects\Audio Splitter App\2 - Main Project Splitter\Audio Seperator and Notation Viewer Main Project\NeuralNetwork.cpp(84,53): warning C4267: 'initializing': conversion from 'size_t' to 'int', possible loss of data
D:\Projects\Audio Splitter App\2 - Main Project Splitter\Audio Seperator and Notation Viewer Main Project\NeuralNetwork.cpp(101,52): warning C4267: 'initializing': conversion from 'size_t' to 'int', possible loss of data
D:\Projects\Audio Splitter App\2 - Main Project Splitter\Audio Seperator and Notation Viewer Main Project\NeuralNetwork.cpp(104,72): warning C4267: 'initializing': conversion from 'size_t' to 'int', possible loss of data
D:\Projects\Audio Splitter App\2 - Main Project Splitter\Audio Seperator and Notation Viewer Main Project\NeuralNetwork.cpp(114,53): warning C4267: 'initializing': conversion from 'size_t' to 'int', possible loss of data
D:\Projects\Audio Splitter App\2 - Main Project Splitter\Audio Seperator and Notation Viewer Main Project\NeuralNetwork.cpp(117,73): warning C4267: 'initializing': conversion from 'size_t' to 'int', possible loss of data
D:\Projects\Audio Splitter App\2 - Main Project Splitter\Audio Seperator and Notation Viewer Main Project\NeuralNetwork.cpp(142,80): warning C4267: '+=': conversion from 'size_t' to 'int', possible loss of data
D:\Projects\Audio Splitter App\2 - Main Project Splitter\Audio Seperator and Notation Viewer Main Project\NeuralNetwork.cpp(147,81): warning C4267: '+=': conversion from 'size_t' to 'int', possible loss of data
D:\Projects\Audio Splitter App\2 - Main Project Splitter\Audio Seperator and Notation Viewer Main Project\NeuralNetwork.cpp(208,45): warning C4267: 'initializing': conversion from 'size_t' to 'int', possible loss of data
D:\Projects\Audio Splitter App\2 - Main Project Splitter\Audio Seperator and Notation Viewer Main Project\NeuralNetwork.cpp(209,46): warning C4267: 'initializing': conversion from 'size_t' to 'int', possible loss of data
D:\Projects\Audio Splitter App\2 - Main Project Splitter\Audio Seperator and Notation Viewer Main Project\NeuralNetwork.cpp(211,51): warning C4267: 'initializing': conversion from 'size_t' to 'int', possible loss of data
D:\Projects\Audio Splitter App\2 - Main Project Splitter\Audio Seperator and Notation Viewer Main Project\NeuralNetwork.cpp(330,47): warning C4267: 'initializing': conversion from 'size_t' to 'int', possible loss of data
D:\Projects\Audio Splitter App\2 - Main Project Splitter\Audio Seperator and Notation Viewer Main Project\NeuralNetwork.cpp(337,50): warning C4267: 'initializing': conversion from 'size_t' to 'int', possible loss of data
D:\Projects\Audio Splitter App\2 - Main Project Splitter\Audio Seperator and Notation Viewer Main Project\NeuralNetwork.cpp(341,54): warning C4267: '=': conversion from 'size_t' to 'int', possible loss of data
D:\Projects\Audio Splitter App\2 - Main Project Splitter\Audio Seperator and Notation Viewer Main Project\NeuralNetwork.cpp(373,50): warning C4267: 'initializing': conversion from 'size_t' to 'int', possible loss of data
D:\Projects\Audio Splitter App\2 - Main Project Splitter\Audio Seperator and Notation Viewer Main Project\NeuralNetwork.cpp(389,58): warning C4267: 'initializing': conversion from 'size_t' to 'int', possible loss of data
D:\Projects\Audio Splitter App\2 - Main Project Splitter\Audio Seperator and Notation Viewer Main Project\NeuralNetwork.cpp(398,30): warning C4267: 'initializing': conversion from 'size_t' to 'int', possible loss of data
D:\Projects\Audio Splitter App\2 - Main Project Splitter\Audio Seperator and Notation Viewer Main Project\NeuralNetwork.cpp(407,60): warning C4267: 'initializing': conversion from 'size_t' to 'int', possible loss of data
D:\Projects\Audio Splitter App\2 - Main Project Splitter\Audio Seperator and Notation Viewer Main Project\NeuralNetwork.cpp(415,53): warning C4267: 'initializing': conversion from 'size_t' to 'int', possible loss of data
D:\Projects\Audio Splitter App\2 - Main Project Splitter\Audio Seperator and Notation Viewer Main Project\NeuralNetwork.cpp(416,54): warning C4267: 'initializing': conversion from 'size_t' to 'int', possible loss of data
D:\Projects\Audio Splitter App\2 - Main Project Splitter\Audio Seperator and Notation Viewer Main Project\NeuralNetwork.cpp(441,45): warning C4267: 'initializing': conversion from 'size_t' to 'int', possible loss of data
D:\Projects\Audio Splitter App\2 - Main Project Splitter\Audio Seperator and Notation Viewer Main Project\NeuralNetwork.cpp(455,45): warning C4267: 'initializing': conversion from 'size_t' to 'int', possible loss of data
D:\Projects\Audio Splitter App\2 - Main Project Splitter\Audio Seperator and Notation Viewer Main Project\NeuralNetwork.cpp(456,46): warning C4267: 'initializing': conversion from 'size_t' to 'int', possible loss of data
D:\Projects\Audio Splitter App\2 - Main Project Splitter\Audio Seperator and Notation Viewer Main Project\NeuralNetwork.cpp(458,51): warning C4267: 'initializing': conversion from 'size_t' to 'int', possible loss of data
D:\Projects\Audio Splitter App\2 - Main Project Splitter\Audio Seperator and Notation Viewer Main Project\NeuralNetwork.cpp(476,45): warning C4267: 'initializing': conversion from 'size_t' to 'int', possible loss of data
D:\Projects\Audio Splitter App\2 - Main Project Splitter\Audio Seperator and Notation Viewer Main Project\NeuralNetwork.cpp(477,46): warning C4267: 'initializing': conversion from 'size_t' to 'int', possible loss of data
D:\Projects\Audio Splitter App\2 - Main Project Splitter\Audio Seperator and Notation Viewer Main Project\NeuralNetwork.cpp(502,45): warning C4267: 'initializing': conversion from 'size_t' to 'int', possible loss of data
D:\Projects\Audio Splitter App\2 - Main Project Splitter\Audio Seperator and Notation Viewer Main Project\NeuralNetwork.cpp(503,46): warning C4267: 'initializing': conversion from 'size_t' to 'int', possible loss of data
D:\Projects\Audio Splitter App\2 - Main Project Splitter\Audio Seperator and Notation Viewer Main Project\NeuralNetwork.cpp(518,45): warning C4267: 'initializing': conversion from 'size_t' to 'int', possible loss of data
D:\Projects\Audio Splitter App\2 - Main Project Splitter\Audio Seperator and Notation Viewer Main Project\NeuralNetwork.cpp(526,65): warning C4267: 'initializing': conversion from 'size_t' to 'int', possible loss of data
D:\Projects\Audio Splitter App\2 - Main Project Splitter\Audio Seperator and Notation Viewer Main Project\NeuralNetwork.cpp(539,46): warning C4267: 'initializing': conversion from 'size_t' to 'int', possible loss of data
D:\Projects\Audio Splitter App\2 - Main Project Splitter\Audio Seperator and Notation Viewer Main Project\NeuralNetwork.cpp(545,69): warning C4267: 'initializing': conversion from 'size_t' to 'int', possible loss of data
D:\Projects\Audio Splitter App\2 - Main Project Splitter\Audio Seperator and Notation Viewer Main Project\NeuralNetwork.cpp(560,45): warning C4267: 'initializing': conversion from 'size_t' to 'int', possible loss of data
D:\Projects\Audio Splitter App\2 - Main Project Splitter\Audio Seperator and Notation Viewer Main Project\NeuralNetwork.cpp(568,65): warning C4267: 'initializing': conversion from 'size_t' to 'int', possible loss of data
D:\Projects\Audio Splitter App\2 - Main Project Splitter\Audio Seperator and Notation Viewer Main Project\NeuralNetwork.cpp(592,46): warning C4267: 'initializing': conversion from 'size_t' to 'int', possible loss of data
D:\Projects\Audio Splitter App\2 - Main Project Splitter\Audio Seperator and Notation Viewer Main Project\NeuralNetwork.cpp(598,69): warning C4267: 'initializing': conversion from 'size_t' to 'int', possible loss of data
D:\Projects\Audio Splitter App\2 - Main Project Splitter\Audio Seperator and Notation Viewer Main Project\NeuralNetwork.cpp(623,56): warning C4267: 'initializing': conversion from 'size_t' to 'int', possible loss of data
D:\Projects\Audio Splitter App\2 - Main Project Splitter\Audio Seperator and Notation Viewer Main Project\NeuralNetwork.cpp(624,57): warning C4267: 'initializing': conversion from 'size_t' to 'int', possible loss of data
D:\Projects\Audio Splitter App\2 - Main Project Splitter\Audio Seperator and Notation Viewer Main Project\NeuralNetwork.cpp(695,21): warning C4244: 'initializing': conversion from 'double' to 'float', possible loss of data
D:\Projects\Audio Splitter App\2 - Main Project Splitter\Audio Seperator and Notation Viewer Main Project\NeuralNetwork.cpp(721,103): warning C4267: 'initializing': conversion from 'size_t' to 'int', possible loss of data
D:\Projects\Audio Splitter App\2 - Main Project Splitter\Audio Seperator and Notation Viewer Main Project\NeuralNetwork.cpp(749,48): warning C4267: 'initializing': conversion from 'size_t' to 'int', possible loss of data
D:\Projects\Audio Splitter App\2 - Main Project Splitter\Audio Seperator and Notation Viewer Main Project\NeuralNetwork.cpp(802,56): warning C4267: 'initializing': conversion from 'size_t' to 'int', possible loss of data
D:\Projects\Audio Splitter App\2 - Main Project Splitter\Audio Seperator and Notation Viewer Main Project\NeuralNetwork.cpp(803,57): warning C4267: 'initializing': conversion from 'size_t' to 'int', possible loss of data
D:\Projects\Audio Splitter App\2 - Main Project Splitter\Audio Seperator and Notation Viewer Main Project\NeuralNetwork.cpp(850,45): warning C4267: 'initializing': conversion from 'size_t' to 'int', possible loss of data
D:\Projects\Audio Splitter App\2 - Main Project Splitter\Audio Seperator and Notation Viewer Main Project\NeuralNetwork.cpp(851,46): warning C4267: 'initializing': conversion from 'size_t' to 'int', possible loss of data
D:\Projects\Audio Splitter App\2 - Main Project Splitter\Audio Seperator and Notation Viewer Main Project\NeuralNetwork.cpp(855,65): warning C4267: 'initializing': conversion from 'size_t' to 'int', possible loss of data
D:\Projects\Audio Splitter App\2 - Main Project Splitter\Audio Seperator and Notation Viewer Main Project\NeuralNetwork.cpp(878,69): warning C4267: 'initializing': conversion from 'size_t' to 'int', possible loss of data
D:\Projects\Audio Splitter App\2 - Main Project Splitter\Audio Seperator and Notation Viewer Main Project\NeuralNetwork.cpp(905,28): warning C4267: 'initializing': conversion from 'size_t' to 'int', possible loss of data
D:\Projects\Audio Splitter App\2 - Main Project Splitter\Audio Seperator and Notation Viewer Main Project\NeuralNetwork.cpp(930,40): warning C4267: 'initializing': conversion from 'size_t' to 'int', possible loss of data
D:\Projects\Audio Splitter App\2 - Main Project Splitter\Audio Seperator and Notation Viewer Main Project\NeuralNetwork.cpp(931,44): warning C4267: 'initializing': conversion from 'size_t' to 'int', possible loss of data
D:\Projects\Audio Splitter App\2 - Main Project Splitter\Audio Seperator and Notation Viewer Main Project\NeuralNetwork.cpp(962,43): warning C4267: 'initializing': conversion from 'size_t' to 'int', possible loss of data
D:\Projects\Audio Splitter App\2 - Main Project Splitter\Audio Seperator and Notation Viewer Main Project\NeuralNetwork.cpp(969,112): warning C4267: 'initializing': conversion from 'size_t' to 'int', possible loss of data
D:\Projects\Audio Splitter App\2 - Main Project Splitter\Audio Seperator and Notation Viewer Main Project\NeuralNetwork.cpp(984,44): warning C4267: 'initializing': conversion from 'size_t' to 'int', possible loss of data
D:\Projects\Audio Splitter App\2 - Main Project Splitter\Audio Seperator and Notation Viewer Main Project\NeuralNetwork.cpp(1015,41): warning C4267: 'initializing': conversion from 'size_t' to 'int', possible loss of data
D:\Projects\Audio Splitter App\2 - Main Project Splitter\Audio Seperator and Notation Viewer Main Project\NeuralNetwork.cpp(1019,54): warning C4267: 'initializing': conversion from 'size_t' to 'int', possible loss of data
D:\Projects\Audio Splitter App\2 - Main Project Splitter\Audio Seperator and Notation Viewer Main Project\NeuralNetwork.cpp(1022,60): warning C4267: 'initializing': conversion from 'size_t' to 'int', possible loss of data
D:\Projects\Audio Splitter App\2 - Main Project Splitter\Audio Seperator and Notation Viewer Main Project\NeuralNetwork.cpp(1023,61): warning C4267: 'initializing': conversion from 'size_t' to 'int', possible loss of data
D:\Projects\Audio Splitter App\2 - Main Project Splitter\Audio Seperator and Notation Viewer Main Project\NeuralNetwork.cpp(1024,66): warning C4267: 'initializing': conversion from 'size_t' to 'int', possible loss of data
D:\Projects\Audio Splitter App\2 - Main Project Splitter\Audio Seperator and Notation Viewer Main Project\NeuralNetwork.cpp(1044,44): warning C4267: 'initializing': conversion from 'size_t' to 'int', possible loss of data
D:\Projects\Audio Splitter App\2 - Main Project Splitter\Audio Seperator and Notation Viewer Main Project\NeuralNetwork.cpp(1047,54): warning C4267: 'initializing': conversion from 'size_t' to 'int', possible loss of data
D:\Projects\Audio Splitter App\2 - Main Project Splitter\Audio Seperator and Notation Viewer Main Project\NeuralNetwork.cpp(1050,60): warning C4267: 'initializing': conversion from 'size_t' to 'int', possible loss of data
D:\Projects\Audio Splitter App\2 - Main Project Splitter\Audio Seperator and Notation Viewer Main Project\NeuralNetwork.cpp(1051,61): warning C4267: 'initializing': conversion from 'size_t' to 'int', possible loss of data
D:\Projects\Audio Splitter App\2 - Main Project Splitter\Audio Seperator and Notation Viewer Main Project\NeuralNetwork.cpp(1052,66): warning C4267: 'initializing': conversion from 'size_t' to 'int', possible loss of data
D:\Projects\Audio Splitter App\2 - Main Project Splitter\Audio Seperator and Notation Viewer Main Project\NeuralNetwork.cpp(1087,31): warning C4267: 'initializing': conversion from 'size_t' to 'int', possible loss of data
D:\Projects\Audio Splitter App\2 - Main Project Splitter\Audio Seperator and Notation Viewer Main Project\NeuralNetwork.cpp(1109,22): warning C4244: 'initializing': conversion from 'float' to 'int', possible loss of data
D:\Projects\Audio Splitter App\2 - Main Project Splitter\Audio Seperator and Notation Viewer Main Project\NeuralNetwork.cpp(1116,47): warning C4267: 'initializing': conversion from 'size_t' to 'int', possible loss of data
D:\Projects\Audio Splitter App\2 - Main Project Splitter\Audio Seperator and Notation Viewer Main Project\NeuralNetwork.cpp(1118,57): warning C4244: 'argument': conversion from 'int' to 'float', possible loss of data
D:\Projects\Audio Splitter App\2 - Main Project Splitter\Audio Seperator and Notation Viewer Main Project\NeuralNetwork.cpp(1121,99): warning C4244: 'argument': conversion from 'int' to 'float', possible loss of data
D:\Projects\Audio Splitter App\2 - Main Project Splitter\Audio Seperator and Notation Viewer Main Project\NeuralNetwork.cpp(1122,30): warning C4244: 'initializing': conversion from 'float' to 'int', possible loss of data
D:\Projects\Audio Splitter App\2 - Main Project Splitter\Audio Seperator and Notation Viewer Main Project\NeuralNetwork.cpp(1131,47): warning C4267: 'initializing': conversion from 'size_t' to 'int', possible loss of data
D:\Projects\Audio Splitter App\2 - Main Project Splitter\Audio Seperator and Notation Viewer Main Project\NeuralNetwork.cpp(1132,33): warning C4244: 'initializing': conversion from 'double' to 'float', possible loss of data
D:\Projects\Audio Splitter App\2 - Main Project Splitter\Audio Seperator and Notation Viewer Main Project\NeuralNetwork.cpp(1154,49): warning C4267: 'initializing': conversion from 'size_t' to 'int', possible loss of data
D:\Projects\Audio Splitter App\2 - Main Project Splitter\Audio Seperator and Notation Viewer Main Project\NeuralNetwork.cpp(1201,51): warning C4267: 'initializing': conversion from 'size_t' to 'int', possible loss of data
D:\Projects\Audio Splitter App\2 - Main Project Splitter\Audio Seperator and Notation Viewer Main Project\NeuralNetwork.cpp(1202,52): warning C4267: 'initializing': conversion from 'size_t' to 'int', possible loss of data
D:\Projects\Audio Splitter App\2 - Main Project Splitter\Audio Seperator and Notation Viewer Main Project\NeuralNetwork.cpp(1203,57): warning C4267: 'initializing': conversion from 'size_t' to 'int', possible loss of data
D:\Projects\Audio Splitter App\2 - Main Project Splitter\Audio Seperator and Notation Viewer Main Project\NeuralNetwork.cpp(1281,45): warning C4267: 'initializing': conversion from 'size_t' to 'int', possible loss of data
D:\Projects\Audio Splitter App\2 - Main Project Splitter\Audio Seperator and Notation Viewer Main Project\NeuralNetwork.cpp(1282,54): warning C4267: 'initializing': conversion from 'size_t' to 'int', possible loss of data
D:\Projects\Audio Splitter App\2 - Main Project Splitter\Audio Seperator and Notation Viewer Main Project\NeuralNetwork.cpp(1290,46): warning C4267: 'initializing': conversion from 'size_t' to 'int', possible loss of data
D:\Projects\Audio Splitter App\2 - Main Project Splitter\Audio Seperator and Notation Viewer Main Project\NeuralNetwork.cpp(1304,56): warning C4267: 'initializing': conversion from 'size_t' to 'int', possible loss of data
D:\Projects\Audio Splitter App\2 - Main Project Splitter\Audio Seperator and Notation Viewer Main Project\NeuralNetwork.cpp(1305,57): warning C4267: 'initializing': conversion from 'size_t' to 'int', possible loss of data
D:\Projects\Audio Splitter App\2 - Main Project Splitter\Audio Seperator and Notation Viewer Main Project\NeuralNetwork.cpp(1344,45): warning C4267: 'initializing': conversion from 'size_t' to 'int', possible loss of data
D:\Projects\Audio Splitter App\2 - Main Project Splitter\Audio Seperator and Notation Viewer Main Project\NeuralNetwork.cpp(1345,46): warning C4267: 'initializing': conversion from 'size_t' to 'int', possible loss of data
D:\Projects\Audio Splitter App\2 - Main Project Splitter\Audio Seperator and Notation Viewer Main Project\NeuralNetwork.cpp(1346,51): warning C4267: 'initializing': conversion from 'size_t' to 'int', possible loss of data
D:\Projects\Audio Splitter App\2 - Main Project Splitter\Audio Seperator and Notation Viewer Main Project\NeuralNetwork.cpp(1366,42): warning C4267: 'initializing': conversion from 'size_t' to 'int', possible loss of data
D:\Projects\Audio Splitter App\2 - Main Project Splitter\Audio Seperator and Notation Viewer Main Project\NeuralNetwork.cpp(1403,45): warning C4267: 'initializing': conversion from 'size_t' to 'int', possible loss of data
D:\Projects\Audio Splitter App\2 - Main Project Splitter\Audio Seperator and Notation Viewer Main Project\NeuralNetwork.cpp(1404,46): warning C4267: 'initializing': conversion from 'size_t' to 'int', possible loss of data
D:\Projects\Audio Splitter App\2 - Main Project Splitter\Audio Seperator and Notation Viewer Main Project\NeuralNetwork.cpp(1405,51): warning C4267: 'initializing': conversion from 'size_t' to 'int', possible loss of data
D:\Projects\Audio Splitter App\2 - Main Project Splitter\Audio Seperator and Notation Viewer Main Project\NeuralNetwork.cpp(1430,56): warning C4267: 'initializing': conversion from 'size_t' to 'int', possible loss of data
D:\Projects\Audio Splitter App\2 - Main Project Splitter\Audio Seperator and Notation Viewer Main Project\NeuralNetwork.cpp(1431,57): warning C4267: 'initializing': conversion from 'size_t' to 'int', possible loss of data
D:\Projects\Audio Splitter App\2 - Main Project Splitter\Audio Seperator and Notation Viewer Main Project\NeuralNetwork.cpp(1503,43): warning C4267: 'initializing': conversion from 'size_t' to 'int', possible loss of data
D:\Projects\Audio Splitter App\2 - Main Project Splitter\Audio Seperator and Notation Viewer Main Project\NeuralNetwork.cpp(1533,37): warning C4267: 'initializing': conversion from 'size_t' to 'int', possible loss of data
D:\Projects\Audio Splitter App\2 - Main Project Splitter\Audio Seperator and Notation Viewer Main Project\NeuralNetwork.cpp(1568,48): warning C4267: 'initializing': conversion from 'size_t' to 'int', possible loss of data
D:\Projects\Audio Splitter App\2 - Main Project Splitter\Audio Seperator and Notation Viewer Main Project\NeuralNetwork.cpp(1569,49): warning C4267: 'initializing': conversion from 'size_t' to 'int', possible loss of data
D:\Projects\Audio Splitter App\2 - Main Project Splitter\Audio Seperator and Notation Viewer Main Project\NeuralNetwork.cpp(1578,25): warning C4244: 'initializing': conversion from 'double' to 'float', possible loss of data
D:\Projects\Audio Splitter App\2 - Main Project Splitter\Audio Seperator and Notation Viewer Main Project\NeuralNetwork.cpp(1647,39): warning C4267: 'initializing': conversion from 'size_t' to 'int', possible loss of data
D:\Projects\Audio Splitter App\2 - Main Project Splitter\Audio Seperator and Notation Viewer Main Project\NeuralNetwork.cpp(1651,45): warning C4267: 'initializing': conversion from 'size_t' to 'int', possible loss of data
D:\Projects\Audio Splitter App\2 - Main Project Splitter\Audio Seperator and Notation Viewer Main Project\NeuralNetwork.cpp(1652,46): warning C4267: 'initializing': conversion from 'size_t' to 'int', possible loss of data
D:\Projects\Audio Splitter App\2 - Main Project Splitter\Audio Seperator and Notation Viewer Main Project\NeuralNetwork.cpp(1653,51): warning C4267: 'initializing': conversion from 'size_t' to 'int', possible loss of data
D:\Projects\Audio Splitter App\2 - Main Project Splitter\Audio Seperator and Notation Viewer Main Project\NeuralNetwork.cpp(1688,45): warning C4267: 'initializing': conversion from 'size_t' to 'int', possible loss of data
D:\Projects\Audio Splitter App\2 - Main Project Splitter\Audio Seperator and Notation Viewer Main Project\NeuralNetwork.cpp(1696,65): warning C4267: 'initializing': conversion from 'size_t' to 'int', possible loss of data
D:\Projects\Audio Splitter App\2 - Main Project Splitter\Audio Seperator and Notation Viewer Main Project\NeuralNetwork.cpp(1720,46): warning C4267: 'initializing': conversion from 'size_t' to 'int', possible loss of data
D:\Projects\Audio Splitter App\2 - Main Project Splitter\Audio Seperator and Notation Viewer Main Project\NeuralNetwork.cpp(1726,69): warning C4267: 'initializing': conversion from 'size_t' to 'int', possible loss of data
D:\Projects\Audio Splitter App\2 - Main Project Splitter\Audio Seperator and Notation Viewer Main Project\NeuralNetwork.cpp(1753,39): warning C4267: 'initializing': conversion from 'size_t' to 'int', possible loss of data
D:\Projects\Audio Splitter App\2 - Main Project Splitter\Audio Seperator and Notation Viewer Main Project\NeuralNetwork.cpp(1756,45): warning C4267: 'initializing': conversion from 'size_t' to 'int', possible loss of data
D:\Projects\Audio Splitter App\2 - Main Project Splitter\Audio Seperator and Notation Viewer Main Project\NeuralNetwork.cpp(1757,46): warning C4267: 'initializing': conversion from 'size_t' to 'int', possible loss of data
D:\Projects\Audio Splitter App\2 - Main Project Splitter\Audio Seperator and Notation Viewer Main Project\NeuralNetwork.cpp(1758,51): warning C4267: 'initializing': conversion from 'size_t' to 'int', possible loss of data
D:\Projects\Audio Splitter App\2 - Main Project Splitter\Audio Seperator and Notation Viewer Main Project\NeuralNetwork.cpp(1776,39): warning C4267: 'initializing': conversion from 'size_t' to 'int', possible loss of data
D:\Projects\Audio Splitter App\2 - Main Project Splitter\Audio Seperator and Notation Viewer Main Project\NeuralNetwork.cpp(1779,45): warning C4267: 'initializing': conversion from 'size_t' to 'int', possible loss of data
D:\Projects\Audio Splitter App\2 - Main Project Splitter\Audio Seperator and Notation Viewer Main Project\NeuralNetwork.cpp(1780,46): warning C4267: 'initializing': conversion from 'size_t' to 'int', possible loss of data
D:\Projects\Audio Splitter App\2 - Main Project Splitter\Audio Seperator and Notation Viewer Main Project\NeuralNetwork.cpp(1781,51): warning C4267: 'initializing': conversion from 'size_t' to 'int', possible loss of data
D:\Projects\Audio Splitter App\2 - Main Project Splitter\Audio Seperator and Notation Viewer Main Project\NeuralNetwork.cpp(1799,39): warning C4267: 'initializing': conversion from 'size_t' to 'int', possible loss of data
D:\Projects\Audio Splitter App\2 - Main Project Splitter\Audio Seperator and Notation Viewer Main Project\NeuralNetwork.cpp(1802,45): warning C4267: 'initializing': conversion from 'size_t' to 'int', possible loss of data
D:\Projects\Audio Splitter App\2 - Main Project Splitter\Audio Seperator and Notation Viewer Main Project\NeuralNetwork.cpp(1803,46): warning C4267: 'initializing': conversion from 'size_t' to 'int', possible loss of data
D:\Projects\Audio Splitter App\2 - Main Project Splitter\Audio Seperator and Notation Viewer Main Project\NeuralNetwork.cpp(1804,51): warning C4267: 'initializing': conversion from 'size_t' to 'int', possible loss of data
D:\Projects\Audio Splitter App\2 - Main Project Splitter\Audio Seperator and Notation Viewer Main Project\NeuralNetwork.cpp(1821,42): warning C4267: 'initializing': conversion from 'size_t' to 'int', possible loss of data
D:\Projects\Audio Splitter App\2 - Main Project Splitter\Audio Seperator and Notation Viewer Main Project\NeuralNetwork.cpp(1822,44): warning C4267: 'initializing': conversion from 'size_t' to 'int', possible loss of data
D:\Projects\Audio Splitter App\2 - Main Project Splitter\Audio Seperator and Notation Viewer Main Project\NeuralNetwork.cpp(1989,54): warning C4267: 'initializing': conversion from 'size_t' to 'int', possible loss of data
D:\Projects\Audio Splitter App\2 - Main Project Splitter\Audio Seperator and Notation Viewer Main Project\NeuralNetwork.cpp(1990,56): warning C4267: 'initializing': conversion from 'size_t' to 'int', possible loss of data
D:\Projects\Audio Splitter App\2 - Main Project Splitter\Audio Seperator and Notation Viewer Main Project\NeuralNetwork.cpp(2042,44): warning C4267: 'initializing': conversion from 'size_t' to 'int', possible loss of data
D:\Projects\Audio Splitter App\2 - Main Project Splitter\Audio Seperator and Notation Viewer Main Project\NeuralNetwork.cpp(2073,112): warning C4267: 'initializing': conversion from 'size_t' to 'int', possible loss of data
D:\Projects\Audio Splitter App\2 - Main Project Splitter\Audio Seperator and Notation Viewer Main Project\NeuralNetwork.cpp(2088,43): warning C4267: 'initializing': conversion from 'size_t' to 'int', possible loss of data
D:\Projects\Audio Splitter App\2 - Main Project Splitter\Audio Seperator and Notation Viewer Main Project\NeuralNetwork.cpp(2089,44): warning C4267: 'initializing': conversion from 'size_t' to 'int', possible loss of data
D:\Projects\Audio Splitter App\2 - Main Project Splitter\Audio Seperator and Notation Viewer Main Project\NeuralNetwork.cpp(2143,43): warning C4267: 'initializing': conversion from 'size_t' to 'int', possible loss of data
D:\Projects\Audio Splitter App\2 - Main Project Splitter\Audio Seperator and Notation Viewer Main Project\NeuralNetwork.cpp(2188,37): warning C4267: 'initializing': conversion from 'size_t' to 'int', possible loss of data
D:\Projects\Audio Splitter App\2 - Main Project Splitter\Audio Seperator and Notation Viewer Main Project\NeuralNetwork.cpp(2193,54): warning C4267: 'initializing': conversion from 'size_t' to 'int', possible loss of data
D:\Projects\Audio Splitter App\2 - Main Project Splitter\Audio Seperator and Notation Viewer Main Project\NeuralNetwork.cpp(2194,56): warning C4267: 'initializing': conversion from 'size_t' to 'int', possible loss of data
D:\Projects\Audio Splitter App\2 - Main Project Splitter\Audio Seperator and Notation Viewer Main Project\NeuralNetwork.cpp(2207,54): warning C4267: 'initializing': conversion from 'size_t' to 'int', possible loss of data
D:\Projects\Audio Splitter App\2 - Main Project Splitter\Audio Seperator and Notation Viewer Main Project\NeuralNetwork.cpp(2209,68): warning C4267: 'argument': conversion from 'size_t' to '_Ty', possible loss of data
          with
          [
              _Ty=int
          ]
D:\Projects\Audio Splitter App\2 - Main Project Splitter\Audio Seperator and Notation Viewer Main Project\NeuralNetwork.cpp(2210,69): warning C4267: 'argument': conversion from 'size_t' to '_Ty', possible loss of data
          with
          [
              _Ty=int
          ]
D:\Projects\Audio Splitter App\2 - Main Project Splitter\Audio Seperator and Notation Viewer Main Project\NeuralNetwork.cpp(2232,89): warning C4267: '=': conversion from 'size_t' to 'int', possible loss of data
D:\Projects\Audio Splitter App\2 - Main Project Splitter\Audio Seperator and Notation Viewer Main Project\NeuralNetwork.cpp(2279,35): warning C4244: 'argument': conversion from 'float' to '_Ty', possible loss of data
          with
          [
              _Ty=int
          ]
D:\Projects\Audio Splitter App\2 - Main Project Splitter\Audio Seperator and Notation Viewer Main Project\NeuralNetwork.cpp(2291,39): warning C4244: 'argument': conversion from 'float' to '_Ty', possible loss of data
          with
          [
              _Ty=int
          ]
D:\Projects\Audio Splitter App\2 - Main Project Splitter\Audio Seperator and Notation Viewer Main Project\NeuralNetwork.cpp(2292,39): warning C4244: 'argument': conversion from 'float' to '_Ty', possible loss of data
          with
          [
              _Ty=int
          ]
D:\Projects\Audio Splitter App\2 - Main Project Splitter\Audio Seperator and Notation Viewer Main Project\NeuralNetwork.cpp(2308,44): warning C4267: 'initializing': conversion from 'size_t' to 'int', possible loss of data
D:\Projects\Audio Splitter App\2 - Main Project Splitter\Audio Seperator and Notation Viewer Main Project\NeuralNetwork.cpp(2339,40): warning C4267: 'initializing': conversion from 'size_t' to 'int', possible loss of data
D:\Projects\Audio Splitter App\2 - Main Project Splitter\Audio Seperator and Notation Viewer Main Project\NeuralNetwork.cpp(2343,34): warning C4244: 'initializing': conversion from 'double' to 'int', possible loss of data
D:\Projects\Audio Splitter App\2 - Main Project Splitter\Audio Seperator and Notation Viewer Main Project\NeuralNetwork.cpp(2345,29): warning C4244: 'initializing': conversion from 'float' to 'int', possible loss of data
D:\Projects\Audio Splitter App\2 - Main Project Splitter\Audio Seperator and Notation Viewer Main Project\NeuralNetwork.cpp(2358,34): warning C4244: 'initializing': conversion from 'double' to 'int', possible loss of data
D:\Projects\Audio Splitter App\2 - Main Project Splitter\Audio Seperator and Notation Viewer Main Project\NeuralNetwork.cpp(2360,29): warning C4244: 'initializing': conversion from 'float' to 'int', possible loss of data
D:\Projects\Audio Splitter App\2 - Main Project Splitter\Audio Seperator and Notation Viewer Main Project\NeuralNetwork.cpp(2373,39): warning C4267: 'initializing': conversion from 'size_t' to 'int', possible loss of data
  splitter.cpp
D:\Projects\Audio Splitter App\2 - Main Project Splitter\Audio Seperator and Notation Viewer Main Project\Headers\NeuralNetwork.h(133): warning C4091: 'static ': ignored on left of 'NeuralNetwork::randomMethodConfig' when no variable is declared
D:\Projects\Audio Splitter App\2 - Main Project Splitter\Audio Seperator and Notation Viewer Main Project\Headers\NeuralNetwork.h(177): warning C4091: 'static ': ignored on left of 'NeuralNetwork::Node' when no variable is declared
D:\Projects\Audio Splitter App\2 - Main Project Splitter\Audio Seperator and Notation Viewer Main Project\Headers\NeuralNetwork.h(194): warning C4091: 'static ': ignored on left of 'NeuralNetwork::Bias' when no variable is declared
D:\Projects\Audio Splitter App\2 - Main Project Splitter\Audio Seperator and Notation Viewer Main Project\splitter.cpp(93,32): warning C4267: 'initializing': conversion from 'size_t' to 'int', possible loss of data
  Generating Code...
D:\Projects\Audio Splitter App\2 - Main Project Splitter\Audio Seperator and Notation Viewer Main Project\NeuralNetwork.cpp(1150): warning C4715: 'NeuralNetwork::chooseParent': not all control paths return a value
D:\Projects\Audio Splitter App\2 - Main Project Splitter\Audio Seperator and Notation Viewer Main Project\KNearestNeighbors.cpp(156): warning C4715: 'kNearestNeighbors': not all control paths return a value
D:\Projects\Audio Splitter App\2 - Main Project Splitter\Audio Seperator and Notation Viewer Main Project\audio.cpp(45): warning C4715: 'loadAudioSamples': not all control paths return a value
  Audio Seperator and Notation Viewer Main Project.vcxproj -> D:\Projects\Audio Splitter App\2 - Main Project Splitter\x64\Debug\Audio Seperator and Notation Viewer Main Project.exe
