  NeuralNetwork.cpp
D:\Projects\Audio Splitter App\3 - C++\Initial NeuralNetwork Library in Solution\Initial NeuralNetwork Library in Solution\NeuralNetwork.cpp(93,27): warning C4267: 'initializing': conversion from 'size_t' to 'int', possible loss of data
D:\Projects\Audio Splitter App\3 - C++\Initial NeuralNetwork Library in Solution\Initial NeuralNetwork Library in Solution\NeuralNetwork.cpp(113,31): warning C4267: 'initializing': conversion from 'size_t' to 'int', possible loss of data
D:\Projects\Audio Splitter App\3 - C++\Initial NeuralNetwork Library in Solution\Initial NeuralNetwork Library in Solution\NeuralNetwork.cpp(153,31): warning C4267: '=': conversion from 'size_t' to 'int', possible loss of data
D:\Projects\Audio Splitter App\3 - C++\Initial NeuralNetwork Library in Solution\Initial NeuralNetwork Library in Solution\NeuralNetwork.cpp(173,52): warning C4267: 'initializing': conversion from 'size_t' to 'int', possible loss of data
D:\Projects\Audio Splitter App\3 - C++\Initial NeuralNetwork Library in Solution\Initial NeuralNetwork Library in Solution\NeuralNetwork.cpp(178,53): warning C4267: 'initializing': conversion from 'size_t' to 'int', possible loss of data
D:\Projects\Audio Splitter App\3 - C++\Initial NeuralNetwork Library in Solution\Initial NeuralNetwork Library in Solution\NeuralNetwork.cpp(186,52): warning C4267: 'initializing': conversion from 'size_t' to 'int', possible loss of data
D:\Projects\Audio Splitter App\3 - C++\Initial NeuralNetwork Library in Solution\Initial NeuralNetwork Library in Solution\NeuralNetwork.cpp(187,53): warning C4267: 'initializing': conversion from 'size_t' to 'int', possible loss of data
D:\Projects\Audio Splitter App\3 - C++\Initial NeuralNetwork Library in Solution\Initial NeuralNetwork Library in Solution\NeuralNetwork.cpp(196,53): warning C4267: 'initializing': conversion from 'size_t' to 'int', possible loss of data
D:\Projects\Audio Splitter App\3 - C++\Initial NeuralNetwork Library in Solution\Initial NeuralNetwork Library in Solution\NeuralNetwork.cpp(209,47): warning C4267: 'initializing': conversion from 'size_t' to 'int', possible loss of data
D:\Projects\Audio Splitter App\3 - C++\Initial NeuralNetwork Library in Solution\Initial NeuralNetwork Library in Solution\NeuralNetwork.cpp(215,50): warning C4267: 'initializing': conversion from 'size_t' to 'int', possible loss of data
D:\Projects\Audio Splitter App\3 - C++\Initial NeuralNetwork Library in Solution\Initial NeuralNetwork Library in Solution\NeuralNetwork.cpp(224,68): warning C4267: 'initializing': conversion from 'size_t' to 'int', possible loss of data
D:\Projects\Audio Splitter App\3 - C++\Initial NeuralNetwork Library in Solution\Initial NeuralNetwork Library in Solution\NeuralNetwork.cpp(231,50): warning C4267: 'initializing': conversion from 'size_t' to 'int', possible loss of data
D:\Projects\Audio Splitter App\3 - C++\Initial NeuralNetwork Library in Solution\Initial NeuralNetwork Library in Solution\NeuralNetwork.cpp(233,69): warning C4267: 'initializing': conversion from 'size_t' to 'int', possible loss of data
D:\Projects\Audio Splitter App\3 - C++\Initial NeuralNetwork Library in Solution\Initial NeuralNetwork Library in Solution\NeuralNetwork.cpp(246,58): warning C4267: 'initializing': conversion from 'size_t' to 'int', possible loss of data
D:\Projects\Audio Splitter App\3 - C++\Initial NeuralNetwork Library in Solution\Initial NeuralNetwork Library in Solution\NeuralNetwork.cpp(256,60): warning C4267: 'initializing': conversion from 'size_t' to 'int', possible loss of data
D:\Projects\Audio Splitter App\3 - C++\Initial NeuralNetwork Library in Solution\Initial NeuralNetwork Library in Solution\NeuralNetwork.cpp(262,53): warning C4267: 'initializing': conversion from 'size_t' to 'int', possible loss of data
D:\Projects\Audio Splitter App\3 - C++\Initial NeuralNetwork Library in Solution\Initial NeuralNetwork Library in Solution\NeuralNetwork.cpp(265,68): warning C4267: 'initializing': conversion from 'size_t' to 'int', possible loss of data
D:\Projects\Audio Splitter App\3 - C++\Initial NeuralNetwork Library in Solution\Initial NeuralNetwork Library in Solution\NeuralNetwork.cpp(282,45): warning C4267: 'initializing': conversion from 'size_t' to 'int', possible loss of data
D:\Projects\Audio Splitter App\3 - C++\Initial NeuralNetwork Library in Solution\Initial NeuralNetwork Library in Solution\NeuralNetwork.cpp(285,65): warning C4267: 'initializing': conversion from 'size_t' to 'int', possible loss of data
D:\Projects\Audio Splitter App\3 - C++\Initial NeuralNetwork Library in Solution\Initial NeuralNetwork Library in Solution\NeuralNetwork.cpp(296,46): warning C4267: 'initializing': conversion from 'size_t' to 'int', possible loss of data
D:\Projects\Audio Splitter App\3 - C++\Initial NeuralNetwork Library in Solution\Initial NeuralNetwork Library in Solution\NeuralNetwork.cpp(298,69): warning C4267: 'initializing': conversion from 'size_t' to 'int', possible loss of data
D:\Projects\Audio Splitter App\3 - C++\Initial NeuralNetwork Library in Solution\Initial NeuralNetwork Library in Solution\NeuralNetwork.cpp(313,45): warning C4267: 'initializing': conversion from 'size_t' to 'int', possible loss of data
D:\Projects\Audio Splitter App\3 - C++\Initial NeuralNetwork Library in Solution\Initial NeuralNetwork Library in Solution\NeuralNetwork.cpp(323,44): warning C4267: 'initializing': conversion from 'size_t' to 'int', possible loss of data
D:\Projects\Audio Splitter App\3 - C++\Initial NeuralNetwork Library in Solution\Initial NeuralNetwork Library in Solution\NeuralNetwork.cpp(324,45): warning C4267: 'initializing': conversion from 'size_t' to 'int', possible loss of data
D:\Projects\Audio Splitter App\3 - C++\Initial NeuralNetwork Library in Solution\Initial NeuralNetwork Library in Solution\NeuralNetwork.cpp(351,30): warning C4267: 'initializing': conversion from 'size_t' to 'int', possible loss of data
D:\Projects\Audio Splitter App\3 - C++\Initial NeuralNetwork Library in Solution\Initial NeuralNetwork Library in Solution\NeuralNetwork.cpp(363,52): warning C4267: 'initializing': conversion from 'size_t' to 'int', possible loss of data
D:\Projects\Audio Splitter App\3 - C++\Initial NeuralNetwork Library in Solution\Initial NeuralNetwork Library in Solution\NeuralNetwork.cpp(366,72): warning C4267: 'initializing': conversion from 'size_t' to 'int', possible loss of data
D:\Projects\Audio Splitter App\3 - C++\Initial NeuralNetwork Library in Solution\Initial NeuralNetwork Library in Solution\NeuralNetwork.cpp(375,53): warning C4267: 'initializing': conversion from 'size_t' to 'int', possible loss of data
D:\Projects\Audio Splitter App\3 - C++\Initial NeuralNetwork Library in Solution\Initial NeuralNetwork Library in Solution\NeuralNetwork.cpp(378,73): warning C4267: 'initializing': conversion from 'size_t' to 'int', possible loss of data
D:\Projects\Audio Splitter App\3 - C++\Initial NeuralNetwork Library in Solution\Initial NeuralNetwork Library in Solution\NeuralNetwork.cpp(402,80): warning C4267: '+=': conversion from 'size_t' to 'int', possible loss of data
D:\Projects\Audio Splitter App\3 - C++\Initial NeuralNetwork Library in Solution\Initial NeuralNetwork Library in Solution\NeuralNetwork.cpp(407,81): warning C4267: '+=': conversion from 'size_t' to 'int', possible loss of data
  Generating code
  2 of 592 functions ( 0.3%) were compiled, the rest were copied from previous compilation.
    0 functions were new in current compilation
    12 functions had inline decision re-evaluated but remain unchanged
  Finished generating code
  Initial NeuralNetwork Library in Solution.vcxproj -> D:\Projects\Audio Splitter App\3 - C++\Initial NeuralNetwork Library in Solution\x64\Release\Initial NeuralNetwork Library in Solution.exe
