  audio.cpp
D:\Projects\Audio Splitter App\Final Project\Final Project\Headers\minimp3_ex.h(405,60): warning C4244: '+=': conversion from 'uint64_t' to 'size_t', possible loss of data
D:\Projects\Audio Splitter App\Final Project\Final Project\Headers\minimp3_ex.h(485,25): warning C4244: '=': conversion from 'uint64_t' to 'size_t', possible loss of data
D:\Projects\Audio Splitter App\Final Project\Final Project\Headers\minimp3_ex.h(755,95): warning C4244: 'argument': conversion from 'uint64_t' to 'size_t', possible loss of data
D:\Projects\Audio Splitter App\Final Project\Final Project\Headers\minimp3_ex.h(821,29): warning C4244: '=': conversion from 'uint64_t' to 'int', possible loss of data
D:\Projects\Audio Splitter App\Final Project\Final Project\Headers\minimp3_ex.h(901,76): warning C4244: 'argument': conversion from 'uint64_t' to 'int', possible loss of data
D:\Projects\Audio Splitter App\Final Project\Final Project\Headers\minimp3_ex.h(939,49): warning C4244: '=': conversion from 'uint64_t' to 'size_t', possible loss of data
D:\Projects\Audio Splitter App\Final Project\Final Project\Headers\minimp3_ex.h(1176,23): warning C4244: '=': conversion from 'LONGLONG' to 'size_t', possible loss of data
D:\Projects\Audio Splitter App\Final Project\Final Project\Headers\minimp3_ex.h(1181,85): warning C4244: 'argument': conversion from 'LONGLONG' to 'SIZE_T', possible loss of data
D:\Projects\Audio Splitter App\Final Project\Final Project\Headers\NeuralNetwork.h(133): warning C4091: 'static ': ignored on left of 'NeuralNetwork::randomMethodConfig' when no variable is declared
D:\Projects\Audio Splitter App\Final Project\Final Project\Headers\NeuralNetwork.h(177): warning C4091: 'static ': ignored on left of 'NeuralNetwork::Node' when no variable is declared
D:\Projects\Audio Splitter App\Final Project\Final Project\Headers\NeuralNetwork.h(194): warning C4091: 'static ': ignored on left of 'NeuralNetwork::Bias' when no variable is declared
D:\Projects\Audio Splitter App\Final Project\Final Project\audio.cpp(110,41): warning C4244: 'argument': conversion from 'double' to 'float', possible loss of data
D:\Projects\Audio Splitter App\Final Project\Final Project\audio.cpp(277,26): warning C4244: 'initializing': conversion from 'double' to 'int16_t', possible loss of data
D:\Projects\Audio Splitter App\Final Project\Final Project\audio.cpp(297,20): warning C4018: '<': signed/unsigned mismatch
D:\Projects\Audio Splitter App\Final Project\Final Project\audio.cpp(298,21): warning C4018: '<': signed/unsigned mismatch
D:\Projects\Audio Splitter App\Final Project\Final Project\audio.cpp(320,20): warning C4018: '<': signed/unsigned mismatch
D:\Projects\Audio Splitter App\Final Project\Final Project\audio.cpp(329,20): warning C4018: '<': signed/unsigned mismatch
D:\Projects\Audio Splitter App\Final Project\Final Project\audio.cpp(330,57): warning C4244: '=': conversion from 'double' to '_Ty', possible loss of data
          with
          [
              _Ty=int16_t
          ]
LINK : warning LNK4098: defaultlib 'LIBCMT' conflicts with use of other libs; use /NODEFAULTLIB:library
  Generating code
  2 of 2717 functions (<0.1%) were compiled, the rest were copied from previous compilation.
    0 functions were new in current compilation
    10 functions had inline decision re-evaluated but remain unchanged
  Finished generating code
glew32s.lib(glew.obj) : warning LNK4099: PDB 'vc120.pdb' was not found with 'glew32s.lib(glew.obj)' or at 'D:\Projects\Audio Splitter App\Final Project\Release\vc120.pdb'; linking object as if no debug info
  Final Project.vcxproj -> D:\Projects\Audio Splitter App\Final Project\Release\Final Project.exe
